------------------------------------------------------------------------------------------------------------------------

[2025-10-07 00:49:24 #1 store] 
Database 'C:\Users\mikel\OneDrive\Escritorio\UNI\Asignaturas Tercero\Primer Cuatri\IS2\Proyecto Rides24\Rides24_IT3.zip_expanded\Rides24\src\main\resources\rides.temp' has been recovered (tr. 131-175)

[2025-10-07 00:49:24 #2 store] 
Database 'C:\Users\mikel\OneDrive\Escritorio\UNI\Asignaturas Tercero\Primer Cuatri\IS2\Proyecto Rides24\Rides24_IT3.zip_expanded\Rides24\src\main\resources\rides.temp' is opened by 23512@MSI-M1K3L

[2025-10-07 00:49:24 #3 type] 
Type domain.Driver is not enhanced.

[2025-10-07 00:49:24 #4 type] 
Type domain.Booking is not enhanced.

[2025-10-07 00:49:24 #5 type] 
Type domain.Ride is not enhanced.

[2025-10-07 00:49:24 #6 type] 
Type domain.Stop is not enhanced.

[2025-10-07 00:49:24 #7 type] 
Type domain.User is not enhanced.

------------------------------------------------------------------------------------------------------------------------

[2025-10-07 00:59:54 #1 store] 
Database 'C:\Users\mikel\OneDrive\Escritorio\UNI\Asignaturas Tercero\Primer Cuatri\IS2\Proyecto Rides24\Rides24_IT3.zip_expanded\Rides24\src\main\resources\rides.temp' has been recovered (tr. 176-220)

[2025-10-07 00:59:54 #2 store] 
Database 'C:\Users\mikel\OneDrive\Escritorio\UNI\Asignaturas Tercero\Primer Cuatri\IS2\Proyecto Rides24\Rides24_IT3.zip_expanded\Rides24\src\main\resources\rides.temp' is opened by 25680@MSI-M1K3L

[2025-10-07 00:59:54 #3 type] 
Type domain.Driver is not enhanced.

[2025-10-07 00:59:54 #4 type] 
Type domain.Booking is not enhanced.

[2025-10-07 00:59:54 #5 type] 
Type domain.Ride is not enhanced.

[2025-10-07 00:59:54 #6 type] 
Type domain.Stop is not enhanced.

[2025-10-07 00:59:54 #7 type] 
Type domain.User is not enhanced.

------------------------------------------------------------------------------------------------------------------------

[2025-10-07 01:03:04 #1 store] 
Database 'C:\Users\mikel\OneDrive\Escritorio\UNI\Asignaturas Tercero\Primer Cuatri\IS2\Proyecto Rides24\Rides24_IT3.zip_expanded\Rides24\src\main\resources\rides.temp' has been recovered (tr. 221-265)

[2025-10-07 01:03:04 #2 store] 
Database 'C:\Users\mikel\OneDrive\Escritorio\UNI\Asignaturas Tercero\Primer Cuatri\IS2\Proyecto Rides24\Rides24_IT3.zip_expanded\Rides24\src\main\resources\rides.temp' is opened by 10212@MSI-M1K3L

[2025-10-07 01:03:04 #3 type] 
Type domain.Driver is not enhanced.

[2025-10-07 01:03:04 #4 type] 
Type domain.Booking is not enhanced.

[2025-10-07 01:03:04 #5 type] 
Type domain.Ride is not enhanced.

[2025-10-07 01:03:04 #6 type] 
Type domain.Stop is not enhanced.

[2025-10-07 01:03:04 #7 type] 
Type domain.User is not enhanced.

------------------------------------------------------------------------------------------------------------------------

[2025-10-07 01:05:39 #1 store] 
Database 'C:\Users\mikel\OneDrive\Escritorio\UNI\Asignaturas Tercero\Primer Cuatri\IS2\Proyecto Rides24\Rides24_IT3.zip_expanded\Rides24\src\main\resources\rides.temp' has been recovered (tr. 266-285)

[2025-10-07 01:05:39 #2 store] 
Database 'C:\Users\mikel\OneDrive\Escritorio\UNI\Asignaturas Tercero\Primer Cuatri\IS2\Proyecto Rides24\Rides24_IT3.zip_expanded\Rides24\src\main\resources\rides.temp' is opened by 16640@MSI-M1K3L

[2025-10-07 01:05:39 #3 type] 
Type domain.Driver is not enhanced.

[2025-10-07 01:05:39 #4 type] 
Type domain.Booking is not enhanced.

[2025-10-07 01:05:39 #5 type] 
Type domain.Ride is not enhanced.

[2025-10-07 01:05:39 #6 type] 
Type domain.Stop is not enhanced.

[2025-10-07 01:05:39 #7 type] 
Type domain.User is not enhanced.

------------------------------------------------------------------------------------------------------------------------

[2025-10-07 01:05:42 #1 store] 
Database 'C:\Users\mikel\OneDrive\Escritorio\UNI\Asignaturas Tercero\Primer Cuatri\IS2\Proyecto Rides24\Rides24_IT3.zip_expanded\Rides24\src\main\resources\rides.temp' has been recovered (tr. 286-289)

[2025-10-07 01:05:42 #2 store] 
Database 'C:\Users\mikel\OneDrive\Escritorio\UNI\Asignaturas Tercero\Primer Cuatri\IS2\Proyecto Rides24\Rides24_IT3.zip_expanded\Rides24\src\main\resources\rides.temp' is opened by 17240@MSI-M1K3L

[2025-10-07 01:05:42 #3 type] 
Type domain.Driver is not enhanced.

[2025-10-07 01:05:42 #4 type] 
Type domain.Booking is not enhanced.

[2025-10-07 01:05:42 #5 type] 
Type domain.Ride is not enhanced.

[2025-10-07 01:05:42 #6 type] 
Type domain.Stop is not enhanced.

[2025-10-07 01:05:42 #7 type] 
Type domain.User is not enhanced.

------------------------------------------------------------------------------------------------------------------------

[2025-10-07 01:05:48 #1 store] 
Database 'C:\Users\mikel\OneDrive\Escritorio\UNI\Asignaturas Tercero\Primer Cuatri\IS2\Proyecto Rides24\Rides24_IT3.zip_expanded\Rides24\src\main\resources\rides.temp' has been recovered (tr. 290-321)

[2025-10-07 01:05:48 #2 store] 
Database 'C:\Users\mikel\OneDrive\Escritorio\UNI\Asignaturas Tercero\Primer Cuatri\IS2\Proyecto Rides24\Rides24_IT3.zip_expanded\Rides24\src\main\resources\rides.temp' is opened by 1628@MSI-M1K3L

[2025-10-07 01:05:48 #3 type] 
Type domain.Driver is not enhanced.

[2025-10-07 01:05:48 #4 type] 
Type domain.Booking is not enhanced.

[2025-10-07 01:05:48 #5 type] 
Type domain.Ride is not enhanced.

[2025-10-07 01:05:48 #6 type] 
Type domain.Stop is not enhanced.

[2025-10-07 01:05:48 #7 type] 
Type domain.User is not enhanced.

------------------------------------------------------------------------------------------------------------------------

[2025-10-07 01:06:59 #1 store] 
Database 'C:\Users\mikel\OneDrive\Escritorio\UNI\Asignaturas Tercero\Primer Cuatri\IS2\Proyecto Rides24\Rides24_IT3.zip_expanded\Rides24\src\main\resources\rides.temp' has been recovered (tr. 322-353)

[2025-10-07 01:06:59 #2 store] 
Database 'C:\Users\mikel\OneDrive\Escritorio\UNI\Asignaturas Tercero\Primer Cuatri\IS2\Proyecto Rides24\Rides24_IT3.zip_expanded\Rides24\src\main\resources\rides.temp' is opened by 20280@MSI-M1K3L

[2025-10-07 01:06:59 #3 type] 
Type domain.Driver is not enhanced.

[2025-10-07 01:06:59 #4 type] 
Type domain.Booking is not enhanced.

[2025-10-07 01:06:59 #5 type] 
Type domain.Ride is not enhanced.

[2025-10-07 01:06:59 #6 type] 
Type domain.Stop is not enhanced.

[2025-10-07 01:06:59 #7 type] 
Type domain.User is not enhanced.

------------------------------------------------------------------------------------------------------------------------

[2025-10-07 01:07:09 #1 store] 
Database 'C:\Users\mikel\OneDrive\Escritorio\UNI\Asignaturas Tercero\Primer Cuatri\IS2\Proyecto Rides24\Rides24_IT3.zip_expanded\Rides24\src\main\resources\rides.temp' has been recovered (tr. 354-385)

[2025-10-07 01:07:09 #2 store] 
Database 'C:\Users\mikel\OneDrive\Escritorio\UNI\Asignaturas Tercero\Primer Cuatri\IS2\Proyecto Rides24\Rides24_IT3.zip_expanded\Rides24\src\main\resources\rides.temp' is opened by 2384@MSI-M1K3L

[2025-10-07 01:07:09 #3 type] 
Type domain.Driver is not enhanced.

[2025-10-07 01:07:09 #4 type] 
Type domain.Booking is not enhanced.

[2025-10-07 01:07:09 #5 type] 
Type domain.Ride is not enhanced.

[2025-10-07 01:07:09 #6 type] 
Type domain.Stop is not enhanced.

[2025-10-07 01:07:09 #7 type] 
Type domain.User is not enhanced.

------------------------------------------------------------------------------------------------------------------------

[2025-10-07 01:07:49 #1 store] 
Database 'C:\Users\mikel\OneDrive\Escritorio\UNI\Asignaturas Tercero\Primer Cuatri\IS2\Proyecto Rides24\Rides24_IT3.zip_expanded\Rides24\src\main\resources\rides.temp' has been recovered (tr. 386-417)

[2025-10-07 01:07:49 #2 store] 
Database 'C:\Users\mikel\OneDrive\Escritorio\UNI\Asignaturas Tercero\Primer Cuatri\IS2\Proyecto Rides24\Rides24_IT3.zip_expanded\Rides24\src\main\resources\rides.temp' is opened by 12144@MSI-M1K3L

[2025-10-07 01:07:49 #3 type] 
Type domain.Driver is not enhanced.

[2025-10-07 01:07:49 #4 type] 
Type domain.Booking is not enhanced.

[2025-10-07 01:07:49 #5 type] 
Type domain.Ride is not enhanced.

[2025-10-07 01:07:49 #6 type] 
Type domain.Stop is not enhanced.

[2025-10-07 01:07:49 #7 type] 
Type domain.User is not enhanced.

------------------------------------------------------------------------------------------------------------------------

[2025-10-07 01:11:50 #1 store] 
Database 'C:\Users\mikel\OneDrive\Escritorio\UNI\Asignaturas Tercero\Primer Cuatri\IS2\Proyecto Rides24\Rides24_IT3.zip_expanded\Rides24\src\main\resources\rides.temp' has been recovered (tr. 418-449)

[2025-10-07 01:11:50 #2 store] 
Database 'C:\Users\mikel\OneDrive\Escritorio\UNI\Asignaturas Tercero\Primer Cuatri\IS2\Proyecto Rides24\Rides24_IT3.zip_expanded\Rides24\src\main\resources\rides.temp' is opened by 24880@MSI-M1K3L

[2025-10-07 01:11:50 #3 type] 
Type domain.Driver is not enhanced.

[2025-10-07 01:11:50 #4 type] 
Type domain.Booking is not enhanced.

[2025-10-07 01:11:50 #5 type] 
Type domain.Ride is not enhanced.

[2025-10-07 01:11:50 #6 type] 
Type domain.Stop is not enhanced.

[2025-10-07 01:11:50 #7 type] 
Type domain.User is not enhanced.

