------------------------------------------------------------------------------------------------------------------------

[2025-10-06 00:42:36 #1 store] 
Database 'C:\Users\mikel\OneDrive\Escritorio\UNI\Asignaturas Tercero\Primer Cuatri\IS2\Proyecto Rides24\Rides24_IT3.zip_expanded\Rides24\src\main\resources\rides.temp' is opened by 19176@MSI-M1K3L

[2025-10-06 00:42:37 #2 type.registry] 
New type domain.Driver

[2025-10-06 00:42:37 #3 type] 
Type domain.Driver is not enhanced.

[2025-10-06 00:42:37 #4 type.registry] 
New type domain.Booking

[2025-10-06 00:42:37 #5 type.registry] 
New type domain.Ride

[2025-10-06 00:42:37 #6 type] 
Type domain.Booking is not enhanced.

[2025-10-06 00:42:37 #7 type.registry] 
New type domain.Stop

[2025-10-06 00:42:37 #8 type.registry] 
New type domain.User

[2025-10-06 00:42:37 #9 type] 
Type domain.Ride is not enhanced.

[2025-10-06 00:42:37 #10 type] 
Type domain.Stop is not enhanced.

[2025-10-06 00:42:37 #11 type] 
Type domain.User is not enhanced.

[2025-10-06 00:42:37 #12 type.registry] 
New type java.util.Vector<java.lang.Object>

[2025-10-06 00:42:37 #13 type.registry] 
New type java.util.Vector<domain.Ride>

[2025-10-06 00:42:37 #14 type.registry] 
New type java.util.Vector<domain.Booking>

[2025-10-06 00:42:37 #15 type.registry] 
New type java.util.Vector<domain.Stop>

------------------------------------------------------------------------------------------------------------------------

[2025-10-06 00:44:56 #1 store] 
Database 'C:\Users\mikel\OneDrive\Escritorio\UNI\Asignaturas Tercero\Primer Cuatri\IS2\Proyecto Rides24\Rides24_IT3.zip_expanded\Rides24\src\main\resources\rides.temp' is opened by 25244@MSI-M1K3L

[2025-10-06 00:44:56 #2 type.registry] 
New type domain.Driver

[2025-10-06 00:44:56 #3 type] 
Type domain.Driver is not enhanced.

[2025-10-06 00:44:56 #4 type.registry] 
New type domain.Booking

[2025-10-06 00:44:56 #5 type.registry] 
New type domain.Ride

[2025-10-06 00:44:56 #6 type] 
Type domain.Booking is not enhanced.

[2025-10-06 00:44:56 #7 type.registry] 
New type domain.Stop

[2025-10-06 00:44:56 #8 type.registry] 
New type domain.User

[2025-10-06 00:44:56 #9 type] 
Type domain.Ride is not enhanced.

[2025-10-06 00:44:56 #10 type] 
Type domain.Stop is not enhanced.

[2025-10-06 00:44:56 #11 type] 
Type domain.User is not enhanced.

[2025-10-06 00:44:56 #12 type.registry] 
New type java.util.Vector<java.lang.Object>

[2025-10-06 00:44:56 #13 type.registry] 
New type java.util.Vector<domain.Ride>

[2025-10-06 00:44:56 #14 type.registry] 
New type java.util.Vector<domain.Booking>

[2025-10-06 00:44:56 #15 type.registry] 
New type java.util.Vector<domain.Stop>

------------------------------------------------------------------------------------------------------------------------

[2025-10-06 00:54:25 #1 store] 
Database 'C:\Users\mikel\OneDrive\Escritorio\UNI\Asignaturas Tercero\Primer Cuatri\IS2\Proyecto Rides24\Rides24_IT3.zip_expanded\Rides24\src\main\resources\rides.temp' is opened by 15956@MSI-M1K3L

[2025-10-06 00:54:26 #2 type.registry] 
New type domain.Driver

[2025-10-06 00:54:26 #3 type] 
Type domain.Driver is not enhanced.

[2025-10-06 00:54:26 #4 type.registry] 
New type domain.Booking

[2025-10-06 00:54:26 #5 type.registry] 
New type domain.Ride

[2025-10-06 00:54:26 #6 type] 
Type domain.Booking is not enhanced.

[2025-10-06 00:54:26 #7 type.registry] 
New type domain.Stop

[2025-10-06 00:54:26 #8 type.registry] 
New type domain.User

[2025-10-06 00:54:26 #9 type] 
Type domain.Ride is not enhanced.

[2025-10-06 00:54:26 #10 type] 
Type domain.Stop is not enhanced.

[2025-10-06 00:54:26 #11 type] 
Type domain.User is not enhanced.

[2025-10-06 00:54:26 #12 type.registry] 
New type java.util.Vector<java.lang.Object>

[2025-10-06 00:54:26 #13 type.registry] 
New type java.util.Vector<domain.Ride>

[2025-10-06 00:54:26 #14 type.registry] 
New type java.util.Vector<domain.Booking>

[2025-10-06 00:54:26 #15 type.registry] 
New type java.util.Vector<domain.Stop>

------------------------------------------------------------------------------------------------------------------------

[2025-10-06 00:59:53 #1 store] 
Database 'C:\Users\mikel\OneDrive\Escritorio\UNI\Asignaturas Tercero\Primer Cuatri\IS2\Proyecto Rides24\Rides24_IT3.zip_expanded\Rides24\src\main\resources\rides.temp' is opened by 13024@MSI-M1K3L

[2025-10-06 00:59:54 #2 type.registry] 
New type domain.Driver

[2025-10-06 00:59:54 #3 type] 
Type domain.Driver is not enhanced.

[2025-10-06 00:59:54 #4 type.registry] 
New type domain.Booking

[2025-10-06 00:59:54 #5 type.registry] 
New type domain.Ride

[2025-10-06 00:59:54 #6 type] 
Type domain.Booking is not enhanced.

[2025-10-06 00:59:54 #7 type.registry] 
New type domain.Stop

[2025-10-06 00:59:54 #8 type.registry] 
New type domain.User

[2025-10-06 00:59:54 #9 type] 
Type domain.Ride is not enhanced.

[2025-10-06 00:59:54 #10 type] 
Type domain.Stop is not enhanced.

[2025-10-06 00:59:54 #11 type] 
Type domain.User is not enhanced.

[2025-10-06 00:59:54 #12 type.registry] 
New type java.util.Vector<java.lang.Object>

[2025-10-06 00:59:54 #13 type.registry] 
New type java.util.Vector<domain.Ride>

[2025-10-06 00:59:54 #14 type.registry] 
New type java.util.Vector<domain.Booking>

[2025-10-06 00:59:54 #15 type.registry] 
New type java.util.Vector<domain.Stop>

------------------------------------------------------------------------------------------------------------------------

[2025-10-06 01:05:46 #1 store] 
Database 'C:\Users\mikel\OneDrive\Escritorio\UNI\Asignaturas Tercero\Primer Cuatri\IS2\Proyecto Rides24\Rides24_IT3.zip_expanded\Rides24\src\main\resources\rides.temp' is opened by 9608@MSI-M1K3L

[2025-10-06 01:05:47 #2 type.registry] 
New type domain.Driver

[2025-10-06 01:05:47 #3 type] 
Type domain.Driver is not enhanced.

[2025-10-06 01:05:47 #4 type.registry] 
New type domain.Booking

[2025-10-06 01:05:47 #5 type.registry] 
New type domain.Ride

[2025-10-06 01:05:47 #6 type] 
Type domain.Booking is not enhanced.

[2025-10-06 01:05:47 #7 type.registry] 
New type domain.Stop

[2025-10-06 01:05:47 #8 type.registry] 
New type domain.User

[2025-10-06 01:05:47 #9 type] 
Type domain.Ride is not enhanced.

[2025-10-06 01:05:47 #10 type] 
Type domain.Stop is not enhanced.

[2025-10-06 01:05:47 #11 type] 
Type domain.User is not enhanced.

[2025-10-06 01:05:47 #12 type.registry] 
New type java.util.Vector<java.lang.Object>

[2025-10-06 01:05:47 #13 type.registry] 
New type java.util.Vector<domain.Ride>

[2025-10-06 01:05:47 #14 type.registry] 
New type java.util.Vector<domain.Booking>

[2025-10-06 01:05:47 #15 type.registry] 
New type java.util.Vector<domain.Stop>

------------------------------------------------------------------------------------------------------------------------

[2025-10-06 01:09:28 #1 store] 
Database 'C:\Users\mikel\OneDrive\Escritorio\UNI\Asignaturas Tercero\Primer Cuatri\IS2\Proyecto Rides24\Rides24_IT3.zip_expanded\Rides24\src\main\resources\rides.temp' is opened by 15248@MSI-M1K3L

[2025-10-06 01:09:29 #2 type.registry] 
New type domain.Driver

[2025-10-06 01:09:29 #3 type] 
Type domain.Driver is not enhanced.

[2025-10-06 01:09:29 #4 type.registry] 
New type domain.Booking

[2025-10-06 01:09:29 #5 type.registry] 
New type domain.Ride

[2025-10-06 01:09:29 #6 type] 
Type domain.Booking is not enhanced.

[2025-10-06 01:09:29 #7 type.registry] 
New type domain.Stop

[2025-10-06 01:09:29 #8 type.registry] 
New type domain.User

[2025-10-06 01:09:29 #9 type] 
Type domain.Ride is not enhanced.

[2025-10-06 01:09:29 #10 type] 
Type domain.Stop is not enhanced.

[2025-10-06 01:09:29 #11 type] 
Type domain.User is not enhanced.

[2025-10-06 01:09:29 #12 type.registry] 
New type java.util.Vector<java.lang.Object>

[2025-10-06 01:09:29 #13 type.registry] 
New type java.util.Vector<domain.Ride>

[2025-10-06 01:09:29 #14 type.registry] 
New type java.util.Vector<domain.Booking>

[2025-10-06 01:09:29 #15 type.registry] 
New type java.util.Vector<domain.Stop>

------------------------------------------------------------------------------------------------------------------------

[2025-10-06 01:15:03 #1 store] 
Database 'C:\Users\mikel\OneDrive\Escritorio\UNI\Asignaturas Tercero\Primer Cuatri\IS2\Proyecto Rides24\Rides24_IT3.zip_expanded\Rides24\src\main\resources\rides.temp' is opened by 22188@MSI-M1K3L

[2025-10-06 01:15:03 #2 type.registry] 
New type domain.Driver

[2025-10-06 01:15:03 #3 type] 
Type domain.Driver is not enhanced.

[2025-10-06 01:15:03 #4 type.registry] 
New type domain.Booking

[2025-10-06 01:15:03 #5 type.registry] 
New type domain.Ride

[2025-10-06 01:15:03 #6 type] 
Type domain.Booking is not enhanced.

[2025-10-06 01:15:03 #7 type.registry] 
New type domain.Stop

[2025-10-06 01:15:03 #8 type.registry] 
New type domain.User

[2025-10-06 01:15:03 #9 type] 
Type domain.Ride is not enhanced.

[2025-10-06 01:15:03 #10 type] 
Type domain.Stop is not enhanced.

[2025-10-06 01:15:03 #11 type] 
Type domain.User is not enhanced.

[2025-10-06 01:15:03 #12 type.registry] 
New type java.util.Vector<java.lang.Object>

[2025-10-06 01:15:03 #13 type.registry] 
New type java.util.Vector<domain.Ride>

[2025-10-06 01:15:03 #14 type.registry] 
New type java.util.Vector<domain.Booking>

[2025-10-06 01:15:03 #15 type.registry] 
New type java.util.Vector<domain.Stop>

------------------------------------------------------------------------------------------------------------------------

[2025-10-06 01:15:12 #1 store] 
Database 'C:\Users\mikel\OneDrive\Escritorio\UNI\Asignaturas Tercero\Primer Cuatri\IS2\Proyecto Rides24\Rides24_IT3.zip_expanded\Rides24\src\main\resources\rides.temp' is opened by 14824@MSI-M1K3L

[2025-10-06 01:15:12 #2 type.registry] 
New type domain.Driver

[2025-10-06 01:15:12 #3 type] 
Type domain.Driver is not enhanced.

[2025-10-06 01:15:12 #4 type.registry] 
New type domain.Booking

[2025-10-06 01:15:12 #5 type.registry] 
New type domain.Ride

[2025-10-06 01:15:12 #6 type] 
Type domain.Booking is not enhanced.

[2025-10-06 01:15:12 #7 type.registry] 
New type domain.Stop

[2025-10-06 01:15:12 #8 type.registry] 
New type domain.User

[2025-10-06 01:15:12 #9 type] 
Type domain.Ride is not enhanced.

[2025-10-06 01:15:12 #10 type] 
Type domain.Stop is not enhanced.

[2025-10-06 01:15:12 #11 type] 
Type domain.User is not enhanced.

[2025-10-06 01:15:12 #12 type.registry] 
New type java.util.Vector<java.lang.Object>

[2025-10-06 01:15:12 #13 type.registry] 
New type java.util.Vector<domain.Ride>

[2025-10-06 01:15:12 #14 type.registry] 
New type java.util.Vector<domain.Booking>

[2025-10-06 01:15:12 #15 type.registry] 
New type java.util.Vector<domain.Stop>

------------------------------------------------------------------------------------------------------------------------

[2025-10-06 01:18:33 #1 store] 
Database 'C:\Users\mikel\OneDrive\Escritorio\UNI\Asignaturas Tercero\Primer Cuatri\IS2\Proyecto Rides24\Rides24_IT3.zip_expanded\Rides24\src\main\resources\rides.temp' is opened by 2972@MSI-M1K3L

[2025-10-06 01:18:33 #2 type.registry] 
New type domain.Driver

[2025-10-06 01:18:33 #3 type] 
Type domain.Driver is not enhanced.

[2025-10-06 01:18:33 #4 type.registry] 
New type domain.Booking

[2025-10-06 01:18:33 #5 type.registry] 
New type domain.Ride

[2025-10-06 01:18:33 #6 type] 
Type domain.Booking is not enhanced.

[2025-10-06 01:18:33 #7 type.registry] 
New type domain.Stop

[2025-10-06 01:18:33 #8 type.registry] 
New type domain.User

[2025-10-06 01:18:33 #9 type] 
Type domain.Ride is not enhanced.

[2025-10-06 01:18:33 #10 type] 
Type domain.Stop is not enhanced.

[2025-10-06 01:18:33 #11 type] 
Type domain.User is not enhanced.

[2025-10-06 01:18:33 #12 type.registry] 
New type java.util.Vector<java.lang.Object>

[2025-10-06 01:18:33 #13 type.registry] 
New type java.util.Vector<domain.Ride>

[2025-10-06 01:18:33 #14 type.registry] 
New type java.util.Vector<domain.Booking>

[2025-10-06 01:18:33 #15 type.registry] 
New type java.util.Vector<domain.Stop>

------------------------------------------------------------------------------------------------------------------------

[2025-10-06 01:18:46 #1 store] 
Database 'C:\Users\mikel\OneDrive\Escritorio\UNI\Asignaturas Tercero\Primer Cuatri\IS2\Proyecto Rides24\Rides24_IT3.zip_expanded\Rides24\src\main\resources\rides.temp' is opened by 13304@MSI-M1K3L

[2025-10-06 01:18:46 #2 type.registry] 
New type domain.Driver

[2025-10-06 01:18:46 #3 type] 
Type domain.Driver is not enhanced.

[2025-10-06 01:18:46 #4 type.registry] 
New type domain.Booking

[2025-10-06 01:18:46 #5 type.registry] 
New type domain.Ride

[2025-10-06 01:18:46 #6 type] 
Type domain.Booking is not enhanced.

[2025-10-06 01:18:46 #7 type.registry] 
New type domain.Stop

[2025-10-06 01:18:46 #8 type.registry] 
New type domain.User

[2025-10-06 01:18:46 #9 type] 
Type domain.Ride is not enhanced.

[2025-10-06 01:18:46 #10 type] 
Type domain.Stop is not enhanced.

[2025-10-06 01:18:46 #11 type] 
Type domain.User is not enhanced.

[2025-10-06 01:18:46 #12 type.registry] 
New type java.util.Vector<java.lang.Object>

[2025-10-06 01:18:46 #13 type.registry] 
New type java.util.Vector<domain.Ride>

[2025-10-06 01:18:46 #14 type.registry] 
New type java.util.Vector<domain.Booking>

[2025-10-06 01:18:46 #15 type.registry] 
New type java.util.Vector<domain.Stop>

------------------------------------------------------------------------------------------------------------------------

[2025-10-06 01:22:29 #1 store] 
Database 'C:\Users\mikel\OneDrive\Escritorio\UNI\Asignaturas Tercero\Primer Cuatri\IS2\Proyecto Rides24\Rides24_IT3.zip_expanded\Rides24\src\main\resources\rides.temp' is opened by 4816@MSI-M1K3L

[2025-10-06 01:22:29 #2 type.registry] 
New type domain.Driver

[2025-10-06 01:22:29 #3 type] 
Type domain.Driver is not enhanced.

[2025-10-06 01:22:29 #4 type.registry] 
New type domain.Booking

[2025-10-06 01:22:29 #5 type.registry] 
New type domain.Ride

[2025-10-06 01:22:29 #6 type] 
Type domain.Booking is not enhanced.

[2025-10-06 01:22:29 #7 type.registry] 
New type domain.Stop

[2025-10-06 01:22:29 #8 type.registry] 
New type domain.User

[2025-10-06 01:22:29 #9 type] 
Type domain.Ride is not enhanced.

[2025-10-06 01:22:29 #10 type] 
Type domain.Stop is not enhanced.

[2025-10-06 01:22:29 #11 type] 
Type domain.User is not enhanced.

[2025-10-06 01:22:29 #12 type.registry] 
New type java.util.Vector<java.lang.Object>

[2025-10-06 01:22:29 #13 type.registry] 
New type java.util.Vector<domain.Ride>

[2025-10-06 01:22:29 #14 type.registry] 
New type java.util.Vector<domain.Booking>

[2025-10-06 01:22:29 #15 type.registry] 
New type java.util.Vector<domain.Stop>

------------------------------------------------------------------------------------------------------------------------

[2025-10-06 01:22:58 #1 store] 
Database 'C:\Users\mikel\OneDrive\Escritorio\UNI\Asignaturas Tercero\Primer Cuatri\IS2\Proyecto Rides24\Rides24_IT3.zip_expanded\Rides24\src\main\resources\rides.temp' is opened by 11732@MSI-M1K3L

[2025-10-06 01:22:59 #2 type.registry] 
New type domain.Driver

[2025-10-06 01:22:59 #3 type] 
Type domain.Driver is not enhanced.

[2025-10-06 01:22:59 #4 type.registry] 
New type domain.Booking

[2025-10-06 01:22:59 #5 type.registry] 
New type domain.Ride

[2025-10-06 01:22:59 #6 type] 
Type domain.Booking is not enhanced.

[2025-10-06 01:22:59 #7 type.registry] 
New type domain.Stop

[2025-10-06 01:22:59 #8 type.registry] 
New type domain.User

[2025-10-06 01:22:59 #9 type] 
Type domain.Ride is not enhanced.

[2025-10-06 01:22:59 #10 type] 
Type domain.Stop is not enhanced.

[2025-10-06 01:22:59 #11 type] 
Type domain.User is not enhanced.

[2025-10-06 01:22:59 #12 type.registry] 
New type java.util.Vector<java.lang.Object>

[2025-10-06 01:22:59 #13 type.registry] 
New type java.util.Vector<domain.Ride>

[2025-10-06 01:22:59 #14 type.registry] 
New type java.util.Vector<domain.Booking>

[2025-10-06 01:22:59 #15 type.registry] 
New type java.util.Vector<domain.Stop>

------------------------------------------------------------------------------------------------------------------------

[2025-10-06 01:25:10 #1 store] 
Database 'C:\Users\mikel\OneDrive\Escritorio\UNI\Asignaturas Tercero\Primer Cuatri\IS2\Proyecto Rides24\Rides24_IT3.zip_expanded\Rides24\src\main\resources\rides.temp' is opened by 13784@MSI-M1K3L

[2025-10-06 01:25:10 #2 type.registry] 
New type domain.Driver

[2025-10-06 01:25:10 #3 type] 
Type domain.Driver is not enhanced.

[2025-10-06 01:25:10 #4 type.registry] 
New type domain.Booking

[2025-10-06 01:25:10 #5 type.registry] 
New type domain.Ride

[2025-10-06 01:25:10 #6 type] 
Type domain.Booking is not enhanced.

[2025-10-06 01:25:10 #7 type.registry] 
New type domain.Stop

[2025-10-06 01:25:10 #8 type.registry] 
New type domain.User

[2025-10-06 01:25:10 #9 type] 
Type domain.Ride is not enhanced.

[2025-10-06 01:25:10 #10 type] 
Type domain.Stop is not enhanced.

[2025-10-06 01:25:10 #11 type] 
Type domain.User is not enhanced.

[2025-10-06 01:25:10 #12 type.registry] 
New type java.util.Vector<java.lang.Object>

[2025-10-06 01:25:10 #13 type.registry] 
New type java.util.Vector<domain.Ride>

[2025-10-06 01:25:10 #14 type.registry] 
New type java.util.Vector<domain.Booking>

[2025-10-06 01:25:10 #15 type.registry] 
New type java.util.Vector<domain.Stop>

[2025-10-06 01:25:10 #16 type.registry] 
New type java.util.ArrayList<java.lang.Object>

[2025-10-06 01:25:10 #17 type.registry] 
New type java.util.ArrayList<domain.Stop>

[2025-10-06 01:25:10 #18 type.registry] 
New type com.objectdb.o.LMT

[2025-10-06 01:25:10 #19 type.registry] 
New type com.objectdb.o.VAL

[2025-10-06 01:25:10 #20 type.registry] 
New type com.objectdb.o.RFV

[2025-10-06 01:25:10 #21 type.registry] 
New type java.util.ArrayList<domain.Ride>

[2025-10-06 01:25:10 #22 type.registry] 
New type java.util.ArrayList<domain.Booking>

------------------------------------------------------------------------------------------------------------------------

[2025-10-06 01:25:18 #1 store] 
Database 'C:\Users\mikel\OneDrive\Escritorio\UNI\Asignaturas Tercero\Primer Cuatri\IS2\Proyecto Rides24\Rides24_IT3.zip_expanded\Rides24\src\main\resources\rides.temp' is opened by 8388@MSI-M1K3L

[2025-10-06 01:25:19 #2 type.registry] 
New type domain.Driver

[2025-10-06 01:25:19 #3 type] 
Type domain.Driver is not enhanced.

[2025-10-06 01:25:19 #4 type.registry] 
New type domain.Booking

[2025-10-06 01:25:19 #5 type.registry] 
New type domain.Ride

[2025-10-06 01:25:19 #6 type] 
Type domain.Booking is not enhanced.

[2025-10-06 01:25:19 #7 type.registry] 
New type domain.Stop

[2025-10-06 01:25:19 #8 type.registry] 
New type domain.User

[2025-10-06 01:25:19 #9 type] 
Type domain.Ride is not enhanced.

[2025-10-06 01:25:19 #10 type] 
Type domain.Stop is not enhanced.

[2025-10-06 01:25:19 #11 type] 
Type domain.User is not enhanced.

[2025-10-06 01:25:19 #12 type.registry] 
New type java.util.Vector<java.lang.Object>

[2025-10-06 01:25:19 #13 type.registry] 
New type java.util.Vector<domain.Ride>

[2025-10-06 01:25:19 #14 type.registry] 
New type java.util.Vector<domain.Booking>

[2025-10-06 01:25:19 #15 type.registry] 
New type java.util.Vector<domain.Stop>

[2025-10-06 01:25:19 #16 type.registry] 
New type java.util.ArrayList<java.lang.Object>

[2025-10-06 01:25:19 #17 type.registry] 
New type java.util.ArrayList<domain.Stop>

[2025-10-06 01:25:19 #18 type.registry] 
New type com.objectdb.o.LMT

[2025-10-06 01:25:19 #19 type.registry] 
New type com.objectdb.o.VAL

[2025-10-06 01:25:19 #20 type.registry] 
New type com.objectdb.o.RFV

[2025-10-06 01:25:19 #21 type.registry] 
New type java.util.ArrayList<domain.Ride>

[2025-10-06 01:25:19 #22 type.registry] 
New type java.util.ArrayList<domain.Booking>

------------------------------------------------------------------------------------------------------------------------

[2025-10-06 01:25:44 #1 store] 
Database 'C:\Users\mikel\OneDrive\Escritorio\UNI\Asignaturas Tercero\Primer Cuatri\IS2\Proyecto Rides24\Rides24_IT3.zip_expanded\Rides24\src\main\resources\rides.temp' is opened by 16940@MSI-M1K3L

[2025-10-06 01:25:45 #2 type.registry] 
New type domain.Driver

[2025-10-06 01:25:45 #3 type] 
Type domain.Driver is not enhanced.

[2025-10-06 01:25:45 #4 type.registry] 
New type domain.Booking

[2025-10-06 01:25:45 #5 type.registry] 
New type domain.Ride

[2025-10-06 01:25:45 #6 type] 
Type domain.Booking is not enhanced.

[2025-10-06 01:25:45 #7 type.registry] 
New type domain.Stop

[2025-10-06 01:25:45 #8 type.registry] 
New type domain.User

[2025-10-06 01:25:45 #9 type] 
Type domain.Ride is not enhanced.

[2025-10-06 01:25:45 #10 type] 
Type domain.Stop is not enhanced.

[2025-10-06 01:25:45 #11 type] 
Type domain.User is not enhanced.

[2025-10-06 01:25:45 #12 type.registry] 
New type java.util.Vector<java.lang.Object>

[2025-10-06 01:25:45 #13 type.registry] 
New type java.util.Vector<domain.Ride>

[2025-10-06 01:25:45 #14 type.registry] 
New type java.util.Vector<domain.Booking>

[2025-10-06 01:25:45 #15 type.registry] 
New type java.util.Vector<domain.Stop>

[2025-10-06 01:25:45 #16 type.registry] 
New type java.util.ArrayList<java.lang.Object>

[2025-10-06 01:25:45 #17 type.registry] 
New type java.util.ArrayList<domain.Stop>

[2025-10-06 01:25:45 #18 type.registry] 
New type com.objectdb.o.LMT

[2025-10-06 01:25:45 #19 type.registry] 
New type com.objectdb.o.VAL

[2025-10-06 01:25:45 #20 type.registry] 
New type com.objectdb.o.RFV

[2025-10-06 01:25:45 #21 type.registry] 
New type java.util.ArrayList<domain.Ride>

[2025-10-06 01:25:45 #22 type.registry] 
New type java.util.ArrayList<domain.Booking>

------------------------------------------------------------------------------------------------------------------------

[2025-10-06 01:37:29 #1 store] 
Database 'C:\Users\mikel\OneDrive\Escritorio\UNI\Asignaturas Tercero\Primer Cuatri\IS2\Proyecto Rides24\Rides24_IT3.zip_expanded\Rides24\src\main\resources\rides.temp' is opened by 2912@MSI-M1K3L

[2025-10-06 01:37:29 #2 type.registry] 
New type domain.Driver

[2025-10-06 01:37:29 #3 type] 
Type domain.Driver is not enhanced.

[2025-10-06 01:37:29 #4 type.registry] 
New type domain.Booking

[2025-10-06 01:37:29 #5 type.registry] 
New type domain.Ride

[2025-10-06 01:37:29 #6 type] 
Type domain.Booking is not enhanced.

[2025-10-06 01:37:29 #7 type.registry] 
New type domain.Stop

[2025-10-06 01:37:29 #8 type.registry] 
New type domain.User

[2025-10-06 01:37:29 #9 type] 
Type domain.Ride is not enhanced.

[2025-10-06 01:37:29 #10 type] 
Type domain.Stop is not enhanced.

[2025-10-06 01:37:29 #11 type] 
Type domain.User is not enhanced.

[2025-10-06 01:37:29 #12 type.registry] 
New type java.util.Vector<java.lang.Object>

[2025-10-06 01:37:29 #13 type.registry] 
New type java.util.Vector<domain.Ride>

[2025-10-06 01:37:29 #14 type.registry] 
New type java.util.Vector<domain.Booking>

[2025-10-06 01:37:29 #15 type.registry] 
New type java.util.Vector<domain.Stop>

[2025-10-06 01:37:29 #16 type.registry] 
New type java.util.ArrayList<java.lang.Object>

[2025-10-06 01:37:29 #17 type.registry] 
New type java.util.ArrayList<domain.Stop>

[2025-10-06 01:37:29 #18 type.registry] 
New type com.objectdb.o.LMT

[2025-10-06 01:37:29 #19 type.registry] 
New type com.objectdb.o.VAL

[2025-10-06 01:37:29 #20 type.registry] 
New type com.objectdb.o.RFV

[2025-10-06 01:37:29 #21 type.registry] 
New type java.util.ArrayList<domain.Ride>

[2025-10-06 01:37:29 #22 type.registry] 
New type java.util.ArrayList<domain.Booking>

------------------------------------------------------------------------------------------------------------------------

[2025-10-06 01:39:17 #1 store] 
Database 'C:\Users\mikel\OneDrive\Escritorio\UNI\Asignaturas Tercero\Primer Cuatri\IS2\Proyecto Rides24\Rides24_IT3.zip_expanded\Rides24\src\main\resources\rides.temp' is opened by 24052@MSI-M1K3L

[2025-10-06 01:39:17 #2 type.registry] 
New type domain.Driver

[2025-10-06 01:39:17 #3 type] 
Type domain.Driver is not enhanced.

[2025-10-06 01:39:17 #4 type.registry] 
New type domain.Booking

[2025-10-06 01:39:17 #5 type.registry] 
New type domain.Ride

[2025-10-06 01:39:18 #6 type] 
Type domain.Booking is not enhanced.

[2025-10-06 01:39:18 #7 type.registry] 
New type domain.Stop

[2025-10-06 01:39:18 #8 type.registry] 
New type domain.User

[2025-10-06 01:39:18 #9 type] 
Type domain.Ride is not enhanced.

[2025-10-06 01:39:18 #10 type] 
Type domain.Stop is not enhanced.

[2025-10-06 01:39:18 #11 type] 
Type domain.User is not enhanced.

[2025-10-06 01:39:18 #12 type.registry] 
New type java.util.Vector<java.lang.Object>

[2025-10-06 01:39:18 #13 type.registry] 
New type java.util.Vector<domain.Ride>

[2025-10-06 01:39:18 #14 type.registry] 
New type java.util.Vector<domain.Booking>

[2025-10-06 01:39:18 #15 type.registry] 
New type java.util.Vector<domain.Stop>

[2025-10-06 01:39:18 #16 type.registry] 
New type java.util.ArrayList<java.lang.Object>

[2025-10-06 01:39:18 #17 type.registry] 
New type java.util.ArrayList<domain.Stop>

[2025-10-06 01:39:18 #18 type.registry] 
New type com.objectdb.o.LMT

[2025-10-06 01:39:18 #19 type.registry] 
New type com.objectdb.o.VAL

[2025-10-06 01:39:18 #20 type.registry] 
New type com.objectdb.o.RFV

[2025-10-06 01:39:18 #21 type.registry] 
New type java.util.ArrayList<domain.Ride>

[2025-10-06 01:39:18 #22 type.registry] 
New type java.util.ArrayList<domain.Booking>

------------------------------------------------------------------------------------------------------------------------

[2025-10-06 01:53:37 #1 store] 
Database 'C:\Users\mikel\OneDrive\Escritorio\UNI\Asignaturas Tercero\Primer Cuatri\IS2\Proyecto Rides24\Rides24_IT3.zip_expanded\Rides24\src\main\resources\rides.temp' is opened by 14820@MSI-M1K3L

[2025-10-06 01:53:38 #2 type.registry] 
New type domain.Driver

[2025-10-06 01:53:38 #3 type] 
Type domain.Driver is not enhanced.

[2025-10-06 01:53:38 #4 type.registry] 
New type domain.Booking

[2025-10-06 01:53:38 #5 type.registry] 
New type domain.Ride

[2025-10-06 01:53:38 #6 type] 
Type domain.Booking is not enhanced.

[2025-10-06 01:53:38 #7 type.registry] 
New type domain.Stop

[2025-10-06 01:53:38 #8 type.registry] 
New type domain.User

[2025-10-06 01:53:38 #9 type] 
Type domain.Ride is not enhanced.

[2025-10-06 01:53:38 #10 type] 
Type domain.Stop is not enhanced.

[2025-10-06 01:53:38 #11 type] 
Type domain.User is not enhanced.

[2025-10-06 01:53:38 #12 type.registry] 
New type java.util.Vector<java.lang.Object>

[2025-10-06 01:53:38 #13 type.registry] 
New type java.util.Vector<domain.Ride>

[2025-10-06 01:53:38 #14 type.registry] 
New type java.util.Vector<domain.Booking>

[2025-10-06 01:53:38 #15 type.registry] 
New type java.util.Vector<domain.Stop>

[2025-10-06 01:53:38 #16 type.registry] 
New type java.util.ArrayList<java.lang.Object>

[2025-10-06 01:53:38 #17 type.registry] 
New type java.util.ArrayList<domain.Stop>

[2025-10-06 01:53:38 #18 type.registry] 
New type com.objectdb.o.LMT

[2025-10-06 01:53:38 #19 type.registry] 
New type com.objectdb.o.VAL

[2025-10-06 01:53:38 #20 type.registry] 
New type com.objectdb.o.RFV

[2025-10-06 01:53:38 #21 type.registry] 
New type java.util.ArrayList<domain.Ride>

[2025-10-06 01:53:38 #22 type.registry] 
New type java.util.ArrayList<domain.Booking>

------------------------------------------------------------------------------------------------------------------------

[2025-10-06 01:54:22 #1 store] 
Database 'C:\Users\mikel\OneDrive\Escritorio\UNI\Asignaturas Tercero\Primer Cuatri\IS2\Proyecto Rides24\Rides24_IT3.zip_expanded\Rides24\src\main\resources\rides.temp' is opened by 24244@MSI-M1K3L

[2025-10-06 01:54:23 #2 type.registry] 
New type domain.Ride

[2025-10-06 01:54:23 #3 type] 
Type domain.Ride is not enhanced.

[2025-10-06 01:54:23 #4 type.registry] 
New type domain.Stop

[2025-10-06 01:54:23 #5 type.registry] 
New type domain.Driver

[2025-10-06 01:54:23 #6 type] 
Type domain.Stop is not enhanced.

[2025-10-06 01:54:23 #7 type] 
Type domain.Driver is not enhanced.

[2025-10-06 01:54:23 #8 type.registry] 
New type domain.Booking

[2025-10-06 01:54:23 #9 type] 
Type domain.Booking is not enhanced.

[2025-10-06 01:54:23 #10 type.registry] 
New type domain.User

[2025-10-06 01:54:23 #11 type] 
Type domain.User is not enhanced.

------------------------------------------------------------------------------------------------------------------------

[2025-10-06 01:55:17 #1 store] 
Database 'C:\Users\mikel\OneDrive\Escritorio\UNI\Asignaturas Tercero\Primer Cuatri\IS2\Proyecto Rides24\Rides24_IT3.zip_expanded\Rides24\src\main\resources\rides.temp' is opened by 19164@MSI-M1K3L

[2025-10-06 01:55:17 #2 type.registry] 
New type domain.Driver

[2025-10-06 01:55:17 #3 type] 
Type domain.Driver is not enhanced.

[2025-10-06 01:55:17 #4 type.registry] 
New type domain.Booking

[2025-10-06 01:55:17 #5 type.registry] 
New type domain.Ride

[2025-10-06 01:55:17 #6 type] 
Type domain.Booking is not enhanced.

[2025-10-06 01:55:17 #7 type.registry] 
New type domain.Stop

[2025-10-06 01:55:17 #8 type.registry] 
New type domain.User

[2025-10-06 01:55:17 #9 type] 
Type domain.Ride is not enhanced.

[2025-10-06 01:55:17 #10 type] 
Type domain.Stop is not enhanced.

[2025-10-06 01:55:17 #11 type] 
Type domain.User is not enhanced.

[2025-10-06 01:55:17 #12 type.registry] 
New type java.util.Vector<java.lang.Object>

[2025-10-06 01:55:17 #13 type.registry] 
New type java.util.Vector<domain.Ride>

[2025-10-06 01:55:17 #14 type.registry] 
New type java.util.Vector<domain.Booking>

[2025-10-06 01:55:17 #15 type.registry] 
New type java.util.Vector<domain.Stop>

[2025-10-06 01:55:17 #16 type.registry] 
New type java.util.ArrayList<java.lang.Object>

[2025-10-06 01:55:17 #17 type.registry] 
New type java.util.ArrayList<domain.Stop>

[2025-10-06 01:55:17 #18 type.registry] 
New type com.objectdb.o.LMT

[2025-10-06 01:55:17 #19 type.registry] 
New type com.objectdb.o.VAL

[2025-10-06 01:55:17 #20 type.registry] 
New type com.objectdb.o.RFV

[2025-10-06 01:55:17 #21 type.registry] 
New type java.util.ArrayList<domain.Ride>

[2025-10-06 01:55:17 #22 type.registry] 
New type java.util.ArrayList<domain.Booking>

------------------------------------------------------------------------------------------------------------------------

[2025-10-06 02:12:07 #1 store] 
Database 'C:\Users\mikel\OneDrive\Escritorio\UNI\Asignaturas Tercero\Primer Cuatri\IS2\Proyecto Rides24\Rides24_IT3.zip_expanded\Rides24\src\main\resources\rides.temp' is opened by 7148@MSI-M1K3L

[2025-10-06 02:12:07 #2 type.registry] 
New type domain.Driver

[2025-10-06 02:12:07 #3 type] 
Type domain.Driver is not enhanced.

[2025-10-06 02:12:07 #4 type.registry] 
New type domain.Booking

[2025-10-06 02:12:07 #5 type.registry] 
New type domain.Ride

[2025-10-06 02:12:07 #6 type] 
Type domain.Booking is not enhanced.

[2025-10-06 02:12:07 #7 type.registry] 
New type domain.Stop

[2025-10-06 02:12:07 #8 type.registry] 
New type domain.User

[2025-10-06 02:12:07 #9 type] 
Type domain.Ride is not enhanced.

[2025-10-06 02:12:07 #10 type] 
Type domain.Stop is not enhanced.

[2025-10-06 02:12:07 #11 type] 
Type domain.User is not enhanced.

[2025-10-06 02:12:07 #12 type.registry] 
New type java.util.Vector<java.lang.Object>

[2025-10-06 02:12:07 #13 type.registry] 
New type java.util.Vector<domain.Ride>

[2025-10-06 02:12:07 #14 type.registry] 
New type java.util.Vector<domain.Booking>

[2025-10-06 02:12:07 #15 type.registry] 
New type java.util.Vector<domain.Stop>

[2025-10-06 02:12:07 #16 type.registry] 
New type java.util.ArrayList<java.lang.Object>

[2025-10-06 02:12:07 #17 type.registry] 
New type java.util.ArrayList<domain.Stop>

[2025-10-06 02:12:07 #18 type.registry] 
New type com.objectdb.o.LMT

[2025-10-06 02:12:07 #19 type.registry] 
New type com.objectdb.o.VAL

[2025-10-06 02:12:07 #20 type.registry] 
New type com.objectdb.o.RFV

[2025-10-06 02:12:07 #21 type.registry] 
New type java.util.ArrayList<domain.Ride>

[2025-10-06 02:12:07 #22 type.registry] 
New type java.util.ArrayList<domain.Booking>

------------------------------------------------------------------------------------------------------------------------

[2025-10-06 02:12:34 #1 store] 
Database 'C:\Users\mikel\OneDrive\Escritorio\UNI\Asignaturas Tercero\Primer Cuatri\IS2\Proyecto Rides24\Rides24_IT3.zip_expanded\Rides24\src\main\resources\rides.temp' is opened by 3512@MSI-M1K3L

[2025-10-06 02:12:35 #2 type.registry] 
New type domain.Driver

[2025-10-06 02:12:35 #3 type] 
Type domain.Driver is not enhanced.

[2025-10-06 02:12:35 #4 type.registry] 
New type domain.Booking

[2025-10-06 02:12:35 #5 type.registry] 
New type domain.Ride

[2025-10-06 02:12:35 #6 type] 
Type domain.Booking is not enhanced.

[2025-10-06 02:12:35 #7 type.registry] 
New type domain.Stop

[2025-10-06 02:12:35 #8 type.registry] 
New type domain.User

[2025-10-06 02:12:35 #9 type] 
Type domain.Ride is not enhanced.

[2025-10-06 02:12:35 #10 type] 
Type domain.Stop is not enhanced.

[2025-10-06 02:12:35 #11 type] 
Type domain.User is not enhanced.

[2025-10-06 02:12:35 #12 type.registry] 
New type java.util.Vector<java.lang.Object>

[2025-10-06 02:12:35 #13 type.registry] 
New type java.util.Vector<domain.Ride>

[2025-10-06 02:12:35 #14 type.registry] 
New type java.util.Vector<domain.Booking>

[2025-10-06 02:12:35 #15 type.registry] 
New type java.util.Vector<domain.Stop>

[2025-10-06 02:12:35 #16 type.registry] 
New type java.util.ArrayList<java.lang.Object>

[2025-10-06 02:12:35 #17 type.registry] 
New type java.util.ArrayList<domain.Stop>

[2025-10-06 02:12:35 #18 type.registry] 
New type com.objectdb.o.LMT

[2025-10-06 02:12:35 #19 type.registry] 
New type com.objectdb.o.VAL

[2025-10-06 02:12:35 #20 type.registry] 
New type com.objectdb.o.RFV

[2025-10-06 02:12:35 #21 type.registry] 
New type java.util.ArrayList<domain.Ride>

[2025-10-06 02:12:35 #22 type.registry] 
New type java.util.ArrayList<domain.Booking>

------------------------------------------------------------------------------------------------------------------------

[2025-10-06 02:13:59 #1 store] 
Database 'C:\Users\mikel\OneDrive\Escritorio\UNI\Asignaturas Tercero\Primer Cuatri\IS2\Proyecto Rides24\Rides24_IT3.zip_expanded\Rides24\src\main\resources\rides.temp' is opened by 7956@MSI-M1K3L

[2025-10-06 02:13:59 #2 type.registry] 
New type domain.Driver

[2025-10-06 02:13:59 #3 type] 
Type domain.Driver is not enhanced.

[2025-10-06 02:13:59 #4 type.registry] 
New type domain.Booking

[2025-10-06 02:13:59 #5 type.registry] 
New type domain.Ride

[2025-10-06 02:13:59 #6 type] 
Type domain.Booking is not enhanced.

[2025-10-06 02:13:59 #7 type.registry] 
New type domain.Stop

[2025-10-06 02:13:59 #8 type.registry] 
New type domain.User

[2025-10-06 02:13:59 #9 type] 
Type domain.Ride is not enhanced.

[2025-10-06 02:13:59 #10 type] 
Type domain.Stop is not enhanced.

[2025-10-06 02:13:59 #11 type] 
Type domain.User is not enhanced.

[2025-10-06 02:13:59 #12 type.registry] 
New type java.util.Vector<java.lang.Object>

[2025-10-06 02:13:59 #13 type.registry] 
New type java.util.Vector<domain.Ride>

[2025-10-06 02:13:59 #14 type.registry] 
New type java.util.Vector<domain.Booking>

[2025-10-06 02:13:59 #15 type.registry] 
New type java.util.Vector<domain.Stop>

[2025-10-06 02:13:59 #16 type.registry] 
New type java.util.ArrayList<java.lang.Object>

[2025-10-06 02:13:59 #17 type.registry] 
New type java.util.ArrayList<domain.Stop>

[2025-10-06 02:13:59 #18 type.registry] 
New type com.objectdb.o.LMT

[2025-10-06 02:13:59 #19 type.registry] 
New type com.objectdb.o.VAL

[2025-10-06 02:13:59 #20 type.registry] 
New type com.objectdb.o.RFV

[2025-10-06 02:13:59 #21 type.registry] 
New type java.util.ArrayList<domain.Ride>

[2025-10-06 02:13:59 #22 type.registry] 
New type java.util.ArrayList<domain.Booking>

