------------------------------------------------------------------------------------------------------------------------

[2025-10-12 14:56:22 #1 store] 
Database 'C:\Users\mikel\OneDrive\Escritorio\UNI\Asignaturas Tercero\Primer Cuatri\IS2\Proyecto Rides24\Rides24_IT3.zip_expanded\Rides24\src\main\resources\rides.temp' has been recovered (tr. 1501-1576)

[2025-10-12 14:56:22 #2 store] 
Database 'C:\Users\mikel\OneDrive\Escritorio\UNI\Asignaturas Tercero\Primer Cuatri\IS2\Proyecto Rides24\Rides24_IT3.zip_expanded\Rides24\src\main\resources\rides.temp' is opened by 3228@MSI-M1K3L

[2025-10-12 14:56:22 #3 type] 
Type domain.Driver is not enhanced.

[2025-10-12 14:56:22 #4 type] 
Type domain.Booking is not enhanced.

[2025-10-12 14:56:22 #5 type] 
Type domain.Ride is not enhanced.

[2025-10-12 14:56:22 #6 type] 
Type domain.Stop is not enhanced.

[2025-10-12 14:56:22 #7 type] 
Type domain.User is not enhanced.

------------------------------------------------------------------------------------------------------------------------

[2025-10-12 16:22:47 #1 store] 
Database 'C:\Users\mikel\OneDrive\Escritorio\UNI\Asignaturas Tercero\Primer Cuatri\IS2\Proyecto Rides24\Rides24_IT3.zip_expanded\Rides24\src\main\resources\rides.temp' has been recovered (tr. 1577-1652)

[2025-10-12 16:22:47 #2 store] 
Database 'C:\Users\mikel\OneDrive\Escritorio\UNI\Asignaturas Tercero\Primer Cuatri\IS2\Proyecto Rides24\Rides24_IT3.zip_expanded\Rides24\src\main\resources\rides.temp' is opened by 22144@MSI-M1K3L

[2025-10-12 16:22:47 #3 type] 
Type domain.Driver is not enhanced.

[2025-10-12 16:22:47 #4 type] 
Type domain.Booking is not enhanced.

[2025-10-12 16:22:47 #5 type] 
Type domain.Ride is not enhanced.

[2025-10-12 16:22:47 #6 type] 
Type domain.Stop is not enhanced.

[2025-10-12 16:22:47 #7 type] 
Type domain.User is not enhanced.

