------------------------------------------------------------------------------------------------------------------------

[2024-04-05 13:41:20 #1 store] 
Database 'C:\Users\mikel\git\repository\Rides24\src\main\resources\rides.temp' is opened by 17112@MSI-M1K3L

[2024-04-05 13:41:20 #2 type] 
Type domain.Driver is not enhanced.

[2024-04-05 13:41:20 #3 type] 
Type domain.Booking is not enhanced.

[2024-04-05 13:41:20 #4 type] 
Type domain.Ride is not enhanced.

[2024-04-05 13:41:20 #5 type] 
Type domain.User is not enhanced.

[2024-04-05 13:41:20 #6 type] 
Type domain.Stop is not enhanced.

------------------------------------------------------------------------------------------------------------------------

[2024-04-05 13:41:27 #1 store] 
Database 'C:\Users\mikel\git\repository\Rides24\src\main\resources\rides.temp' has been recovered (tr. 12-12)

[2024-04-05 13:41:27 #2 store] 
Database 'C:\Users\mikel\git\repository\Rides24\src\main\resources\rides.temp' is opened by 6268@MSI-M1K3L

[2024-04-05 13:41:27 #3 type] 
Type domain.Driver is not enhanced.

[2024-04-05 13:41:27 #4 type] 
Type domain.Booking is not enhanced.

[2024-04-05 13:41:27 #5 type] 
Type domain.Ride is not enhanced.

[2024-04-05 13:41:27 #6 type] 
Type domain.User is not enhanced.

[2024-04-05 13:41:27 #7 type] 
Type domain.Stop is not enhanced.

------------------------------------------------------------------------------------------------------------------------

[2024-04-05 14:48:54 #1 store] 
Database 'C:\Users\mikel\git\repository\Rides24\src\main\resources\rides.temp' is opened by 12244@MSI-M1K3L

[2024-04-05 14:48:54 #2 type] 
Type domain.Driver is not enhanced.

[2024-04-05 14:48:54 #3 type] 
Type domain.Booking is not enhanced.

[2024-04-05 14:48:54 #4 type] 
Type domain.Ride is not enhanced.

[2024-04-05 14:48:54 #5 type] 
Type domain.User is not enhanced.

[2024-04-05 14:48:54 #6 type] 
Type domain.Stop is not enhanced.

------------------------------------------------------------------------------------------------------------------------

[2024-04-05 14:54:46 #1 store] 
Database 'C:\Users\mikel\git\repository\Rides24\src\main\resources\rides.temp' is opened by 5624@MSI-M1K3L

[2024-04-05 14:54:46 #2 type] 
Type domain.Driver is not enhanced.

[2024-04-05 14:54:46 #3 type] 
Type domain.Booking is not enhanced.

[2024-04-05 14:54:46 #4 type] 
Type domain.Ride is not enhanced.

[2024-04-05 14:54:46 #5 type] 
Type domain.User is not enhanced.

[2024-04-05 14:54:46 #6 type] 
Type domain.Stop is not enhanced.

------------------------------------------------------------------------------------------------------------------------

[2024-04-05 14:55:37 #1 store] 
Database 'C:\Users\mikel\git\repository\Rides24\src\main\resources\rides.temp' is opened by 19948@MSI-M1K3L

[2024-04-05 14:55:37 #2 type] 
Type domain.Driver is not enhanced.

[2024-04-05 14:55:37 #3 type] 
Type domain.Booking is not enhanced.

[2024-04-05 14:55:37 #4 type] 
Type domain.Ride is not enhanced.

[2024-04-05 14:55:37 #5 type] 
Type domain.User is not enhanced.

[2024-04-05 14:55:37 #6 type] 
Type domain.Stop is not enhanced.

------------------------------------------------------------------------------------------------------------------------

[2024-04-05 14:56:06 #1 store] 
Database 'C:\Users\mikel\git\repository\Rides24\src\main\resources\rides.temp' is opened by 20140@MSI-M1K3L

[2024-04-05 14:56:06 #2 type] 
Type domain.Driver is not enhanced.

[2024-04-05 14:56:06 #3 type] 
Type domain.Booking is not enhanced.

[2024-04-05 14:56:07 #4 type] 
Type domain.Ride is not enhanced.

[2024-04-05 14:56:07 #5 type] 
Type domain.User is not enhanced.

[2024-04-05 14:56:07 #6 type] 
Type domain.Stop is not enhanced.

------------------------------------------------------------------------------------------------------------------------

[2024-04-05 19:08:42 #1 store] 
Database 'C:\Users\mikel\git\repository\Rides24\src\main\resources\rides.temp' is opened by 17436@MSI-M1K3L

[2024-04-05 19:08:42 #2 type] 
Type domain.Driver is not enhanced.

[2024-04-05 19:08:42 #3 type] 
Type domain.Booking is not enhanced.

[2024-04-05 19:08:42 #4 type] 
Type domain.Ride is not enhanced.

[2024-04-05 19:08:42 #5 type] 
Type domain.User is not enhanced.

[2024-04-05 19:08:42 #6 type] 
Type domain.Stop is not enhanced.

