------------------------------------------------------------------------------------------------------------------------

[2024-05-05 13:07:02 #1 store] 
Database 'C:\Users\mikel\git\repository\Rides24\src\main\resources\rides.temp' is opened by 3900@MSI-M1K3L

[2024-05-05 13:07:02 #2 type] 
Type domain.Driver is not enhanced.

[2024-05-05 13:07:02 #3 type] 
Type domain.Booking is not enhanced.

[2024-05-05 13:07:02 #4 type] 
Type domain.Ride is not enhanced.

[2024-05-05 13:07:02 #5 type] 
Type domain.Stop is not enhanced.

[2024-05-05 13:07:02 #6 type] 
Type domain.User is not enhanced.

------------------------------------------------------------------------------------------------------------------------

[2024-05-05 13:07:42 #1 store] 
Database 'C:\Users\mikel\git\repository\Rides24\src\main\resources\rides.temp' is opened by 18088@MSI-M1K3L

[2024-05-05 13:07:43 #2 type] 
Type domain.Driver is not enhanced.

[2024-05-05 13:07:43 #3 type] 
Type domain.Booking is not enhanced.

[2024-05-05 13:07:43 #4 type] 
Type domain.Ride is not enhanced.

[2024-05-05 13:07:43 #5 type] 
Type domain.Stop is not enhanced.

[2024-05-05 13:07:43 #6 type] 
Type domain.User is not enhanced.

------------------------------------------------------------------------------------------------------------------------

[2024-05-05 13:09:15 #1 store] 
Database 'C:\Users\mikel\git\repository\Rides24\src\main\resources\rides.temp' is opened by 22412@MSI-M1K3L

[2024-05-05 13:09:15 #2 type] 
Type domain.Driver is not enhanced.

[2024-05-05 13:09:15 #3 type] 
Type domain.Booking is not enhanced.

[2024-05-05 13:09:15 #4 type] 
Type domain.Ride is not enhanced.

[2024-05-05 13:09:15 #5 type] 
Type domain.Stop is not enhanced.

[2024-05-05 13:09:15 #6 type] 
Type domain.User is not enhanced.

------------------------------------------------------------------------------------------------------------------------

[2024-05-05 13:10:07 #1 store] 
Database 'C:\Users\mikel\git\repository\Rides24\src\main\resources\rides.temp' is opened by 24760@MSI-M1K3L

[2024-05-05 13:10:07 #2 type] 
Type domain.Driver is not enhanced.

[2024-05-05 13:10:07 #3 type] 
Type domain.Booking is not enhanced.

[2024-05-05 13:10:07 #4 type] 
Type domain.Ride is not enhanced.

[2024-05-05 13:10:07 #5 type] 
Type domain.Stop is not enhanced.

[2024-05-05 13:10:07 #6 type] 
Type domain.User is not enhanced.

------------------------------------------------------------------------------------------------------------------------

[2024-05-05 13:11:43 #1 store] 
Database 'C:\Users\mikel\git\repository\Rides24\src\main\resources\rides.temp' is opened by 3724@MSI-M1K3L

[2024-05-05 13:11:43 #2 type] 
Type domain.Driver is not enhanced.

[2024-05-05 13:11:43 #3 type] 
Type domain.Booking is not enhanced.

[2024-05-05 13:11:43 #4 type] 
Type domain.Ride is not enhanced.

[2024-05-05 13:11:43 #5 type] 
Type domain.Stop is not enhanced.

[2024-05-05 13:11:43 #6 type] 
Type domain.User is not enhanced.

------------------------------------------------------------------------------------------------------------------------

[2024-05-05 14:30:07 #1 store] 
Database 'C:\Users\mikel\git\repository\Rides24\src\main\resources\rides.temp' is opened by 17928@MSI-M1K3L

[2024-05-05 14:30:07 #2 type.registry] 
New type domain.Driver

[2024-05-05 14:30:07 #3 type] 
Type domain.Driver is not enhanced.

[2024-05-05 14:30:07 #4 type.registry] 
New type domain.Booking

[2024-05-05 14:30:07 #5 type.registry] 
New type domain.Ride

[2024-05-05 14:30:07 #6 type] 
Type domain.Booking is not enhanced.

[2024-05-05 14:30:07 #7 type.registry] 
New type domain.Stop

[2024-05-05 14:30:07 #8 type.registry] 
New type domain.User

[2024-05-05 14:30:07 #9 type] 
Type domain.Ride is not enhanced.

[2024-05-05 14:30:07 #10 type] 
Type domain.Stop is not enhanced.

[2024-05-05 14:30:07 #11 type] 
Type domain.User is not enhanced.

[2024-05-05 14:30:07 #12 type.registry] 
New type java.util.Vector<java.lang.Object>

[2024-05-05 14:30:07 #13 type.registry] 
New type java.util.Vector<domain.Ride>

[2024-05-05 14:30:07 #14 type.registry] 
New type java.util.Vector<domain.Booking>

[2024-05-05 14:30:07 #15 type.registry] 
New type java.util.Vector<domain.Stop>

------------------------------------------------------------------------------------------------------------------------

[2024-05-05 14:30:22 #1 store] 
Database 'C:\Users\mikel\git\repository\Rides24\src\main\resources\rides.temp' has been recovered (tr. 1-8)

[2024-05-05 14:30:22 #2 store] 
Database 'C:\Users\mikel\git\repository\Rides24\src\main\resources\rides.temp' is opened by 7984@MSI-M1K3L

[2024-05-05 14:30:22 #3 type] 
Type domain.Driver is not enhanced.

[2024-05-05 14:30:22 #4 type] 
Type domain.Booking is not enhanced.

[2024-05-05 14:30:22 #5 type] 
Type domain.Ride is not enhanced.

[2024-05-05 14:30:22 #6 type] 
Type domain.Stop is not enhanced.

[2024-05-05 14:30:22 #7 type] 
Type domain.User is not enhanced.

------------------------------------------------------------------------------------------------------------------------

[2024-05-05 14:34:52 #1 store] 
Database 'C:\Users\mikel\git\repository\Rides24\src\main\resources\rides.temp' is opened by 12596@MSI-M1K3L

[2024-05-05 14:34:52 #2 type.registry] 
New type domain.Driver

[2024-05-05 14:34:52 #3 type] 
Type domain.Driver is not enhanced.

[2024-05-05 14:34:52 #4 type.registry] 
New type domain.Booking

[2024-05-05 14:34:52 #5 type.registry] 
New type domain.Ride

[2024-05-05 14:34:52 #6 type] 
Type domain.Booking is not enhanced.

[2024-05-05 14:34:52 #7 type.registry] 
New type domain.Stop

[2024-05-05 14:34:52 #8 type.registry] 
New type domain.User

[2024-05-05 14:34:52 #9 type] 
Type domain.Ride is not enhanced.

[2024-05-05 14:34:52 #10 type] 
Type domain.Stop is not enhanced.

[2024-05-05 14:34:52 #11 type] 
Type domain.User is not enhanced.

[2024-05-05 14:34:52 #12 type.registry] 
New type java.util.Vector<java.lang.Object>

[2024-05-05 14:34:52 #13 type.registry] 
New type java.util.Vector<domain.Ride>

[2024-05-05 14:34:52 #14 type.registry] 
New type java.util.Vector<domain.Booking>

[2024-05-05 14:34:52 #15 type.registry] 
New type java.util.Vector<domain.Stop>

------------------------------------------------------------------------------------------------------------------------

[2024-05-05 14:35:02 #1 store] 
Database 'C:\Users\mikel\git\repository\Rides24\src\main\resources\rides.temp' has been recovered (tr. 1-8)

[2024-05-05 14:35:02 #2 store] 
Database 'C:\Users\mikel\git\repository\Rides24\src\main\resources\rides.temp' is opened by 7244@MSI-M1K3L

[2024-05-05 14:35:02 #3 type] 
Type domain.Driver is not enhanced.

[2024-05-05 14:35:02 #4 type] 
Type domain.Booking is not enhanced.

[2024-05-05 14:35:02 #5 type] 
Type domain.Ride is not enhanced.

[2024-05-05 14:35:02 #6 type] 
Type domain.Stop is not enhanced.

[2024-05-05 14:35:02 #7 type] 
Type domain.User is not enhanced.

------------------------------------------------------------------------------------------------------------------------

[2024-05-05 14:35:58 #1 store] 
Database 'C:\Users\mikel\git\repository\Rides24\src\main\resources\rides.temp' has been recovered (tr. 9-9)

[2024-05-05 14:35:59 #2 store] 
Database 'C:\Users\mikel\git\repository\Rides24\src\main\resources\rides.temp' is opened by 10260@MSI-M1K3L

[2024-05-05 14:35:59 #3 type] 
Type domain.Driver is not enhanced.

[2024-05-05 14:35:59 #4 type] 
Type domain.Booking is not enhanced.

[2024-05-05 14:35:59 #5 type] 
Type domain.Ride is not enhanced.

[2024-05-05 14:35:59 #6 type] 
Type domain.Stop is not enhanced.

[2024-05-05 14:35:59 #7 type] 
Type domain.User is not enhanced.

------------------------------------------------------------------------------------------------------------------------

[2024-05-05 14:41:02 #1 store] 
Database 'C:\Users\mikel\git\repository\Rides24\src\main\resources\rides.temp' is opened by 8212@MSI-M1K3L

[2024-05-05 14:41:02 #2 type.registry] 
New type domain.Driver

[2024-05-05 14:41:02 #3 type] 
Type domain.Driver is not enhanced.

[2024-05-05 14:41:02 #4 type.registry] 
New type domain.Booking

[2024-05-05 14:41:02 #5 type.registry] 
New type domain.Ride

[2024-05-05 14:41:02 #6 type] 
Type domain.Booking is not enhanced.

[2024-05-05 14:41:02 #7 type.registry] 
New type domain.Stop

[2024-05-05 14:41:02 #8 type.registry] 
New type domain.User

[2024-05-05 14:41:02 #9 type] 
Type domain.Ride is not enhanced.

[2024-05-05 14:41:02 #10 type] 
Type domain.Stop is not enhanced.

[2024-05-05 14:41:02 #11 type] 
Type domain.User is not enhanced.

[2024-05-05 14:41:02 #12 type.registry] 
New type java.util.Vector<java.lang.Object>

[2024-05-05 14:41:02 #13 type.registry] 
New type java.util.Vector<domain.Ride>

[2024-05-05 14:41:02 #14 type.registry] 
New type java.util.Vector<domain.Booking>

[2024-05-05 14:41:02 #15 type.registry] 
New type java.util.Vector<domain.Stop>

------------------------------------------------------------------------------------------------------------------------

[2024-05-05 14:41:10 #1 store] 
Database 'C:\Users\mikel\git\repository\Rides24\src\main\resources\rides.temp' has been recovered (tr. 1-8)

[2024-05-05 14:41:10 #2 store] 
Database 'C:\Users\mikel\git\repository\Rides24\src\main\resources\rides.temp' is opened by 19400@MSI-M1K3L

[2024-05-05 14:41:10 #3 type] 
Type domain.Driver is not enhanced.

[2024-05-05 14:41:10 #4 type] 
Type domain.Booking is not enhanced.

[2024-05-05 14:41:10 #5 type] 
Type domain.Ride is not enhanced.

[2024-05-05 14:41:10 #6 type] 
Type domain.Stop is not enhanced.

[2024-05-05 14:41:10 #7 type] 
Type domain.User is not enhanced.

------------------------------------------------------------------------------------------------------------------------

[2024-05-05 14:41:53 #1 store] 
Database 'C:\Users\mikel\git\repository\Rides24\src\main\resources\rides.temp' has been recovered (tr. 9-9)

[2024-05-05 14:41:53 #2 store] 
Database 'C:\Users\mikel\git\repository\Rides24\src\main\resources\rides.temp' is opened by 14244@MSI-M1K3L

[2024-05-05 14:41:54 #3 type] 
Type domain.Driver is not enhanced.

[2024-05-05 14:41:54 #4 type] 
Type domain.Booking is not enhanced.

[2024-05-05 14:41:54 #5 type] 
Type domain.Ride is not enhanced.

[2024-05-05 14:41:54 #6 type] 
Type domain.Stop is not enhanced.

[2024-05-05 14:41:54 #7 type] 
Type domain.User is not enhanced.

------------------------------------------------------------------------------------------------------------------------

[2024-05-05 15:06:23 #1 store] 
Database 'C:\Users\mikel\git\repository\Rides24\src\main\resources\rides.temp' is opened by 12856@MSI-M1K3L

[2024-05-05 15:06:23 #2 type] 
Type domain.Driver is not enhanced.

[2024-05-05 15:06:23 #3 type] 
Type domain.Booking is not enhanced.

[2024-05-05 15:06:23 #4 type] 
Type domain.Ride is not enhanced.

[2024-05-05 15:06:23 #5 type] 
Type domain.Stop is not enhanced.

[2024-05-05 15:06:23 #6 type] 
Type domain.User is not enhanced.

------------------------------------------------------------------------------------------------------------------------

[2024-05-05 15:07:29 #1 store] 
Database 'C:\Users\mikel\git\repository\Rides24\src\main\resources\rides.temp' is opened by 24496@MSI-M1K3L

[2024-05-05 15:07:29 #2 type] 
Type domain.Driver is not enhanced.

[2024-05-05 15:07:29 #3 type] 
Type domain.Booking is not enhanced.

[2024-05-05 15:07:29 #4 type] 
Type domain.Ride is not enhanced.

[2024-05-05 15:07:29 #5 type] 
Type domain.Stop is not enhanced.

[2024-05-05 15:07:29 #6 type] 
Type domain.User is not enhanced.

------------------------------------------------------------------------------------------------------------------------

[2024-05-05 15:08:07 #1 store] 
Database 'C:\Users\mikel\git\repository\Rides24\src\main\resources\rides.temp' is opened by 20832@MSI-M1K3L

[2024-05-05 15:08:07 #2 type] 
Type domain.Driver is not enhanced.

[2024-05-05 15:08:07 #3 type] 
Type domain.Booking is not enhanced.

[2024-05-05 15:08:07 #4 type] 
Type domain.Ride is not enhanced.

[2024-05-05 15:08:07 #5 type] 
Type domain.Stop is not enhanced.

[2024-05-05 15:08:07 #6 type] 
Type domain.User is not enhanced.

------------------------------------------------------------------------------------------------------------------------

[2024-05-05 15:09:37 #1 store] 
Database 'C:\Users\mikel\git\repository\Rides24\src\main\resources\rides.temp' is opened by 19412@MSI-M1K3L

[2024-05-05 15:09:37 #2 type] 
Type domain.Driver is not enhanced.

[2024-05-05 15:09:37 #3 type] 
Type domain.Booking is not enhanced.

[2024-05-05 15:09:37 #4 type] 
Type domain.Ride is not enhanced.

[2024-05-05 15:09:37 #5 type] 
Type domain.Stop is not enhanced.

[2024-05-05 15:09:37 #6 type] 
Type domain.User is not enhanced.

------------------------------------------------------------------------------------------------------------------------

[2024-05-05 15:10:16 #1 store] 
Database 'C:\Users\mikel\git\repository\Rides24\src\main\resources\rides.temp' is opened by 6700@MSI-M1K3L

[2024-05-05 15:10:16 #2 type] 
Type domain.Driver is not enhanced.

[2024-05-05 15:10:16 #3 type] 
Type domain.Booking is not enhanced.

[2024-05-05 15:10:16 #4 type] 
Type domain.Ride is not enhanced.

[2024-05-05 15:10:16 #5 type] 
Type domain.Stop is not enhanced.

[2024-05-05 15:10:16 #6 type] 
Type domain.User is not enhanced.

------------------------------------------------------------------------------------------------------------------------

[2024-05-05 15:46:19 #1 store] 
Database 'C:\Users\mikel\git\repository\Rides24\src\main\resources\rides.temp' is opened by 20132@MSI-M1K3L

[2024-05-05 15:46:19 #2 type] 
Type domain.Driver is not enhanced.

[2024-05-05 15:46:19 #3 type] 
Type domain.Booking is not enhanced.

[2024-05-05 15:46:19 #4 type] 
Type domain.Ride is not enhanced.

[2024-05-05 15:46:19 #5 type] 
Type domain.Stop is not enhanced.

[2024-05-05 15:46:19 #6 type] 
Type domain.User is not enhanced.

------------------------------------------------------------------------------------------------------------------------

[2024-05-05 15:47:49 #1 store] 
Database 'C:\Users\mikel\git\repository\Rides24\src\main\resources\rides.temp' is opened by 13456@MSI-M1K3L

[2024-05-05 15:47:49 #2 type] 
Type domain.Driver is not enhanced.

[2024-05-05 15:47:49 #3 type] 
Type domain.Booking is not enhanced.

[2024-05-05 15:47:49 #4 type] 
Type domain.Ride is not enhanced.

[2024-05-05 15:47:49 #5 type] 
Type domain.Stop is not enhanced.

[2024-05-05 15:47:49 #6 type] 
Type domain.User is not enhanced.

------------------------------------------------------------------------------------------------------------------------

[2024-05-05 15:49:13 #1 store] 
Database 'C:\Users\mikel\git\repository\Rides24\src\main\resources\rides.temp' has been recovered (tr. 12-12)

[2024-05-05 15:49:13 #2 store] 
Database 'C:\Users\mikel\git\repository\Rides24\src\main\resources\rides.temp' is opened by 19096@MSI-M1K3L

[2024-05-05 15:49:13 #3 type] 
Type domain.Driver is not enhanced.

[2024-05-05 15:49:13 #4 type] 
Type domain.Booking is not enhanced.

[2024-05-05 15:49:13 #5 type] 
Type domain.Ride is not enhanced.

[2024-05-05 15:49:13 #6 type] 
Type domain.Stop is not enhanced.

[2024-05-05 15:49:13 #7 type] 
Type domain.User is not enhanced.

------------------------------------------------------------------------------------------------------------------------

[2024-05-05 15:50:41 #1 store] 
Database 'C:\Users\mikel\git\repository\Rides24\src\main\resources\rides.temp' has been recovered (tr. 13-13)

[2024-05-05 15:50:41 #2 store] 
Database 'C:\Users\mikel\git\repository\Rides24\src\main\resources\rides.temp' is opened by 20964@MSI-M1K3L

[2024-05-05 15:50:41 #3 type] 
Type domain.Driver is not enhanced.

[2024-05-05 15:50:41 #4 type] 
Type domain.Booking is not enhanced.

[2024-05-05 15:50:41 #5 type] 
Type domain.Ride is not enhanced.

[2024-05-05 15:50:41 #6 type] 
Type domain.Stop is not enhanced.

[2024-05-05 15:50:41 #7 type] 
Type domain.User is not enhanced.

------------------------------------------------------------------------------------------------------------------------

[2024-05-05 15:52:12 #1 store] 
Database 'C:\Users\mikel\git\repository\Rides24\src\main\resources\rides.temp' has been recovered (tr. 14-14)

[2024-05-05 15:52:12 #2 store] 
Database 'C:\Users\mikel\git\repository\Rides24\src\main\resources\rides.temp' is opened by 11276@MSI-M1K3L

[2024-05-05 15:52:12 #3 type] 
Type domain.Driver is not enhanced.

[2024-05-05 15:52:12 #4 type] 
Type domain.Booking is not enhanced.

[2024-05-05 15:52:12 #5 type] 
Type domain.Ride is not enhanced.

[2024-05-05 15:52:12 #6 type] 
Type domain.Stop is not enhanced.

[2024-05-05 15:52:12 #7 type] 
Type domain.User is not enhanced.

