------------------------------------------------------------------------------------------------------------------------

[2024-03-31 15:19:20 #1 store] 
Database 'C:\Users\mikel\git\repository\Rides24\src\main\resources\rides.temp' has been recovered (tr. 12-12)

[2024-03-31 15:19:20 #2 store] 
Database 'C:\Users\mikel\git\repository\Rides24\src\main\resources\rides.temp' is opened by 13028@MSI-M1K3L

[2024-03-31 15:19:20 #3 type] 
Type domain.Driver is not enhanced.

[2024-03-31 15:19:20 #4 type] 
Type domain.Booking is not enhanced.

[2024-03-31 15:19:20 #5 type] 
Type domain.Ride is not enhanced.

[2024-03-31 15:19:20 #6 type] 
Type domain.User is not enhanced.

------------------------------------------------------------------------------------------------------------------------

[2024-03-31 15:27:34 #1 store] 
Database 'C:\Users\mikel\git\repository\Rides24\src\main\resources\rides.temp' is opened by 8664@MSI-M1K3L

[2024-03-31 15:27:34 #2 type] 
Type domain.Driver is not enhanced.

[2024-03-31 15:27:34 #3 type] 
Type domain.Booking is not enhanced.

[2024-03-31 15:27:34 #4 type] 
Type domain.Ride is not enhanced.

[2024-03-31 15:27:34 #5 type] 
Type domain.User is not enhanced.

------------------------------------------------------------------------------------------------------------------------

[2024-03-31 15:27:58 #1 store] 
Database 'C:\Users\mikel\git\repository\Rides24\src\main\resources\rides.temp' has been recovered (tr. 13-14)

[2024-03-31 15:27:59 #2 store] 
Database 'C:\Users\mikel\git\repository\Rides24\src\main\resources\rides.temp' is opened by 12928@MSI-M1K3L

[2024-03-31 15:27:59 #3 type] 
Type domain.Driver is not enhanced.

[2024-03-31 15:27:59 #4 type] 
Type domain.Booking is not enhanced.

[2024-03-31 15:27:59 #5 type] 
Type domain.Ride is not enhanced.

[2024-03-31 15:27:59 #6 type] 
Type domain.User is not enhanced.

------------------------------------------------------------------------------------------------------------------------

[2024-03-31 15:34:32 #1 store] 
Database 'C:\Users\mikel\git\repository\Rides24\src\main\resources\rides.temp' has been recovered (tr. 15-15)

[2024-03-31 15:34:32 #2 store] 
Database 'C:\Users\mikel\git\repository\Rides24\src\main\resources\rides.temp' is opened by 16532@MSI-M1K3L

[2024-03-31 15:34:32 #3 type] 
Type domain.Driver is not enhanced.

[2024-03-31 15:34:32 #4 type] 
Type domain.Booking is not enhanced.

[2024-03-31 15:34:32 #5 type] 
Type domain.Ride is not enhanced.

[2024-03-31 15:34:32 #6 type] 
Type domain.User is not enhanced.

------------------------------------------------------------------------------------------------------------------------

[2024-03-31 16:11:23 #1 store] 
Database 'C:\Users\mikel\git\repository\Rides24\src\main\resources\rides.temp' is opened by 8928@MSI-M1K3L

[2024-03-31 16:11:23 #2 type] 
Type domain.Driver is not enhanced.

[2024-03-31 16:11:23 #3 type] 
Type domain.Booking is not enhanced.

[2024-03-31 16:11:23 #4 type] 
Type domain.Ride is not enhanced.

[2024-03-31 16:11:23 #5 type] 
Type domain.User is not enhanced.

------------------------------------------------------------------------------------------------------------------------

[2024-03-31 16:15:12 #1 store] 
Database 'C:\Users\mikel\git\repository\Rides24\src\main\resources\rides.temp' is opened by 2700@MSI-M1K3L

[2024-03-31 16:15:12 #2 type] 
Type domain.Driver is not enhanced.

[2024-03-31 16:15:12 #3 type] 
Type domain.Booking is not enhanced.

[2024-03-31 16:15:12 #4 type] 
Type domain.Ride is not enhanced.

[2024-03-31 16:15:12 #5 type] 
Type domain.User is not enhanced.

------------------------------------------------------------------------------------------------------------------------

[2024-03-31 16:44:10 #1 store] 
Database 'C:\Users\mikel\git\repository\Rides24\src\main\resources\rides.temp' is opened by 13912@MSI-M1K3L

[2024-03-31 16:44:10 #2 type] 
Type domain.Driver is not enhanced.

[2024-03-31 16:44:10 #3 type] 
Type domain.Booking is not enhanced.

[2024-03-31 16:44:10 #4 type] 
Type domain.Ride is not enhanced.

[2024-03-31 16:44:10 #5 type.registry] 
New type domain.Stop

[2024-03-31 16:44:10 #6 type] 
Type domain.User is not enhanced.

[2024-03-31 16:44:10 #7 type] 
Type domain.Stop is not enhanced.

