------------------------------------------------------------------------------------------------------------------------

[2024-04-01 15:17:26 #1 store] 
Database 'C:\Users\mikel\git\repository\Rides24\src\main\resources\rides.temp' is opened by 18904@MSI-M1K3L

[2024-04-01 15:17:26 #2 type] 
Type domain.Driver is not enhanced.

[2024-04-01 15:17:26 #3 type] 
Type domain.Booking is not enhanced.

[2024-04-01 15:17:26 #4 type] 
Type domain.Ride is not enhanced.

[2024-04-01 15:17:26 #5 type] 
Type domain.User is not enhanced.

[2024-04-01 15:17:26 #6 type] 
Type domain.Stop is not enhanced.

[2024-04-01 15:17:32 #7 type.registry] 
New type java.util.Vector<domain.Stop>

------------------------------------------------------------------------------------------------------------------------

[2024-04-01 15:19:19 #1 store] 
Database 'C:\Users\mikel\git\repository\Rides24\src\main\resources\rides.temp' has been recovered (tr. 17-20)

[2024-04-01 15:19:19 #2 store] 
Database 'C:\Users\mikel\git\repository\Rides24\src\main\resources\rides.temp' is opened by 15256@MSI-M1K3L

[2024-04-01 15:19:19 #3 type] 
Type domain.Driver is not enhanced.

[2024-04-01 15:19:19 #4 type] 
Type domain.Booking is not enhanced.

[2024-04-01 15:19:19 #5 type] 
Type domain.Ride is not enhanced.

[2024-04-01 15:19:19 #6 type] 
Type domain.User is not enhanced.

[2024-04-01 15:19:19 #7 type] 
Type domain.Stop is not enhanced.

------------------------------------------------------------------------------------------------------------------------

[2024-04-01 15:21:12 #1 store] 
Database 'C:\Users\mikel\git\repository\Rides24\src\main\resources\rides.temp' is opened by 10720@MSI-M1K3L

[2024-04-01 15:21:12 #2 type] 
Type domain.Driver is not enhanced.

[2024-04-01 15:21:12 #3 type] 
Type domain.Booking is not enhanced.

[2024-04-01 15:21:12 #4 type] 
Type domain.Ride is not enhanced.

[2024-04-01 15:21:12 #5 type] 
Type domain.User is not enhanced.

[2024-04-01 15:21:12 #6 type] 
Type domain.Stop is not enhanced.

------------------------------------------------------------------------------------------------------------------------

[2024-04-01 15:23:09 #1 store] 
Database 'C:\Users\mikel\git\repository\Rides24\src\main\resources\rides.temp' is opened by 20424@MSI-M1K3L

[2024-04-01 15:23:09 #2 type] 
Type domain.Driver is not enhanced.

[2024-04-01 15:23:09 #3 type] 
Type domain.Booking is not enhanced.

[2024-04-01 15:23:09 #4 type] 
Type domain.Ride is not enhanced.

[2024-04-01 15:23:09 #5 type] 
Type domain.User is not enhanced.

[2024-04-01 15:23:09 #6 type] 
Type domain.Stop is not enhanced.

------------------------------------------------------------------------------------------------------------------------

[2024-04-01 15:27:09 #1 store] 
Database 'C:\Users\mikel\git\repository\Rides24\src\main\resources\rides.temp' is opened by 6720@MSI-M1K3L

[2024-04-01 15:27:09 #2 type] 
Type domain.Driver is not enhanced.

[2024-04-01 15:27:09 #3 type] 
Type domain.Booking is not enhanced.

[2024-04-01 15:27:09 #4 type] 
Type domain.Ride is not enhanced.

[2024-04-01 15:27:09 #5 type] 
Type domain.User is not enhanced.

[2024-04-01 15:27:09 #6 type] 
Type domain.Stop is not enhanced.

------------------------------------------------------------------------------------------------------------------------

[2024-04-01 15:30:18 #1 store] 
Database 'C:\Users\mikel\git\repository\Rides24\src\main\resources\rides.temp' is opened by 10656@MSI-M1K3L

[2024-04-01 15:30:18 #2 type] 
Type domain.Driver is not enhanced.

[2024-04-01 15:30:18 #3 type] 
Type domain.Booking is not enhanced.

[2024-04-01 15:30:18 #4 type] 
Type domain.Ride is not enhanced.

[2024-04-01 15:30:18 #5 type] 
Type domain.User is not enhanced.

[2024-04-01 15:30:18 #6 type] 
Type domain.Stop is not enhanced.

------------------------------------------------------------------------------------------------------------------------

[2024-04-01 15:31:08 #1 store] 
Database 'C:\Users\mikel\git\repository\Rides24\src\main\resources\rides.temp' has been recovered (tr. 21-23)

[2024-04-01 15:31:08 #2 store] 
Database 'C:\Users\mikel\git\repository\Rides24\src\main\resources\rides.temp' is opened by 15008@MSI-M1K3L

[2024-04-01 15:31:08 #3 type] 
Type domain.Driver is not enhanced.

[2024-04-01 15:31:08 #4 type] 
Type domain.Booking is not enhanced.

[2024-04-01 15:31:08 #5 type] 
Type domain.Ride is not enhanced.

[2024-04-01 15:31:08 #6 type] 
Type domain.User is not enhanced.

[2024-04-01 15:31:08 #7 type] 
Type domain.Stop is not enhanced.

------------------------------------------------------------------------------------------------------------------------

[2024-04-01 15:34:15 #1 store] 
Database 'C:\Users\mikel\git\repository\Rides24\src\main\resources\rides.temp' has been recovered (tr. 24-24)

[2024-04-01 15:34:15 #2 store] 
Database 'C:\Users\mikel\git\repository\Rides24\src\main\resources\rides.temp' is opened by 20424@MSI-M1K3L

[2024-04-01 15:34:15 #3 type] 
Type domain.Driver is not enhanced.

[2024-04-01 15:34:15 #4 type] 
Type domain.Booking is not enhanced.

[2024-04-01 15:34:15 #5 type] 
Type domain.Ride is not enhanced.

[2024-04-01 15:34:15 #6 type] 
Type domain.User is not enhanced.

[2024-04-01 15:34:15 #7 type] 
Type domain.Stop is not enhanced.

------------------------------------------------------------------------------------------------------------------------

[2024-04-01 15:35:56 #1 store] 
Database 'C:\Users\mikel\git\repository\Rides24\src\main\resources\rides.temp' is opened by 19172@MSI-M1K3L

[2024-04-01 15:35:56 #2 type.registry] 
New type domain.Driver

[2024-04-01 15:35:56 #3 type] 
Type domain.Driver is not enhanced.

[2024-04-01 15:35:56 #4 type.registry] 
New type domain.Booking

[2024-04-01 15:35:56 #5 type.registry] 
New type domain.Ride

[2024-04-01 15:35:56 #6 type] 
Type domain.Booking is not enhanced.

[2024-04-01 15:35:56 #7 type.registry] 
New type domain.User

[2024-04-01 15:35:56 #8 type] 
Type domain.Ride is not enhanced.

[2024-04-01 15:35:56 #9 type.registry] 
New type domain.Stop

[2024-04-01 15:35:56 #10 type] 
Type domain.User is not enhanced.

[2024-04-01 15:35:56 #11 type] 
Type domain.Stop is not enhanced.

[2024-04-01 15:35:57 #12 type.registry] 
New type java.util.Vector<java.lang.Object>

[2024-04-01 15:35:57 #13 type.registry] 
New type java.util.Vector<domain.Ride>

[2024-04-01 15:35:57 #14 type.registry] 
New type java.util.Vector<domain.Booking>

[2024-04-01 15:35:57 #15 type.registry] 
New type java.util.Vector<domain.Stop>

------------------------------------------------------------------------------------------------------------------------

[2024-04-01 15:36:08 #1 store] 
Database 'C:\Users\mikel\git\repository\Rides24\src\main\resources\rides.temp' has been recovered (tr. 1-8)

[2024-04-01 15:36:08 #2 store] 
Database 'C:\Users\mikel\git\repository\Rides24\src\main\resources\rides.temp' is opened by 17224@MSI-M1K3L

[2024-04-01 15:36:08 #3 type] 
Type domain.Driver is not enhanced.

[2024-04-01 15:36:08 #4 type] 
Type domain.Booking is not enhanced.

[2024-04-01 15:36:08 #5 type] 
Type domain.Ride is not enhanced.

[2024-04-01 15:36:08 #6 type] 
Type domain.User is not enhanced.

[2024-04-01 15:36:08 #7 type] 
Type domain.Stop is not enhanced.

------------------------------------------------------------------------------------------------------------------------

[2024-04-01 15:37:51 #1 store] 
Database 'C:\Users\mikel\git\repository\Rides24\src\main\resources\rides.temp' is opened by 13580@MSI-M1K3L

[2024-04-01 15:37:51 #2 type] 
Type domain.Driver is not enhanced.

[2024-04-01 15:37:51 #3 type] 
Type domain.Booking is not enhanced.

[2024-04-01 15:37:51 #4 type] 
Type domain.Ride is not enhanced.

[2024-04-01 15:37:51 #5 type] 
Type domain.User is not enhanced.

[2024-04-01 15:37:51 #6 type] 
Type domain.Stop is not enhanced.

------------------------------------------------------------------------------------------------------------------------

[2024-04-01 15:39:46 #1 store] 
Database 'C:\Users\mikel\git\repository\Rides24\src\main\resources\rides.temp' is opened by 4912@MSI-M1K3L

[2024-04-01 15:39:46 #2 type] 
Type domain.Driver is not enhanced.

[2024-04-01 15:39:46 #3 type] 
Type domain.Booking is not enhanced.

[2024-04-01 15:39:46 #4 type] 
Type domain.Ride is not enhanced.

[2024-04-01 15:39:46 #5 type] 
Type domain.User is not enhanced.

[2024-04-01 15:39:46 #6 type] 
Type domain.Stop is not enhanced.

------------------------------------------------------------------------------------------------------------------------

[2024-04-01 15:40:57 #1 store] 
Database 'C:\Users\mikel\git\repository\Rides24\src\main\resources\rides.temp' is opened by 21372@MSI-M1K3L

[2024-04-01 15:40:57 #2 type] 
Type domain.Driver is not enhanced.

[2024-04-01 15:40:57 #3 type] 
Type domain.Booking is not enhanced.

[2024-04-01 15:40:57 #4 type] 
Type domain.Ride is not enhanced.

[2024-04-01 15:40:57 #5 type] 
Type domain.User is not enhanced.

[2024-04-01 15:40:57 #6 type] 
Type domain.Stop is not enhanced.

------------------------------------------------------------------------------------------------------------------------

[2024-04-01 15:41:17 #1 store] 
Database 'C:\Users\mikel\git\repository\Rides24\src\main\resources\rides.temp' has been recovered (tr. 12-12)

[2024-04-01 15:41:17 #2 store] 
Database 'C:\Users\mikel\git\repository\Rides24\src\main\resources\rides.temp' is opened by 8868@MSI-M1K3L

[2024-04-01 15:41:18 #3 type] 
Type domain.Driver is not enhanced.

[2024-04-01 15:41:18 #4 type] 
Type domain.Booking is not enhanced.

[2024-04-01 15:41:18 #5 type] 
Type domain.Ride is not enhanced.

[2024-04-01 15:41:18 #6 type] 
Type domain.User is not enhanced.

[2024-04-01 15:41:18 #7 type] 
Type domain.Stop is not enhanced.

------------------------------------------------------------------------------------------------------------------------

[2024-04-01 15:42:53 #1 store] 
Database 'C:\Users\mikel\git\repository\Rides24\src\main\resources\rides.temp' is opened by 4132@MSI-M1K3L

[2024-04-01 15:42:53 #2 type] 
Type domain.Driver is not enhanced.

[2024-04-01 15:42:53 #3 type] 
Type domain.Booking is not enhanced.

[2024-04-01 15:42:53 #4 type] 
Type domain.Ride is not enhanced.

[2024-04-01 15:42:53 #5 type] 
Type domain.User is not enhanced.

[2024-04-01 15:42:53 #6 type] 
Type domain.Stop is not enhanced.

------------------------------------------------------------------------------------------------------------------------

[2024-04-01 15:43:48 #1 store] 
Database 'C:\Users\mikel\git\repository\Rides24\src\main\resources\rides.temp' is opened by 2732@MSI-M1K3L

[2024-04-01 15:43:48 #2 type] 
Type domain.Driver is not enhanced.

[2024-04-01 15:43:48 #3 type] 
Type domain.Booking is not enhanced.

[2024-04-01 15:43:48 #4 type] 
Type domain.Ride is not enhanced.

[2024-04-01 15:43:48 #5 type] 
Type domain.User is not enhanced.

[2024-04-01 15:43:48 #6 type] 
Type domain.Stop is not enhanced.

