------------------------------------------------------------------------------------------------------------------------

[2024-03-02 18:04:46 #1 store] 
Database 'C:\Users\mikel\OneDrive\Escritorio\UNI\Asignaturas Segundo\Segundo Cuatri\IS\Iteraciones\Iteracion 1\Rides24-master(2).zip_expanded\Rides24-master\src\main\resources\rides.temp' is opened by 12780@MSI-M1K3L

[2024-03-02 18:04:46 #2 type] 
Type domain.Driver is not enhanced.

[2024-03-02 18:04:46 #3 type] 
Type domain.Ride is not enhanced.

[2024-03-02 18:04:46 #4 type] 
Type domain.User is not enhanced.

------------------------------------------------------------------------------------------------------------------------

[2024-03-02 18:08:02 #1 store] 
Database 'C:\Users\mikel\OneDrive\Escritorio\UNI\Asignaturas Segundo\Segundo Cuatri\IS\Iteraciones\Iteracion 1\Rides24-master(2).zip_expanded\Rides24-master\src\main\resources\rides.temp' has been recovered (tr. 9-9)

[2024-03-02 18:08:02 #2 store] 
Database 'C:\Users\mikel\OneDrive\Escritorio\UNI\Asignaturas Segundo\Segundo Cuatri\IS\Iteraciones\Iteracion 1\Rides24-master(2).zip_expanded\Rides24-master\src\main\resources\rides.temp' is opened by 1492@MSI-M1K3L

[2024-03-02 18:08:02 #3 type] 
Type domain.Driver is not enhanced.

[2024-03-02 18:08:02 #4 type] 
Type domain.Ride is not enhanced.

[2024-03-02 18:08:02 #5 type] 
Type domain.User is not enhanced.

------------------------------------------------------------------------------------------------------------------------

[2024-03-02 18:13:17 #1 store] 
Database 'C:\Users\mikel\OneDrive\Escritorio\UNI\Asignaturas Segundo\Segundo Cuatri\IS\Iteraciones\Iteracion 1\Rides24-master(2).zip_expanded\Rides24-master\src\main\resources\rides.temp' is opened by 15968@MSI-M1K3L

[2024-03-02 18:13:17 #2 type] 
Type domain.Driver is not enhanced.

[2024-03-02 18:13:17 #3 type] 
Type domain.Ride is not enhanced.

[2024-03-02 18:13:17 #4 type] 
Type domain.User is not enhanced.

------------------------------------------------------------------------------------------------------------------------

[2024-03-02 18:16:01 #1 store] 
Database 'C:\Users\mikel\OneDrive\Escritorio\UNI\Asignaturas Segundo\Segundo Cuatri\IS\Iteraciones\Iteracion 1\Rides24-master(2).zip_expanded\Rides24-master\src\main\resources\rides.temp' is opened by 10964@MSI-M1K3L

[2024-03-02 18:16:01 #2 type] 
Type domain.Driver is not enhanced.

[2024-03-02 18:16:01 #3 type] 
Type domain.Ride is not enhanced.

[2024-03-02 18:16:01 #4 type] 
Type domain.User is not enhanced.

------------------------------------------------------------------------------------------------------------------------

[2024-03-02 18:17:26 #1 store] 
Database 'C:\Users\mikel\OneDrive\Escritorio\UNI\Asignaturas Segundo\Segundo Cuatri\IS\Iteraciones\Iteracion 1\Rides24-master(2).zip_expanded\Rides24-master\src\main\resources\rides.temp' is opened by 18420@MSI-M1K3L

[2024-03-02 18:17:26 #2 type] 
Type domain.Driver is not enhanced.

[2024-03-02 18:17:26 #3 type] 
Type domain.Ride is not enhanced.

[2024-03-02 18:17:26 #4 type] 
Type domain.User is not enhanced.

------------------------------------------------------------------------------------------------------------------------

[2024-03-02 18:19:07 #1 store] 
Database 'C:\Users\mikel\OneDrive\Escritorio\UNI\Asignaturas Segundo\Segundo Cuatri\IS\Iteraciones\Iteracion 1\Rides24-master(2).zip_expanded\Rides24-master\src\main\resources\rides.temp' is opened by 11888@MSI-M1K3L

[2024-03-02 18:19:07 #2 type] 
Type domain.Driver is not enhanced.

[2024-03-02 18:19:07 #3 type] 
Type domain.Ride is not enhanced.

[2024-03-02 18:19:07 #4 type] 
Type domain.User is not enhanced.

------------------------------------------------------------------------------------------------------------------------

[2024-03-02 18:21:16 #1 store] 
Database 'C:\Users\mikel\OneDrive\Escritorio\UNI\Asignaturas Segundo\Segundo Cuatri\IS\Iteraciones\Iteracion 1\Rides24-master(2).zip_expanded\Rides24-master\src\main\resources\rides.temp' is opened by 3580@MSI-M1K3L

[2024-03-02 18:21:16 #2 type] 
Type domain.Driver is not enhanced.

[2024-03-02 18:21:16 #3 type] 
Type domain.Ride is not enhanced.

[2024-03-02 18:21:16 #4 type] 
Type domain.User is not enhanced.

------------------------------------------------------------------------------------------------------------------------

[2024-03-02 18:25:18 #1 store] 
Database 'C:\Users\mikel\OneDrive\Escritorio\UNI\Asignaturas Segundo\Segundo Cuatri\IS\Iteraciones\Iteracion 1\Rides24-master(2).zip_expanded\Rides24-master\src\main\resources\rides.temp' is opened by 18464@MSI-M1K3L

[2024-03-02 18:25:19 #2 type] 
Type domain.Driver is not enhanced.

[2024-03-02 18:25:19 #3 type] 
Type domain.Ride is not enhanced.

[2024-03-02 18:25:19 #4 type] 
Type domain.User is not enhanced.

------------------------------------------------------------------------------------------------------------------------

[2024-03-02 18:25:52 #1 store] 
Database 'C:\Users\mikel\OneDrive\Escritorio\UNI\Asignaturas Segundo\Segundo Cuatri\IS\Iteraciones\Iteracion 1\Rides24-master(2).zip_expanded\Rides24-master\src\main\resources\rides.temp' is opened by 5232@MSI-M1K3L

[2024-03-02 18:25:52 #2 type] 
Type domain.Driver is not enhanced.

[2024-03-02 18:25:52 #3 type] 
Type domain.Ride is not enhanced.

[2024-03-02 18:25:52 #4 type] 
Type domain.User is not enhanced.

------------------------------------------------------------------------------------------------------------------------

[2024-03-02 18:26:58 #1 store] 
Database 'C:\Users\mikel\OneDrive\Escritorio\UNI\Asignaturas Segundo\Segundo Cuatri\IS\Iteraciones\Iteracion 1\Rides24-master(2).zip_expanded\Rides24-master\src\main\resources\rides.temp' is opened by 4856@MSI-M1K3L

[2024-03-02 18:26:58 #2 type] 
Type domain.Driver is not enhanced.

[2024-03-02 18:26:58 #3 type] 
Type domain.Ride is not enhanced.

[2024-03-02 18:26:58 #4 type] 
Type domain.User is not enhanced.

------------------------------------------------------------------------------------------------------------------------

[2024-03-02 18:27:44 #1 store] 
Database 'C:\Users\mikel\OneDrive\Escritorio\UNI\Asignaturas Segundo\Segundo Cuatri\IS\Iteraciones\Iteracion 1\Rides24-master(2).zip_expanded\Rides24-master\src\main\resources\rides.temp' is opened by 6136@MSI-M1K3L

[2024-03-02 18:27:44 #2 type] 
Type domain.Driver is not enhanced.

[2024-03-02 18:27:45 #3 type] 
Type domain.Ride is not enhanced.

[2024-03-02 18:27:45 #4 type] 
Type domain.User is not enhanced.

------------------------------------------------------------------------------------------------------------------------

[2024-03-02 18:29:51 #1 store] 
Database 'C:\Users\mikel\OneDrive\Escritorio\UNI\Asignaturas Segundo\Segundo Cuatri\IS\Iteraciones\Iteracion 1\Rides24-master(2).zip_expanded\Rides24-master\src\main\resources\rides.temp' has been recovered (tr. 13-13)

[2024-03-02 18:29:51 #2 store] 
Database 'C:\Users\mikel\OneDrive\Escritorio\UNI\Asignaturas Segundo\Segundo Cuatri\IS\Iteraciones\Iteracion 1\Rides24-master(2).zip_expanded\Rides24-master\src\main\resources\rides.temp' is opened by 2876@MSI-M1K3L

[2024-03-02 18:29:51 #3 type] 
Type domain.Driver is not enhanced.

[2024-03-02 18:29:51 #4 type] 
Type domain.Ride is not enhanced.

[2024-03-02 18:29:51 #5 type] 
Type domain.User is not enhanced.

------------------------------------------------------------------------------------------------------------------------

[2024-03-02 18:32:48 #1 store] 
Database 'C:\Users\mikel\OneDrive\Escritorio\UNI\Asignaturas Segundo\Segundo Cuatri\IS\Iteraciones\Iteracion 1\Rides24-master(2).zip_expanded\Rides24-master\src\main\resources\rides.temp' has been recovered (tr. 14-14)

[2024-03-02 18:32:48 #2 store] 
Database 'C:\Users\mikel\OneDrive\Escritorio\UNI\Asignaturas Segundo\Segundo Cuatri\IS\Iteraciones\Iteracion 1\Rides24-master(2).zip_expanded\Rides24-master\src\main\resources\rides.temp' is opened by 17192@MSI-M1K3L

[2024-03-02 18:32:48 #3 type] 
Type domain.Driver is not enhanced.

[2024-03-02 18:32:48 #4 type] 
Type domain.Ride is not enhanced.

[2024-03-02 18:32:48 #5 type] 
Type domain.User is not enhanced.

------------------------------------------------------------------------------------------------------------------------

[2024-03-02 23:28:24 #1 store] 
Database 'C:\Users\mikel\OneDrive\Escritorio\UNI\Asignaturas Segundo\Segundo Cuatri\IS\Iteraciones\Iteracion 1\Rides24-master(2).zip_expanded\Rides24-master\src\main\resources\rides.temp' is opened by 17524@MSI-M1K3L

[2024-03-02 23:28:24 #2 type] 
Type domain.Driver is not enhanced.

[2024-03-02 23:28:24 #3 type] 
Type domain.Ride is not enhanced.

[2024-03-02 23:28:24 #4 type] 
Type domain.User is not enhanced.

------------------------------------------------------------------------------------------------------------------------

[2024-03-02 23:31:07 #1 store] 
Database 'C:\Users\mikel\OneDrive\Escritorio\UNI\Asignaturas Segundo\Segundo Cuatri\IS\Iteraciones\Iteracion 1\Rides24-master(2).zip_expanded\Rides24-master\src\main\resources\rides.temp' is opened by 18744@MSI-M1K3L

[2024-03-02 23:31:07 #2 type] 
Type domain.Driver is not enhanced.

[2024-03-02 23:31:07 #3 type] 
Type domain.Ride is not enhanced.

[2024-03-02 23:31:07 #4 type] 
Type domain.User is not enhanced.

------------------------------------------------------------------------------------------------------------------------

[2024-03-02 23:31:40 #1 store] 
Database 'C:\Users\mikel\OneDrive\Escritorio\UNI\Asignaturas Segundo\Segundo Cuatri\IS\Iteraciones\Iteracion 1\Rides24-master(2).zip_expanded\Rides24-master\src\main\resources\rides.temp' is opened by 6420@MSI-M1K3L

[2024-03-02 23:31:40 #2 type] 
Type domain.Driver is not enhanced.

[2024-03-02 23:31:40 #3 type] 
Type domain.Ride is not enhanced.

[2024-03-02 23:31:40 #4 type] 
Type domain.User is not enhanced.

