------------------------------------------------------------------------------------------------------------------------

[2024-03-25 09:20:45 #1 store] 
Database 'C:\Users\mikel\git\repository\Rides24\src\main\resources\rides.temp' is opened by 13748@MSI-M1K3L

[2024-03-25 09:20:45 #2 type] 
Type domain.Driver is not enhanced.

[2024-03-25 09:20:45 #3 type] 
Type domain.Booking is not enhanced.

[2024-03-25 09:20:45 #4 type] 
Type domain.Ride is not enhanced.

[2024-03-25 09:20:45 #5 type] 
Type domain.User is not enhanced.

------------------------------------------------------------------------------------------------------------------------

[2024-03-25 09:21:14 #1 store] 
Database 'C:\Users\mikel\git\repository\Rides24\src\main\resources\rides.temp' is opened by 18964@MSI-M1K3L

[2024-03-25 09:21:14 #2 type] 
Type domain.Driver is not enhanced.

[2024-03-25 09:21:14 #3 type] 
Type domain.Booking is not enhanced.

[2024-03-25 09:21:15 #4 type] 
Type domain.Ride is not enhanced.

[2024-03-25 09:21:15 #5 type] 
Type domain.User is not enhanced.

------------------------------------------------------------------------------------------------------------------------

[2024-03-25 09:21:44 #1 store] 
Database 'C:\Users\mikel\git\repository\Rides24\src\main\resources\rides.temp' has been recovered (tr. 15-15)

[2024-03-25 09:21:44 #2 store] 
Database 'C:\Users\mikel\git\repository\Rides24\src\main\resources\rides.temp' is opened by 11324@MSI-M1K3L

[2024-03-25 09:21:44 #3 type] 
Type domain.Driver is not enhanced.

[2024-03-25 09:21:44 #4 type] 
Type domain.Booking is not enhanced.

[2024-03-25 09:21:44 #5 type] 
Type domain.Ride is not enhanced.

[2024-03-25 09:21:44 #6 type] 
Type domain.User is not enhanced.

------------------------------------------------------------------------------------------------------------------------

[2024-03-25 09:24:58 #1 store] 
Database 'C:\Users\mikel\git\repository\Rides24\src\main\resources\rides.temp' is opened by 15552@MSI-M1K3L

[2024-03-25 09:24:58 #2 type] 
Type domain.Driver is not enhanced.

[2024-03-25 09:24:58 #3 type] 
Type domain.Booking is not enhanced.

[2024-03-25 09:24:58 #4 type] 
Type domain.Ride is not enhanced.

[2024-03-25 09:24:58 #5 type] 
Type domain.User is not enhanced.

------------------------------------------------------------------------------------------------------------------------

[2024-03-25 09:27:28 #1 store] 
Database 'C:\Users\mikel\git\repository\Rides24\src\main\resources\rides.temp' is opened by 6400@MSI-M1K3L

[2024-03-25 09:27:28 #2 type] 
Type domain.Driver is not enhanced.

[2024-03-25 09:27:28 #3 type] 
Type domain.Booking is not enhanced.

[2024-03-25 09:27:28 #4 type] 
Type domain.Ride is not enhanced.

[2024-03-25 09:27:28 #5 type] 
Type domain.User is not enhanced.

------------------------------------------------------------------------------------------------------------------------

[2024-03-25 09:28:53 #1 store] 
Database 'C:\Users\mikel\git\repository\Rides24\src\main\resources\rides.temp' is opened by 13420@MSI-M1K3L

[2024-03-25 09:28:53 #2 type] 
Type domain.Driver is not enhanced.

[2024-03-25 09:28:53 #3 type] 
Type domain.Booking is not enhanced.

[2024-03-25 09:28:53 #4 type] 
Type domain.Ride is not enhanced.

[2024-03-25 09:28:53 #5 type] 
Type domain.User is not enhanced.

------------------------------------------------------------------------------------------------------------------------

[2024-03-25 09:29:33 #1 store] 
Database 'C:\Users\mikel\git\repository\Rides24\src\main\resources\rides.temp' is opened by 15092@MSI-M1K3L

[2024-03-25 09:29:33 #2 type] 
Type domain.Driver is not enhanced.

[2024-03-25 09:29:33 #3 type] 
Type domain.Booking is not enhanced.

[2024-03-25 09:29:33 #4 type] 
Type domain.Ride is not enhanced.

[2024-03-25 09:29:33 #5 type] 
Type domain.User is not enhanced.

------------------------------------------------------------------------------------------------------------------------

[2024-03-25 11:44:07 #1 store] 
Database 'C:\Users\mikel\git\repository\Rides24\src\main\resources\rides.temp' is opened by 10596@MSI-M1K3L

[2024-03-25 11:44:07 #2 type] 
Type domain.Driver is not enhanced.

[2024-03-25 11:44:07 #3 type] 
Type domain.Booking is not enhanced.

[2024-03-25 11:44:07 #4 type] 
Type domain.Ride is not enhanced.

[2024-03-25 11:44:07 #5 type] 
Type domain.User is not enhanced.

------------------------------------------------------------------------------------------------------------------------

[2024-03-25 11:47:57 #1 store] 
Database 'C:\Users\mikel\git\repository\Rides24\src\main\resources\rides.temp' is opened by 8284@MSI-M1K3L

[2024-03-25 11:47:57 #2 type] 
Type domain.Driver is not enhanced.

[2024-03-25 11:47:57 #3 type] 
Type domain.Booking is not enhanced.

[2024-03-25 11:47:57 #4 type] 
Type domain.Ride is not enhanced.

[2024-03-25 11:47:57 #5 type] 
Type domain.User is not enhanced.

------------------------------------------------------------------------------------------------------------------------

[2024-03-25 11:52:45 #1 store] 
Database 'C:\Users\mikel\git\repository\Rides24\src\main\resources\rides.temp' is opened by 4520@MSI-M1K3L

[2024-03-25 11:52:45 #2 type] 
Type domain.Driver is not enhanced.

[2024-03-25 11:52:45 #3 type] 
Type domain.Booking is not enhanced.

[2024-03-25 11:52:45 #4 type] 
Type domain.Ride is not enhanced.

[2024-03-25 11:52:45 #5 type] 
Type domain.User is not enhanced.

------------------------------------------------------------------------------------------------------------------------

[2024-03-25 11:55:13 #1 store] 
Database 'C:\Users\mikel\git\repository\Rides24\src\main\resources\rides.temp' is opened by 15956@MSI-M1K3L

[2024-03-25 11:55:13 #2 type] 
Type domain.Driver is not enhanced.

[2024-03-25 11:55:13 #3 type] 
Type domain.Booking is not enhanced.

[2024-03-25 11:55:13 #4 type] 
Type domain.Ride is not enhanced.

[2024-03-25 11:55:13 #5 type] 
Type domain.User is not enhanced.

------------------------------------------------------------------------------------------------------------------------

[2024-03-25 11:55:43 #1 store] 
Database 'C:\Users\mikel\git\repository\Rides24\src\main\resources\rides.temp' is opened by 10980@MSI-M1K3L

[2024-03-25 11:55:43 #2 type] 
Type domain.Driver is not enhanced.

[2024-03-25 11:55:43 #3 type] 
Type domain.Booking is not enhanced.

[2024-03-25 11:55:43 #4 type] 
Type domain.Ride is not enhanced.

[2024-03-25 11:55:43 #5 type] 
Type domain.User is not enhanced.

------------------------------------------------------------------------------------------------------------------------

[2024-03-25 11:55:49 #1 store] 
Database 'C:\Users\mikel\git\repository\Rides24\src\main\resources\rides.temp' is opened by 10260@MSI-M1K3L

[2024-03-25 11:55:49 #2 type] 
Type domain.Driver is not enhanced.

[2024-03-25 11:55:49 #3 type] 
Type domain.Booking is not enhanced.

[2024-03-25 11:55:49 #4 type] 
Type domain.Ride is not enhanced.

[2024-03-25 11:55:49 #5 type] 
Type domain.User is not enhanced.

------------------------------------------------------------------------------------------------------------------------

[2024-03-25 11:56:24 #1 store] 
Database 'C:\Users\mikel\git\repository\Rides24\src\main\resources\rides.temp' is opened by 17524@MSI-M1K3L

[2024-03-25 11:56:24 #2 type] 
Type domain.Driver is not enhanced.

[2024-03-25 11:56:24 #3 type] 
Type domain.Booking is not enhanced.

[2024-03-25 11:56:24 #4 type] 
Type domain.Ride is not enhanced.

[2024-03-25 11:56:24 #5 type] 
Type domain.User is not enhanced.

------------------------------------------------------------------------------------------------------------------------

[2024-03-25 11:57:10 #1 store] 
Database 'C:\Users\mikel\git\repository\Rides24\src\main\resources\rides.temp' is opened by 18244@MSI-M1K3L

[2024-03-25 11:57:10 #2 type] 
Type domain.Driver is not enhanced.

[2024-03-25 11:57:10 #3 type] 
Type domain.Booking is not enhanced.

[2024-03-25 11:57:10 #4 type] 
Type domain.Ride is not enhanced.

[2024-03-25 11:57:10 #5 type] 
Type domain.User is not enhanced.

------------------------------------------------------------------------------------------------------------------------

[2024-03-25 12:02:05 #1 store] 
Database 'C:\Users\mikel\git\repository\Rides24\src\main\resources\rides.temp' is opened by 6780@MSI-M1K3L

[2024-03-25 12:02:06 #2 type] 
Type domain.Driver is not enhanced.

[2024-03-25 12:02:06 #3 type] 
Type domain.Booking is not enhanced.

[2024-03-25 12:02:06 #4 type] 
Type domain.Ride is not enhanced.

[2024-03-25 12:02:06 #5 type] 
Type domain.User is not enhanced.

------------------------------------------------------------------------------------------------------------------------

[2024-03-25 12:03:23 #1 store] 
Database 'C:\Users\mikel\git\repository\Rides24\src\main\resources\rides.temp' is opened by 16952@MSI-M1K3L

[2024-03-25 12:03:23 #2 type] 
Type domain.Driver is not enhanced.

[2024-03-25 12:03:23 #3 type] 
Type domain.Booking is not enhanced.

[2024-03-25 12:03:23 #4 type] 
Type domain.Ride is not enhanced.

[2024-03-25 12:03:23 #5 type] 
Type domain.User is not enhanced.

------------------------------------------------------------------------------------------------------------------------

[2024-03-25 12:05:13 #1 store] 
Database 'C:\Users\mikel\git\repository\Rides24\src\main\resources\rides.temp' is opened by 14248@MSI-M1K3L

[2024-03-25 12:05:13 #2 type] 
Type domain.Driver is not enhanced.

[2024-03-25 12:05:13 #3 type] 
Type domain.Booking is not enhanced.

[2024-03-25 12:05:13 #4 type] 
Type domain.Ride is not enhanced.

[2024-03-25 12:05:13 #5 type] 
Type domain.User is not enhanced.

------------------------------------------------------------------------------------------------------------------------

[2024-03-25 12:24:44 #1 store] 
Database 'C:\Users\mikel\git\repository\Rides24\src\main\resources\rides.temp' is opened by 14164@MSI-M1K3L

[2024-03-25 12:24:44 #2 type] 
Type domain.Driver is not enhanced.

[2024-03-25 12:24:44 #3 type] 
Type domain.Booking is not enhanced.

[2024-03-25 12:24:44 #4 type] 
Type domain.Ride is not enhanced.

[2024-03-25 12:24:44 #5 type] 
Type domain.User is not enhanced.

------------------------------------------------------------------------------------------------------------------------

[2024-03-25 12:25:22 #1 store] 
Database 'C:\Users\mikel\git\repository\Rides24\src\main\resources\rides.temp' is opened by 1324@MSI-M1K3L

[2024-03-25 12:25:23 #2 type] 
Type domain.Driver is not enhanced.

[2024-03-25 12:25:23 #3 type] 
Type domain.Booking is not enhanced.

[2024-03-25 12:25:23 #4 type] 
Type domain.Ride is not enhanced.

[2024-03-25 12:25:23 #5 type] 
Type domain.User is not enhanced.

------------------------------------------------------------------------------------------------------------------------

[2024-03-25 12:28:25 #1 store] 
Database 'C:\Users\mikel\git\repository\Rides24\src\main\resources\rides.temp' is opened by 5480@MSI-M1K3L

[2024-03-25 12:28:25 #2 type] 
Type domain.Driver is not enhanced.

[2024-03-25 12:28:25 #3 type] 
Type domain.Booking is not enhanced.

[2024-03-25 12:28:25 #4 type] 
Type domain.Ride is not enhanced.

[2024-03-25 12:28:25 #5 type] 
Type domain.User is not enhanced.

------------------------------------------------------------------------------------------------------------------------

[2024-03-25 12:33:30 #1 store] 
Database 'C:\Users\mikel\git\repository\Rides24\src\main\resources\rides.temp' is opened by 17524@MSI-M1K3L

[2024-03-25 12:33:30 #2 type] 
Type domain.Driver is not enhanced.

[2024-03-25 12:33:30 #3 type] 
Type domain.Booking is not enhanced.

[2024-03-25 12:33:30 #4 type] 
Type domain.Ride is not enhanced.

[2024-03-25 12:33:30 #5 type] 
Type domain.User is not enhanced.

------------------------------------------------------------------------------------------------------------------------

[2024-03-25 12:35:01 #1 store] 
Database 'C:\Users\mikel\git\repository\Rides24\src\main\resources\rides.temp' is opened by 6420@MSI-M1K3L

[2024-03-25 12:35:01 #2 type] 
Type domain.Driver is not enhanced.

[2024-03-25 12:35:01 #3 type] 
Type domain.Booking is not enhanced.

[2024-03-25 12:35:01 #4 type] 
Type domain.Ride is not enhanced.

[2024-03-25 12:35:01 #5 type] 
Type domain.User is not enhanced.

------------------------------------------------------------------------------------------------------------------------

[2024-03-25 12:36:40 #1 store] 
Database 'C:\Users\mikel\git\repository\Rides24\src\main\resources\rides.temp' is opened by 9828@MSI-M1K3L

[2024-03-25 12:36:40 #2 type] 
Type domain.Driver is not enhanced.

[2024-03-25 12:36:40 #3 type] 
Type domain.Booking is not enhanced.

[2024-03-25 12:36:40 #4 type] 
Type domain.Ride is not enhanced.

[2024-03-25 12:36:40 #5 type] 
Type domain.User is not enhanced.

------------------------------------------------------------------------------------------------------------------------

[2024-03-25 12:37:04 #1 store] 
Database 'C:\Users\mikel\git\repository\Rides24\src\main\resources\rides.temp' is opened by 2532@MSI-M1K3L

[2024-03-25 12:37:04 #2 type] 
Type domain.Driver is not enhanced.

[2024-03-25 12:37:04 #3 type] 
Type domain.Booking is not enhanced.

[2024-03-25 12:37:04 #4 type] 
Type domain.Ride is not enhanced.

[2024-03-25 12:37:04 #5 type] 
Type domain.User is not enhanced.

------------------------------------------------------------------------------------------------------------------------

[2024-03-25 12:37:50 #1 store] 
Database 'C:\Users\mikel\git\repository\Rides24\src\main\resources\rides.temp' is opened by 11280@MSI-M1K3L

[2024-03-25 12:37:50 #2 type] 
Type domain.Driver is not enhanced.

[2024-03-25 12:37:50 #3 type] 
Type domain.Booking is not enhanced.

[2024-03-25 12:37:50 #4 type] 
Type domain.Ride is not enhanced.

[2024-03-25 12:37:50 #5 type] 
Type domain.User is not enhanced.

------------------------------------------------------------------------------------------------------------------------

[2024-03-25 12:41:23 #1 store] 
Database 'C:\Users\mikel\git\repository\Rides24\src\main\resources\rides.temp' is opened by 10476@MSI-M1K3L

[2024-03-25 12:41:23 #2 type] 
Type domain.Driver is not enhanced.

[2024-03-25 12:41:23 #3 type] 
Type domain.Booking is not enhanced.

[2024-03-25 12:41:23 #4 type] 
Type domain.Ride is not enhanced.

[2024-03-25 12:41:23 #5 type] 
Type domain.User is not enhanced.

------------------------------------------------------------------------------------------------------------------------

[2024-03-25 12:42:06 #1 store] 
Database 'C:\Users\mikel\git\repository\Rides24\src\main\resources\rides.temp' is opened by 19600@MSI-M1K3L

[2024-03-25 12:42:06 #2 type] 
Type domain.Driver is not enhanced.

[2024-03-25 12:42:06 #3 type] 
Type domain.Booking is not enhanced.

[2024-03-25 12:42:06 #4 type] 
Type domain.Ride is not enhanced.

[2024-03-25 12:42:06 #5 type] 
Type domain.User is not enhanced.

------------------------------------------------------------------------------------------------------------------------

[2024-03-25 12:42:58 #1 store] 
Database 'C:\Users\mikel\git\repository\Rides24\src\main\resources\rides.temp' is opened by 11636@MSI-M1K3L

[2024-03-25 12:42:58 #2 type] 
Type domain.Driver is not enhanced.

[2024-03-25 12:42:58 #3 type] 
Type domain.Booking is not enhanced.

[2024-03-25 12:42:58 #4 type] 
Type domain.Ride is not enhanced.

[2024-03-25 12:42:58 #5 type] 
Type domain.User is not enhanced.

------------------------------------------------------------------------------------------------------------------------

[2024-03-25 12:44:20 #1 store] 
Database 'C:\Users\mikel\git\repository\Rides24\src\main\resources\rides.temp' is opened by 21120@MSI-M1K3L

[2024-03-25 12:44:20 #2 type] 
Type domain.Driver is not enhanced.

[2024-03-25 12:44:20 #3 type] 
Type domain.Booking is not enhanced.

[2024-03-25 12:44:20 #4 type] 
Type domain.Ride is not enhanced.

[2024-03-25 12:44:20 #5 type] 
Type domain.User is not enhanced.

------------------------------------------------------------------------------------------------------------------------

[2024-03-25 12:46:39 #1 store] 
Database 'C:\Users\mikel\git\repository\Rides24\src\main\resources\rides.temp' is opened by 11416@MSI-M1K3L

[2024-03-25 12:46:39 #2 type] 
Type domain.Driver is not enhanced.

[2024-03-25 12:46:39 #3 type] 
Type domain.Booking is not enhanced.

[2024-03-25 12:46:39 #4 type] 
Type domain.Ride is not enhanced.

[2024-03-25 12:46:39 #5 type] 
Type domain.User is not enhanced.

------------------------------------------------------------------------------------------------------------------------

[2024-03-25 12:48:32 #1 store] 
Database 'C:\Users\mikel\git\repository\Rides24\src\main\resources\rides.temp' is opened by 20832@MSI-M1K3L

[2024-03-25 12:48:32 #2 type] 
Type domain.Driver is not enhanced.

[2024-03-25 12:48:32 #3 type] 
Type domain.Booking is not enhanced.

[2024-03-25 12:48:32 #4 type] 
Type domain.Ride is not enhanced.

[2024-03-25 12:48:32 #5 type] 
Type domain.User is not enhanced.

------------------------------------------------------------------------------------------------------------------------

[2024-03-25 12:49:03 #1 store] 
Database 'C:\Users\mikel\git\repository\Rides24\src\main\resources\rides.temp' is opened by 19916@MSI-M1K3L

[2024-03-25 12:49:03 #2 type] 
Type domain.Driver is not enhanced.

[2024-03-25 12:49:03 #3 type] 
Type domain.Booking is not enhanced.

[2024-03-25 12:49:03 #4 type] 
Type domain.Ride is not enhanced.

[2024-03-25 12:49:03 #5 type] 
Type domain.User is not enhanced.

------------------------------------------------------------------------------------------------------------------------

[2024-03-25 12:51:25 #1 store] 
Database 'C:\Users\mikel\git\repository\Rides24\src\main\resources\rides.temp' has been recovered (tr. 16-16)

[2024-03-25 12:51:25 #2 store] 
Database 'C:\Users\mikel\git\repository\Rides24\src\main\resources\rides.temp' is opened by 20932@MSI-M1K3L

[2024-03-25 12:51:25 #3 type] 
Type domain.Driver is not enhanced.

[2024-03-25 12:51:25 #4 type] 
Type domain.Booking is not enhanced.

[2024-03-25 12:51:25 #5 type] 
Type domain.Ride is not enhanced.

[2024-03-25 12:51:25 #6 type] 
Type domain.User is not enhanced.

------------------------------------------------------------------------------------------------------------------------

[2024-03-25 12:53:09 #1 store] 
Database 'C:\Users\mikel\git\repository\Rides24\src\main\resources\rides.temp' has been recovered (tr. 17-17)

[2024-03-25 12:53:09 #2 store] 
Database 'C:\Users\mikel\git\repository\Rides24\src\main\resources\rides.temp' is opened by 15908@MSI-M1K3L

[2024-03-25 12:53:09 #3 type] 
Type domain.Driver is not enhanced.

[2024-03-25 12:53:09 #4 type] 
Type domain.Booking is not enhanced.

[2024-03-25 12:53:09 #5 type] 
Type domain.Ride is not enhanced.

[2024-03-25 12:53:09 #6 type] 
Type domain.User is not enhanced.

------------------------------------------------------------------------------------------------------------------------

[2024-03-25 12:55:18 #1 store] 
Database 'C:\Users\mikel\git\repository\Rides24\src\main\resources\rides.temp' has been recovered (tr. 18-18)

[2024-03-25 12:55:18 #2 store] 
Database 'C:\Users\mikel\git\repository\Rides24\src\main\resources\rides.temp' is opened by 10832@MSI-M1K3L

[2024-03-25 12:55:18 #3 type] 
Type domain.Driver is not enhanced.

[2024-03-25 12:55:18 #4 type] 
Type domain.Booking is not enhanced.

[2024-03-25 12:55:18 #5 type] 
Type domain.Ride is not enhanced.

[2024-03-25 12:55:18 #6 type] 
Type domain.User is not enhanced.

------------------------------------------------------------------------------------------------------------------------

[2024-03-25 12:56:09 #1 store] 
Database 'C:\Users\mikel\git\repository\Rides24\src\main\resources\rides.temp' is opened by 18116@MSI-M1K3L

[2024-03-25 12:56:09 #2 type] 
Type domain.Driver is not enhanced.

[2024-03-25 12:56:09 #3 type] 
Type domain.Booking is not enhanced.

[2024-03-25 12:56:09 #4 type] 
Type domain.Ride is not enhanced.

[2024-03-25 12:56:09 #5 type] 
Type domain.User is not enhanced.

------------------------------------------------------------------------------------------------------------------------

[2024-03-25 12:57:12 #1 store] 
Database 'C:\Users\mikel\git\repository\Rides24\src\main\resources\rides.temp' is opened by 10280@MSI-M1K3L

[2024-03-25 12:57:12 #2 type] 
Type domain.Driver is not enhanced.

[2024-03-25 12:57:12 #3 type] 
Type domain.Booking is not enhanced.

[2024-03-25 12:57:12 #4 type] 
Type domain.Ride is not enhanced.

[2024-03-25 12:57:12 #5 type] 
Type domain.User is not enhanced.

