------------------------------------------------------------------------------------------------------------------------

[2024-04-08 11:02:29 #1 store] 
Database 'C:\Users\mikel\git\repository\Rides24\src\main\resources\rides.temp' has been recovered (tr. 11-11)

[2024-04-08 11:02:29 #2 store] 
Database 'C:\Users\mikel\git\repository\Rides24\src\main\resources\rides.temp' is opened by 9768@MSI-M1K3L

[2024-04-08 11:02:29 #3 type] 
Type domain.Driver is not enhanced.

[2024-04-08 11:02:29 #4 type] 
Type domain.Booking is not enhanced.

[2024-04-08 11:02:29 #5 type] 
Type domain.Ride is not enhanced.

[2024-04-08 11:02:29 #6 type] 
Type domain.User is not enhanced.

[2024-04-08 11:02:29 #7 type] 
Type domain.Stop is not enhanced.

------------------------------------------------------------------------------------------------------------------------

[2024-04-08 11:18:32 #1 store] 
Database 'C:\Users\mikel\git\repository\Rides24\src\main\resources\rides.temp' has been recovered (tr. 12-12)

[2024-04-08 11:18:32 #2 store] 
Database 'C:\Users\mikel\git\repository\Rides24\src\main\resources\rides.temp' is opened by 10796@MSI-M1K3L

[2024-04-08 11:18:32 #3 type] 
Type domain.Driver is not enhanced.

[2024-04-08 11:18:32 #4 type] 
Type domain.Booking is not enhanced.

[2024-04-08 11:18:32 #5 type] 
Type domain.Ride is not enhanced.

[2024-04-08 11:18:32 #6 type] 
Type domain.User is not enhanced.

[2024-04-08 11:18:32 #7 type] 
Type domain.Stop is not enhanced.

------------------------------------------------------------------------------------------------------------------------

[2024-04-08 11:29:04 #1 store] 
Database 'C:\Users\mikel\git\repository\Rides24\src\main\resources\rides.temp' is opened by 13992@MSI-M1K3L

[2024-04-08 11:29:04 #2 type] 
Type domain.Driver is not enhanced.

[2024-04-08 11:29:04 #3 type] 
Type domain.Booking is not enhanced.

[2024-04-08 11:29:04 #4 type] 
Type domain.Ride is not enhanced.

[2024-04-08 11:29:04 #5 type] 
Type domain.User is not enhanced.

[2024-04-08 11:29:04 #6 type] 
Type domain.Stop is not enhanced.

------------------------------------------------------------------------------------------------------------------------

[2024-04-08 11:30:27 #1 store] 
Database 'C:\Users\mikel\git\repository\Rides24\src\main\resources\rides.temp' has been recovered (tr. 13-14)

[2024-04-08 11:30:27 #2 store] 
Database 'C:\Users\mikel\git\repository\Rides24\src\main\resources\rides.temp' is opened by 8728@MSI-M1K3L

[2024-04-08 11:30:27 #3 type] 
Type domain.Driver is not enhanced.

[2024-04-08 11:30:27 #4 type] 
Type domain.Booking is not enhanced.

[2024-04-08 11:30:27 #5 type] 
Type domain.Ride is not enhanced.

[2024-04-08 11:30:27 #6 type] 
Type domain.User is not enhanced.

[2024-04-08 11:30:27 #7 type] 
Type domain.Stop is not enhanced.

------------------------------------------------------------------------------------------------------------------------

[2024-04-08 11:34:10 #1 store] 
Database 'C:\Users\mikel\git\repository\Rides24\src\main\resources\rides.temp' has been recovered (tr. 15-15)

[2024-04-08 11:34:10 #2 store] 
Database 'C:\Users\mikel\git\repository\Rides24\src\main\resources\rides.temp' is opened by 18148@MSI-M1K3L

[2024-04-08 11:34:10 #3 type] 
Type domain.Driver is not enhanced.

[2024-04-08 11:34:10 #4 type] 
Type domain.Booking is not enhanced.

[2024-04-08 11:34:10 #5 type] 
Type domain.Ride is not enhanced.

[2024-04-08 11:34:10 #6 type] 
Type domain.User is not enhanced.

[2024-04-08 11:34:10 #7 type] 
Type domain.Stop is not enhanced.

------------------------------------------------------------------------------------------------------------------------

[2024-04-08 11:34:42 #1 store] 
Database 'C:\Users\mikel\git\repository\Rides24\src\main\resources\rides.temp' has been recovered (tr. 16-16)

[2024-04-08 11:34:42 #2 store] 
Database 'C:\Users\mikel\git\repository\Rides24\src\main\resources\rides.temp' is opened by 17860@MSI-M1K3L

[2024-04-08 11:34:42 #3 type] 
Type domain.Driver is not enhanced.

[2024-04-08 11:34:42 #4 type] 
Type domain.Booking is not enhanced.

[2024-04-08 11:34:42 #5 type] 
Type domain.Ride is not enhanced.

[2024-04-08 11:34:42 #6 type] 
Type domain.User is not enhanced.

[2024-04-08 11:34:42 #7 type] 
Type domain.Stop is not enhanced.

------------------------------------------------------------------------------------------------------------------------

[2024-04-08 11:35:19 #1 store] 
Database 'C:\Users\mikel\git\repository\Rides24\src\main\resources\rides.temp' has been recovered (tr. 17-17)

[2024-04-08 11:35:19 #2 store] 
Database 'C:\Users\mikel\git\repository\Rides24\src\main\resources\rides.temp' is opened by 5648@MSI-M1K3L

[2024-04-08 11:35:19 #3 type] 
Type domain.Driver is not enhanced.

[2024-04-08 11:35:19 #4 type] 
Type domain.Booking is not enhanced.

[2024-04-08 11:35:19 #5 type] 
Type domain.Ride is not enhanced.

[2024-04-08 11:35:19 #6 type] 
Type domain.User is not enhanced.

[2024-04-08 11:35:19 #7 type] 
Type domain.Stop is not enhanced.

------------------------------------------------------------------------------------------------------------------------

[2024-04-08 12:01:52 #1 store] 
Database 'C:\Users\mikel\git\repository\Rides24\src\main\resources\rides.temp' is opened by 6728@MSI-M1K3L

[2024-04-08 12:01:53 #2 type] 
Type domain.Driver is not enhanced.

[2024-04-08 12:01:53 #3 type] 
Type domain.Booking is not enhanced.

[2024-04-08 12:01:53 #4 type] 
Type domain.Ride is not enhanced.

[2024-04-08 12:01:53 #5 type] 
Type domain.User is not enhanced.

[2024-04-08 12:01:53 #6 type] 
Type domain.Stop is not enhanced.

------------------------------------------------------------------------------------------------------------------------

[2024-04-08 12:02:42 #1 store] 
Database 'C:\Users\mikel\git\repository\Rides24\src\main\resources\rides.temp' is opened by 5332@MSI-M1K3L

[2024-04-08 12:02:42 #2 type] 
Type domain.Driver is not enhanced.

[2024-04-08 12:02:42 #3 type] 
Type domain.Booking is not enhanced.

[2024-04-08 12:02:42 #4 type] 
Type domain.Ride is not enhanced.

[2024-04-08 12:02:42 #5 type] 
Type domain.User is not enhanced.

[2024-04-08 12:02:42 #6 type] 
Type domain.Stop is not enhanced.

------------------------------------------------------------------------------------------------------------------------

[2024-04-08 12:06:06 #1 store] 
Database 'C:\Users\mikel\git\repository\Rides24\src\main\resources\rides.temp' is opened by 18100@MSI-M1K3L

[2024-04-08 12:06:06 #2 type] 
Type domain.Driver is not enhanced.

[2024-04-08 12:06:06 #3 type] 
Type domain.Booking is not enhanced.

[2024-04-08 12:06:06 #4 type] 
Type domain.Ride is not enhanced.

[2024-04-08 12:06:06 #5 type] 
Type domain.User is not enhanced.

[2024-04-08 12:06:06 #6 type] 
Type domain.Stop is not enhanced.

------------------------------------------------------------------------------------------------------------------------

[2024-04-08 12:07:03 #1 store] 
Database 'C:\Users\mikel\git\repository\Rides24\src\main\resources\rides.temp' is opened by 19440@MSI-M1K3L

[2024-04-08 12:07:03 #2 type] 
Type domain.Driver is not enhanced.

[2024-04-08 12:07:03 #3 type] 
Type domain.Booking is not enhanced.

[2024-04-08 12:07:03 #4 type] 
Type domain.Ride is not enhanced.

[2024-04-08 12:07:03 #5 type] 
Type domain.User is not enhanced.

[2024-04-08 12:07:03 #6 type] 
Type domain.Stop is not enhanced.

------------------------------------------------------------------------------------------------------------------------

[2024-04-08 12:08:00 #1 store] 
Database 'C:\Users\mikel\git\repository\Rides24\src\main\resources\rides.temp' is opened by 10736@MSI-M1K3L

[2024-04-08 12:08:00 #2 type] 
Type domain.Driver is not enhanced.

[2024-04-08 12:08:00 #3 type] 
Type domain.Booking is not enhanced.

[2024-04-08 12:08:00 #4 type] 
Type domain.Ride is not enhanced.

[2024-04-08 12:08:00 #5 type] 
Type domain.User is not enhanced.

[2024-04-08 12:08:00 #6 type] 
Type domain.Stop is not enhanced.

------------------------------------------------------------------------------------------------------------------------

[2024-04-08 12:09:09 #1 store] 
Database 'C:\Users\mikel\git\repository\Rides24\src\main\resources\rides.temp' is opened by 16556@MSI-M1K3L

[2024-04-08 12:09:09 #2 type] 
Type domain.Driver is not enhanced.

[2024-04-08 12:09:09 #3 type] 
Type domain.Booking is not enhanced.

[2024-04-08 12:09:09 #4 type] 
Type domain.Ride is not enhanced.

[2024-04-08 12:09:09 #5 type] 
Type domain.User is not enhanced.

[2024-04-08 12:09:09 #6 type] 
Type domain.Stop is not enhanced.

------------------------------------------------------------------------------------------------------------------------

[2024-04-08 12:13:00 #1 store] 
Database 'C:\Users\mikel\git\repository\Rides24\src\main\resources\rides.temp' is opened by 11412@MSI-M1K3L

[2024-04-08 12:13:00 #2 type] 
Type domain.Driver is not enhanced.

[2024-04-08 12:13:00 #3 type] 
Type domain.Booking is not enhanced.

[2024-04-08 12:13:00 #4 type] 
Type domain.Ride is not enhanced.

[2024-04-08 12:13:00 #5 type] 
Type domain.User is not enhanced.

[2024-04-08 12:13:00 #6 type] 
Type domain.Stop is not enhanced.

------------------------------------------------------------------------------------------------------------------------

[2024-04-08 12:14:28 #1 store] 
Database 'C:\Users\mikel\git\repository\Rides24\src\main\resources\rides.temp' is opened by 11088@MSI-M1K3L

[2024-04-08 12:14:29 #2 type] 
Type domain.Driver is not enhanced.

[2024-04-08 12:14:29 #3 type] 
Type domain.Booking is not enhanced.

[2024-04-08 12:14:29 #4 type] 
Type domain.Ride is not enhanced.

[2024-04-08 12:14:29 #5 type] 
Type domain.User is not enhanced.

[2024-04-08 12:14:29 #6 type] 
Type domain.Stop is not enhanced.

------------------------------------------------------------------------------------------------------------------------

[2024-04-08 12:16:18 #1 store] 
Database 'C:\Users\mikel\git\repository\Rides24\src\main\resources\rides.temp' is opened by 304@MSI-M1K3L

[2024-04-08 12:16:18 #2 type] 
Type domain.Driver is not enhanced.

[2024-04-08 12:16:18 #3 type] 
Type domain.Booking is not enhanced.

[2024-04-08 12:16:18 #4 type] 
Type domain.Ride is not enhanced.

[2024-04-08 12:16:18 #5 type] 
Type domain.User is not enhanced.

[2024-04-08 12:16:18 #6 type] 
Type domain.Stop is not enhanced.

------------------------------------------------------------------------------------------------------------------------

[2024-04-08 22:46:54 #1 store] 
Database 'C:\Users\mikel\git\repository\Rides24\src\main\resources\rides.temp' is opened by 1644@MSI-M1K3L

[2024-04-08 22:46:54 #2 type] 
Type domain.Driver is not enhanced.

[2024-04-08 22:46:54 #3 type] 
Type domain.Booking is not enhanced.

[2024-04-08 22:46:54 #4 type] 
Type domain.Ride is not enhanced.

[2024-04-08 22:46:54 #5 type] 
Type domain.User is not enhanced.

[2024-04-08 22:46:54 #6 type] 
Type domain.Stop is not enhanced.

------------------------------------------------------------------------------------------------------------------------

[2024-04-08 22:47:25 #1 store] 
Database 'C:\Users\mikel\git\repository\Rides24\src\main\resources\rides.temp' has been recovered (tr. 18-19)

[2024-04-08 22:47:25 #2 store] 
Database 'C:\Users\mikel\git\repository\Rides24\src\main\resources\rides.temp' is opened by 1364@MSI-M1K3L

[2024-04-08 22:47:25 #3 type] 
Type domain.Driver is not enhanced.

[2024-04-08 22:47:25 #4 type] 
Type domain.Booking is not enhanced.

[2024-04-08 22:47:25 #5 type] 
Type domain.Ride is not enhanced.

[2024-04-08 22:47:25 #6 type] 
Type domain.User is not enhanced.

[2024-04-08 22:47:25 #7 type] 
Type domain.Stop is not enhanced.

------------------------------------------------------------------------------------------------------------------------

[2024-04-08 22:48:47 #1 store] 
Database 'C:\Users\mikel\git\repository\Rides24\src\main\resources\rides.temp' is opened by 17636@MSI-M1K3L

[2024-04-08 22:48:47 #2 type.registry] 
New type domain.Driver

[2024-04-08 22:48:47 #3 type] 
Type domain.Driver is not enhanced.

[2024-04-08 22:48:47 #4 type.registry] 
New type domain.Booking

[2024-04-08 22:48:47 #5 type.registry] 
New type domain.Ride

[2024-04-08 22:48:47 #6 type] 
Type domain.Booking is not enhanced.

[2024-04-08 22:48:47 #7 type.registry] 
New type domain.User

[2024-04-08 22:48:47 #8 type] 
Type domain.Ride is not enhanced.

[2024-04-08 22:48:47 #9 type.registry] 
New type domain.Stop

[2024-04-08 22:48:47 #10 type] 
Type domain.User is not enhanced.

[2024-04-08 22:48:47 #11 type] 
Type domain.Stop is not enhanced.

[2024-04-08 22:48:47 #12 type.registry] 
New type java.util.Vector<java.lang.Object>

[2024-04-08 22:48:47 #13 type.registry] 
New type java.util.Vector<domain.Ride>

[2024-04-08 22:48:47 #14 type.registry] 
New type java.util.Vector<domain.Booking>

[2024-04-08 22:48:47 #15 type.registry] 
New type java.util.Vector<domain.Stop>

