------------------------------------------------------------------------------------------------------------------------

[2025-10-05 15:54:55 #1 store] 
Database 'C:\Users\mikel\OneDrive\Escritorio\UNI\Asignaturas Tercero\Primer Cuatri\IS2\Proyecto Rides24\Rides24_IT3.zip_expanded\Rides24\src\main\resources\rides.temp' is opened by 11988@MSI-M1K3L

[2025-10-05 15:54:55 #2 type] 
Type domain.Driver is not enhanced.

[2025-10-05 15:54:55 #3 type] 
Type domain.Booking is not enhanced.

[2025-10-05 15:54:55 #4 type] 
Type domain.Ride is not enhanced.

[2025-10-05 15:54:55 #5 type] 
Type domain.Stop is not enhanced.

[2025-10-05 15:54:55 #6 type] 
Type domain.User is not enhanced.

------------------------------------------------------------------------------------------------------------------------

[2025-10-05 15:55:25 #1 store] 
Database 'C:\Users\mikel\OneDrive\Escritorio\UNI\Asignaturas Tercero\Primer Cuatri\IS2\Proyecto Rides24\Rides24_IT3.zip_expanded\Rides24\src\main\resources\rides.temp' is opened by 16232@MSI-M1K3L

[2025-10-05 15:55:25 #2 type] 
Type domain.Driver is not enhanced.

[2025-10-05 15:55:25 #3 type] 
Type domain.Booking is not enhanced.

[2025-10-05 15:55:25 #4 type] 
Type domain.Ride is not enhanced.

[2025-10-05 15:55:25 #5 type] 
Type domain.Stop is not enhanced.

[2025-10-05 15:55:25 #6 type] 
Type domain.User is not enhanced.

------------------------------------------------------------------------------------------------------------------------

[2025-10-05 16:11:00 #1 store] 
Database 'C:\Users\mikel\OneDrive\Escritorio\UNI\Asignaturas Tercero\Primer Cuatri\IS2\Proyecto Rides24\Rides24_IT3.zip_expanded\Rides24\src\main\resources\rides.temp' is opened by 23712@MSI-M1K3L

[2025-10-05 16:11:00 #2 type] 
Type domain.Driver is not enhanced.

[2025-10-05 16:11:00 #3 type] 
Type domain.Booking is not enhanced.

[2025-10-05 16:11:00 #4 type] 
Type domain.Ride is not enhanced.

[2025-10-05 16:11:00 #5 type] 
Type domain.Stop is not enhanced.

[2025-10-05 16:11:00 #6 type] 
Type domain.User is not enhanced.

------------------------------------------------------------------------------------------------------------------------

[2025-10-05 16:14:58 #1 store] 
Database 'C:\Users\mikel\OneDrive\Escritorio\UNI\Asignaturas Tercero\Primer Cuatri\IS2\Proyecto Rides24\Rides24_IT3.zip_expanded\Rides24\src\main\resources\rides.temp' is opened by 14604@MSI-M1K3L

[2025-10-05 16:14:59 #2 type] 
Type domain.Driver is not enhanced.

[2025-10-05 16:14:59 #3 type] 
Type domain.Booking is not enhanced.

[2025-10-05 16:14:59 #4 type] 
Type domain.Ride is not enhanced.

[2025-10-05 16:14:59 #5 type] 
Type domain.Stop is not enhanced.

[2025-10-05 16:14:59 #6 type] 
Type domain.User is not enhanced.

------------------------------------------------------------------------------------------------------------------------

[2025-10-05 16:18:31 #1 store] 
Database 'C:\Users\mikel\OneDrive\Escritorio\UNI\Asignaturas Tercero\Primer Cuatri\IS2\Proyecto Rides24\Rides24_IT3.zip_expanded\Rides24\src\main\resources\rides.temp' is opened by 9932@MSI-M1K3L

[2025-10-05 16:18:31 #2 type] 
Type domain.Driver is not enhanced.

[2025-10-05 16:18:31 #3 type] 
Type domain.Booking is not enhanced.

[2025-10-05 16:18:31 #4 type] 
Type domain.Ride is not enhanced.

[2025-10-05 16:18:31 #5 type] 
Type domain.Stop is not enhanced.

[2025-10-05 16:18:31 #6 type] 
Type domain.User is not enhanced.

------------------------------------------------------------------------------------------------------------------------

[2025-10-05 16:19:17 #1 store] 
Database 'C:\Users\mikel\OneDrive\Escritorio\UNI\Asignaturas Tercero\Primer Cuatri\IS2\Proyecto Rides24\Rides24_IT3.zip_expanded\Rides24\src\main\resources\rides.temp' has been recovered (tr. 16-16)

[2025-10-05 16:19:17 #2 store] 
Database 'C:\Users\mikel\OneDrive\Escritorio\UNI\Asignaturas Tercero\Primer Cuatri\IS2\Proyecto Rides24\Rides24_IT3.zip_expanded\Rides24\src\main\resources\rides.temp' is opened by 14692@MSI-M1K3L

[2025-10-05 16:19:17 #3 type] 
Type domain.Driver is not enhanced.

[2025-10-05 16:19:17 #4 type] 
Type domain.Booking is not enhanced.

[2025-10-05 16:19:17 #5 type] 
Type domain.Ride is not enhanced.

[2025-10-05 16:19:17 #6 type] 
Type domain.Stop is not enhanced.

[2025-10-05 16:19:17 #7 type] 
Type domain.User is not enhanced.

------------------------------------------------------------------------------------------------------------------------

[2025-10-05 17:03:45 #1 store] 
Database 'C:\Users\mikel\OneDrive\Escritorio\UNI\Asignaturas Tercero\Primer Cuatri\IS2\Proyecto Rides24\Rides24_IT3.zip_expanded\Rides24\src\main\resources\rides.temp' is opened by 10456@MSI-M1K3L

[2025-10-05 17:03:45 #2 type] 
Type domain.Driver is not enhanced.

[2025-10-05 17:03:45 #3 type] 
Type domain.Booking is not enhanced.

[2025-10-05 17:03:45 #4 type] 
Type domain.Ride is not enhanced.

[2025-10-05 17:03:45 #5 type] 
Type domain.Stop is not enhanced.

[2025-10-05 17:03:45 #6 type] 
Type domain.User is not enhanced.

------------------------------------------------------------------------------------------------------------------------

[2025-10-05 17:04:45 #1 store] 
Database 'C:\Users\mikel\OneDrive\Escritorio\UNI\Asignaturas Tercero\Primer Cuatri\IS2\Proyecto Rides24\Rides24_IT3.zip_expanded\Rides24\src\main\resources\rides.temp' is opened by 26196@MSI-M1K3L

[2025-10-05 17:04:45 #2 type] 
Type domain.Driver is not enhanced.

[2025-10-05 17:04:45 #3 type] 
Type domain.Booking is not enhanced.

[2025-10-05 17:04:45 #4 type] 
Type domain.Ride is not enhanced.

[2025-10-05 17:04:45 #5 type] 
Type domain.Stop is not enhanced.

[2025-10-05 17:04:45 #6 type] 
Type domain.User is not enhanced.

------------------------------------------------------------------------------------------------------------------------

[2025-10-05 17:04:50 #1 store] 
Database 'C:\Users\mikel\OneDrive\Escritorio\UNI\Asignaturas Tercero\Primer Cuatri\IS2\Proyecto Rides24\Rides24_IT3.zip_expanded\Rides24\src\main\resources\rides.temp' is opened by 9364@MSI-M1K3L

[2025-10-05 17:04:50 #2 type] 
Type domain.Driver is not enhanced.

[2025-10-05 17:04:50 #3 type] 
Type domain.Booking is not enhanced.

[2025-10-05 17:04:50 #4 type] 
Type domain.Ride is not enhanced.

[2025-10-05 17:04:50 #5 type] 
Type domain.Stop is not enhanced.

[2025-10-05 17:04:50 #6 type] 
Type domain.User is not enhanced.

------------------------------------------------------------------------------------------------------------------------

[2025-10-05 17:06:25 #1 store] 
Database 'C:\Users\mikel\OneDrive\Escritorio\UNI\Asignaturas Tercero\Primer Cuatri\IS2\Proyecto Rides24\Rides24_IT3.zip_expanded\Rides24\src\main\resources\rides.temp' is opened by 21208@MSI-M1K3L

[2025-10-05 17:06:25 #2 type] 
Type domain.Driver is not enhanced.

[2025-10-05 17:06:25 #3 type] 
Type domain.Booking is not enhanced.

[2025-10-05 17:06:25 #4 type] 
Type domain.Ride is not enhanced.

[2025-10-05 17:06:25 #5 type] 
Type domain.Stop is not enhanced.

[2025-10-05 17:06:25 #6 type] 
Type domain.User is not enhanced.

------------------------------------------------------------------------------------------------------------------------

[2025-10-05 17:10:06 #1 store] 
Database 'C:\Users\mikel\OneDrive\Escritorio\UNI\Asignaturas Tercero\Primer Cuatri\IS2\Proyecto Rides24\Rides24_IT3.zip_expanded\Rides24\src\main\resources\rides.temp' is opened by 15628@MSI-M1K3L

[2025-10-05 17:10:06 #2 type] 
Type domain.Driver is not enhanced.

[2025-10-05 17:10:06 #3 type] 
Type domain.Booking is not enhanced.

[2025-10-05 17:10:06 #4 type] 
Type domain.Ride is not enhanced.

[2025-10-05 17:10:06 #5 type] 
Type domain.Stop is not enhanced.

[2025-10-05 17:10:06 #6 type] 
Type domain.User is not enhanced.

------------------------------------------------------------------------------------------------------------------------

[2025-10-05 17:13:18 #1 store] 
Database 'C:\Users\mikel\OneDrive\Escritorio\UNI\Asignaturas Tercero\Primer Cuatri\IS2\Proyecto Rides24\Rides24_IT3.zip_expanded\Rides24\src\main\resources\rides.temp' is opened by 13824@MSI-M1K3L

[2025-10-05 17:13:18 #2 type] 
Type domain.Driver is not enhanced.

[2025-10-05 17:13:18 #3 type] 
Type domain.Booking is not enhanced.

[2025-10-05 17:13:18 #4 type] 
Type domain.Ride is not enhanced.

[2025-10-05 17:13:18 #5 type] 
Type domain.Stop is not enhanced.

[2025-10-05 17:13:18 #6 type] 
Type domain.User is not enhanced.

------------------------------------------------------------------------------------------------------------------------

[2025-10-05 17:14:04 #1 store] 
Database 'C:\Users\mikel\OneDrive\Escritorio\UNI\Asignaturas Tercero\Primer Cuatri\IS2\Proyecto Rides24\Rides24_IT3.zip_expanded\Rides24\src\main\resources\rides.temp' has been recovered (tr. 19-20)

[2025-10-05 17:14:04 #2 store] 
Database 'C:\Users\mikel\OneDrive\Escritorio\UNI\Asignaturas Tercero\Primer Cuatri\IS2\Proyecto Rides24\Rides24_IT3.zip_expanded\Rides24\src\main\resources\rides.temp' is opened by 15256@MSI-M1K3L

[2025-10-05 17:14:04 #3 type] 
Type domain.Driver is not enhanced.

[2025-10-05 17:14:04 #4 type] 
Type domain.Booking is not enhanced.

[2025-10-05 17:14:04 #5 type] 
Type domain.Ride is not enhanced.

[2025-10-05 17:14:04 #6 type] 
Type domain.Stop is not enhanced.

[2025-10-05 17:14:04 #7 type] 
Type domain.User is not enhanced.

------------------------------------------------------------------------------------------------------------------------

[2025-10-05 17:17:31 #1 store] 
Database 'C:\Users\mikel\OneDrive\Escritorio\UNI\Asignaturas Tercero\Primer Cuatri\IS2\Proyecto Rides24\Rides24_IT3.zip_expanded\Rides24\src\main\resources\rides.temp' is opened by 20564@MSI-M1K3L

[2025-10-05 17:17:31 #2 type] 
Type domain.Driver is not enhanced.

[2025-10-05 17:17:31 #3 type] 
Type domain.Booking is not enhanced.

[2025-10-05 17:17:31 #4 type] 
Type domain.Ride is not enhanced.

[2025-10-05 17:17:31 #5 type] 
Type domain.Stop is not enhanced.

[2025-10-05 17:17:31 #6 type] 
Type domain.User is not enhanced.

------------------------------------------------------------------------------------------------------------------------

[2025-10-05 18:26:52 #1 store] 
Database 'C:\Users\mikel\OneDrive\Escritorio\UNI\Asignaturas Tercero\Primer Cuatri\IS2\Proyecto Rides24\Rides24_IT3.zip_expanded\Rides24\src\main\resources\rides.temp' has been recovered (tr. 25-30)

[2025-10-05 18:26:52 #2 store] 
Database 'C:\Users\mikel\OneDrive\Escritorio\UNI\Asignaturas Tercero\Primer Cuatri\IS2\Proyecto Rides24\Rides24_IT3.zip_expanded\Rides24\src\main\resources\rides.temp' is opened by 7800@MSI-M1K3L

[2025-10-05 18:26:52 #3 type] 
Type domain.Driver is not enhanced.

[2025-10-05 18:26:52 #4 type] 
Type domain.Booking is not enhanced.

[2025-10-05 18:26:52 #5 type] 
Type domain.Ride is not enhanced.

[2025-10-05 18:26:52 #6 type] 
Type domain.Stop is not enhanced.

[2025-10-05 18:26:52 #7 type] 
Type domain.User is not enhanced.

------------------------------------------------------------------------------------------------------------------------

[2025-10-05 18:28:03 #1 store] 
Database 'C:\Users\mikel\OneDrive\Escritorio\UNI\Asignaturas Tercero\Primer Cuatri\IS2\Proyecto Rides24\Rides24_IT3.zip_expanded\Rides24\src\main\resources\rides.temp' has been recovered (tr. 31-36)

[2025-10-05 18:28:03 #2 store] 
Database 'C:\Users\mikel\OneDrive\Escritorio\UNI\Asignaturas Tercero\Primer Cuatri\IS2\Proyecto Rides24\Rides24_IT3.zip_expanded\Rides24\src\main\resources\rides.temp' is opened by 13552@MSI-M1K3L

[2025-10-05 18:28:03 #3 type] 
Type domain.Driver is not enhanced.

[2025-10-05 18:28:03 #4 type] 
Type domain.Booking is not enhanced.

[2025-10-05 18:28:03 #5 type] 
Type domain.Ride is not enhanced.

[2025-10-05 18:28:03 #6 type] 
Type domain.Stop is not enhanced.

[2025-10-05 18:28:03 #7 type] 
Type domain.User is not enhanced.

------------------------------------------------------------------------------------------------------------------------

[2025-10-05 18:29:46 #1 store] 
Database 'C:\Users\mikel\OneDrive\Escritorio\UNI\Asignaturas Tercero\Primer Cuatri\IS2\Proyecto Rides24\Rides24_IT3.zip_expanded\Rides24\src\main\resources\rides.temp' has been recovered (tr. 37-42)

[2025-10-05 18:29:46 #2 store] 
Database 'C:\Users\mikel\OneDrive\Escritorio\UNI\Asignaturas Tercero\Primer Cuatri\IS2\Proyecto Rides24\Rides24_IT3.zip_expanded\Rides24\src\main\resources\rides.temp' is opened by 2640@MSI-M1K3L

[2025-10-05 18:29:47 #3 type] 
Type domain.Driver is not enhanced.

[2025-10-05 18:29:47 #4 type] 
Type domain.Booking is not enhanced.

[2025-10-05 18:29:47 #5 type] 
Type domain.Ride is not enhanced.

[2025-10-05 18:29:47 #6 type] 
Type domain.Stop is not enhanced.

[2025-10-05 18:29:47 #7 type] 
Type domain.User is not enhanced.

------------------------------------------------------------------------------------------------------------------------

[2025-10-05 18:31:47 #1 store] 
Database 'C:\Users\mikel\OneDrive\Escritorio\UNI\Asignaturas Tercero\Primer Cuatri\IS2\Proyecto Rides24\Rides24_IT3.zip_expanded\Rides24\src\main\resources\rides.temp' has been recovered (tr. 43-48)

[2025-10-05 18:31:47 #2 store] 
Database 'C:\Users\mikel\OneDrive\Escritorio\UNI\Asignaturas Tercero\Primer Cuatri\IS2\Proyecto Rides24\Rides24_IT3.zip_expanded\Rides24\src\main\resources\rides.temp' is opened by 12812@MSI-M1K3L

[2025-10-05 18:31:47 #3 type] 
Type domain.Driver is not enhanced.

[2025-10-05 18:31:47 #4 type] 
Type domain.Booking is not enhanced.

[2025-10-05 18:31:47 #5 type] 
Type domain.Ride is not enhanced.

[2025-10-05 18:31:47 #6 type] 
Type domain.Stop is not enhanced.

[2025-10-05 18:31:47 #7 type] 
Type domain.User is not enhanced.

------------------------------------------------------------------------------------------------------------------------

[2025-10-05 18:34:48 #1 store] 
Database 'C:\Users\mikel\OneDrive\Escritorio\UNI\Asignaturas Tercero\Primer Cuatri\IS2\Proyecto Rides24\Rides24_IT3.zip_expanded\Rides24\src\main\resources\rides.temp' has been recovered (tr. 49-58)

[2025-10-05 18:34:48 #2 store] 
Database 'C:\Users\mikel\OneDrive\Escritorio\UNI\Asignaturas Tercero\Primer Cuatri\IS2\Proyecto Rides24\Rides24_IT3.zip_expanded\Rides24\src\main\resources\rides.temp' is opened by 23224@MSI-M1K3L

[2025-10-05 18:34:48 #3 type] 
Type domain.Driver is not enhanced.

[2025-10-05 18:34:48 #4 type] 
Type domain.Booking is not enhanced.

[2025-10-05 18:34:48 #5 type] 
Type domain.Ride is not enhanced.

[2025-10-05 18:34:48 #6 type] 
Type domain.Stop is not enhanced.

[2025-10-05 18:34:48 #7 type] 
Type domain.User is not enhanced.

------------------------------------------------------------------------------------------------------------------------

[2025-10-05 18:37:36 #1 store] 
Database 'C:\Users\mikel\OneDrive\Escritorio\UNI\Asignaturas Tercero\Primer Cuatri\IS2\Proyecto Rides24\Rides24_IT3.zip_expanded\Rides24\src\main\resources\rides.temp' is opened by 15612@MSI-M1K3L

[2025-10-05 18:37:36 #2 type] 
Type domain.Driver is not enhanced.

[2025-10-05 18:37:36 #3 type] 
Type domain.Booking is not enhanced.

[2025-10-05 18:37:36 #4 type] 
Type domain.Ride is not enhanced.

[2025-10-05 18:37:36 #5 type] 
Type domain.Stop is not enhanced.

[2025-10-05 18:37:36 #6 type] 
Type domain.User is not enhanced.

------------------------------------------------------------------------------------------------------------------------

[2025-10-05 18:38:54 #1 store] 
Database 'C:\Users\mikel\OneDrive\Escritorio\UNI\Asignaturas Tercero\Primer Cuatri\IS2\Proyecto Rides24\Rides24_IT3.zip_expanded\Rides24\src\main\resources\rides.temp' has been recovered (tr. 71-82)

[2025-10-05 18:38:54 #2 store] 
Database 'C:\Users\mikel\OneDrive\Escritorio\UNI\Asignaturas Tercero\Primer Cuatri\IS2\Proyecto Rides24\Rides24_IT3.zip_expanded\Rides24\src\main\resources\rides.temp' is opened by 1436@MSI-M1K3L

[2025-10-05 18:38:54 #3 type] 
Type domain.Driver is not enhanced.

[2025-10-05 18:38:54 #4 type] 
Type domain.Booking is not enhanced.

[2025-10-05 18:38:54 #5 type] 
Type domain.Ride is not enhanced.

[2025-10-05 18:38:54 #6 type] 
Type domain.Stop is not enhanced.

[2025-10-05 18:38:54 #7 type] 
Type domain.User is not enhanced.

------------------------------------------------------------------------------------------------------------------------

[2025-10-05 18:41:26 #1 store] 
Database 'C:\Users\mikel\OneDrive\Escritorio\UNI\Asignaturas Tercero\Primer Cuatri\IS2\Proyecto Rides24\Rides24_IT3.zip_expanded\Rides24\src\main\resources\rides.temp' has been recovered (tr. 83-94)

[2025-10-05 18:41:26 #2 store] 
Database 'C:\Users\mikel\OneDrive\Escritorio\UNI\Asignaturas Tercero\Primer Cuatri\IS2\Proyecto Rides24\Rides24_IT3.zip_expanded\Rides24\src\main\resources\rides.temp' is opened by 26428@MSI-M1K3L

[2025-10-05 18:41:26 #3 type] 
Type domain.Driver is not enhanced.

[2025-10-05 18:41:26 #4 type] 
Type domain.Booking is not enhanced.

[2025-10-05 18:41:26 #5 type] 
Type domain.Ride is not enhanced.

[2025-10-05 18:41:26 #6 type] 
Type domain.Stop is not enhanced.

[2025-10-05 18:41:26 #7 type] 
Type domain.User is not enhanced.

------------------------------------------------------------------------------------------------------------------------

[2025-10-05 18:43:46 #1 store] 
Database 'C:\Users\mikel\OneDrive\Escritorio\UNI\Asignaturas Tercero\Primer Cuatri\IS2\Proyecto Rides24\Rides24_IT3.zip_expanded\Rides24\src\main\resources\rides.temp' has been recovered (tr. 95-105)

[2025-10-05 18:43:46 #2 store] 
Database 'C:\Users\mikel\OneDrive\Escritorio\UNI\Asignaturas Tercero\Primer Cuatri\IS2\Proyecto Rides24\Rides24_IT3.zip_expanded\Rides24\src\main\resources\rides.temp' is opened by 24896@MSI-M1K3L

[2025-10-05 18:43:46 #3 type] 
Type domain.Driver is not enhanced.

[2025-10-05 18:43:46 #4 type] 
Type domain.Booking is not enhanced.

[2025-10-05 18:43:46 #5 type] 
Type domain.Ride is not enhanced.

[2025-10-05 18:43:46 #6 type] 
Type domain.Stop is not enhanced.

[2025-10-05 18:43:46 #7 type] 
Type domain.User is not enhanced.

------------------------------------------------------------------------------------------------------------------------

[2025-10-05 18:44:26 #1 store] 
Database 'C:\Users\mikel\OneDrive\Escritorio\UNI\Asignaturas Tercero\Primer Cuatri\IS2\Proyecto Rides24\Rides24_IT3.zip_expanded\Rides24\src\main\resources\rides.temp' has been recovered (tr. 106-116)

[2025-10-05 18:44:26 #2 store] 
Database 'C:\Users\mikel\OneDrive\Escritorio\UNI\Asignaturas Tercero\Primer Cuatri\IS2\Proyecto Rides24\Rides24_IT3.zip_expanded\Rides24\src\main\resources\rides.temp' is opened by 9268@MSI-M1K3L

[2025-10-05 18:44:27 #3 type] 
Type domain.Driver is not enhanced.

[2025-10-05 18:44:27 #4 type] 
Type domain.Booking is not enhanced.

[2025-10-05 18:44:27 #5 type] 
Type domain.Ride is not enhanced.

[2025-10-05 18:44:27 #6 type] 
Type domain.Stop is not enhanced.

[2025-10-05 18:44:27 #7 type] 
Type domain.User is not enhanced.

------------------------------------------------------------------------------------------------------------------------

[2025-10-05 18:44:39 #1 store] 
Database 'C:\Users\mikel\OneDrive\Escritorio\UNI\Asignaturas Tercero\Primer Cuatri\IS2\Proyecto Rides24\Rides24_IT3.zip_expanded\Rides24\src\main\resources\rides.temp' has been recovered (tr. 117-127)

[2025-10-05 18:44:39 #2 store] 
Database 'C:\Users\mikel\OneDrive\Escritorio\UNI\Asignaturas Tercero\Primer Cuatri\IS2\Proyecto Rides24\Rides24_IT3.zip_expanded\Rides24\src\main\resources\rides.temp' is opened by 1556@MSI-M1K3L

[2025-10-05 18:44:39 #3 type] 
Type domain.Driver is not enhanced.

[2025-10-05 18:44:39 #4 type] 
Type domain.Booking is not enhanced.

[2025-10-05 18:44:39 #5 type] 
Type domain.Ride is not enhanced.

[2025-10-05 18:44:39 #6 type] 
Type domain.Stop is not enhanced.

[2025-10-05 18:44:39 #7 type] 
Type domain.User is not enhanced.

------------------------------------------------------------------------------------------------------------------------

[2025-10-05 18:45:07 #1 store] 
Database 'C:\Users\mikel\OneDrive\Escritorio\UNI\Asignaturas Tercero\Primer Cuatri\IS2\Proyecto Rides24\Rides24_IT3.zip_expanded\Rides24\src\main\resources\rides.temp' has been recovered (tr. 128-138)

[2025-10-05 18:45:07 #2 store] 
Database 'C:\Users\mikel\OneDrive\Escritorio\UNI\Asignaturas Tercero\Primer Cuatri\IS2\Proyecto Rides24\Rides24_IT3.zip_expanded\Rides24\src\main\resources\rides.temp' is opened by 8688@MSI-M1K3L

[2025-10-05 18:45:07 #3 type] 
Type domain.Driver is not enhanced.

[2025-10-05 18:45:07 #4 type] 
Type domain.Booking is not enhanced.

[2025-10-05 18:45:07 #5 type] 
Type domain.Ride is not enhanced.

[2025-10-05 18:45:07 #6 type] 
Type domain.Stop is not enhanced.

[2025-10-05 18:45:07 #7 type] 
Type domain.User is not enhanced.

------------------------------------------------------------------------------------------------------------------------

[2025-10-05 18:47:49 #1 store] 
Database 'C:\Users\mikel\OneDrive\Escritorio\UNI\Asignaturas Tercero\Primer Cuatri\IS2\Proyecto Rides24\Rides24_IT3.zip_expanded\Rides24\src\main\resources\rides.temp' has been recovered (tr. 139-149)

[2025-10-05 18:47:49 #2 store] 
Database 'C:\Users\mikel\OneDrive\Escritorio\UNI\Asignaturas Tercero\Primer Cuatri\IS2\Proyecto Rides24\Rides24_IT3.zip_expanded\Rides24\src\main\resources\rides.temp' is opened by 19424@MSI-M1K3L

[2025-10-05 18:47:50 #3 type] 
Type domain.Driver is not enhanced.

[2025-10-05 18:47:50 #4 type] 
Type domain.Booking is not enhanced.

[2025-10-05 18:47:50 #5 type] 
Type domain.Ride is not enhanced.

[2025-10-05 18:47:50 #6 type] 
Type domain.Stop is not enhanced.

[2025-10-05 18:47:50 #7 type] 
Type domain.User is not enhanced.

------------------------------------------------------------------------------------------------------------------------

[2025-10-05 18:48:13 #1 store] 
Database 'C:\Users\mikel\OneDrive\Escritorio\UNI\Asignaturas Tercero\Primer Cuatri\IS2\Proyecto Rides24\Rides24_IT3.zip_expanded\Rides24\src\main\resources\rides.temp' has been recovered (tr. 150-160)

[2025-10-05 18:48:13 #2 store] 
Database 'C:\Users\mikel\OneDrive\Escritorio\UNI\Asignaturas Tercero\Primer Cuatri\IS2\Proyecto Rides24\Rides24_IT3.zip_expanded\Rides24\src\main\resources\rides.temp' is opened by 13688@MSI-M1K3L

[2025-10-05 18:48:13 #3 type] 
Type domain.Driver is not enhanced.

[2025-10-05 18:48:13 #4 type] 
Type domain.Booking is not enhanced.

[2025-10-05 18:48:13 #5 type] 
Type domain.Ride is not enhanced.

[2025-10-05 18:48:13 #6 type] 
Type domain.Stop is not enhanced.

[2025-10-05 18:48:13 #7 type] 
Type domain.User is not enhanced.

------------------------------------------------------------------------------------------------------------------------

[2025-10-05 18:48:26 #1 store] 
Database 'C:\Users\mikel\OneDrive\Escritorio\UNI\Asignaturas Tercero\Primer Cuatri\IS2\Proyecto Rides24\Rides24_IT3.zip_expanded\Rides24\src\main\resources\rides.temp' has been recovered (tr. 161-171)

[2025-10-05 18:48:26 #2 store] 
Database 'C:\Users\mikel\OneDrive\Escritorio\UNI\Asignaturas Tercero\Primer Cuatri\IS2\Proyecto Rides24\Rides24_IT3.zip_expanded\Rides24\src\main\resources\rides.temp' is opened by 6120@MSI-M1K3L

[2025-10-05 18:48:26 #3 type] 
Type domain.Driver is not enhanced.

[2025-10-05 18:48:26 #4 type] 
Type domain.Booking is not enhanced.

[2025-10-05 18:48:26 #5 type] 
Type domain.Ride is not enhanced.

[2025-10-05 18:48:26 #6 type] 
Type domain.Stop is not enhanced.

[2025-10-05 18:48:26 #7 type] 
Type domain.User is not enhanced.

------------------------------------------------------------------------------------------------------------------------

[2025-10-05 18:48:38 #1 store] 
Database 'C:\Users\mikel\OneDrive\Escritorio\UNI\Asignaturas Tercero\Primer Cuatri\IS2\Proyecto Rides24\Rides24_IT3.zip_expanded\Rides24\src\main\resources\rides.temp' has been recovered (tr. 172-182)

[2025-10-05 18:48:38 #2 store] 
Database 'C:\Users\mikel\OneDrive\Escritorio\UNI\Asignaturas Tercero\Primer Cuatri\IS2\Proyecto Rides24\Rides24_IT3.zip_expanded\Rides24\src\main\resources\rides.temp' is opened by 19876@MSI-M1K3L

[2025-10-05 18:48:39 #3 type] 
Type domain.Driver is not enhanced.

[2025-10-05 18:48:39 #4 type] 
Type domain.Booking is not enhanced.

[2025-10-05 18:48:39 #5 type] 
Type domain.Ride is not enhanced.

[2025-10-05 18:48:39 #6 type] 
Type domain.Stop is not enhanced.

[2025-10-05 18:48:39 #7 type] 
Type domain.User is not enhanced.

------------------------------------------------------------------------------------------------------------------------

[2025-10-05 18:52:21 #1 store] 
Database 'C:\Users\mikel\OneDrive\Escritorio\UNI\Asignaturas Tercero\Primer Cuatri\IS2\Proyecto Rides24\Rides24_IT3.zip_expanded\Rides24\src\main\resources\rides.temp' is opened by 2132@MSI-M1K3L

[2025-10-05 18:52:21 #2 type] 
Type domain.Driver is not enhanced.

[2025-10-05 18:52:21 #3 type] 
Type domain.Booking is not enhanced.

[2025-10-05 18:52:21 #4 type] 
Type domain.Ride is not enhanced.

[2025-10-05 18:52:21 #5 type] 
Type domain.Stop is not enhanced.

[2025-10-05 18:52:21 #6 type] 
Type domain.User is not enhanced.

------------------------------------------------------------------------------------------------------------------------

[2025-10-05 18:53:11 #1 store] 
Database 'C:\Users\mikel\OneDrive\Escritorio\UNI\Asignaturas Tercero\Primer Cuatri\IS2\Proyecto Rides24\Rides24_IT3.zip_expanded\Rides24\src\main\resources\rides.temp' is opened by 13544@MSI-M1K3L

[2025-10-05 18:53:11 #2 type] 
Type domain.Driver is not enhanced.

[2025-10-05 18:53:11 #3 type] 
Type domain.Booking is not enhanced.

[2025-10-05 18:53:11 #4 type] 
Type domain.Ride is not enhanced.

[2025-10-05 18:53:11 #5 type] 
Type domain.Stop is not enhanced.

[2025-10-05 18:53:11 #6 type] 
Type domain.User is not enhanced.

------------------------------------------------------------------------------------------------------------------------

[2025-10-05 18:53:50 #1 store] 
Database 'C:\Users\mikel\OneDrive\Escritorio\UNI\Asignaturas Tercero\Primer Cuatri\IS2\Proyecto Rides24\Rides24_IT3.zip_expanded\Rides24\src\main\resources\rides.temp' is opened by 24412@MSI-M1K3L

[2025-10-05 18:53:50 #2 type] 
Type domain.Driver is not enhanced.

[2025-10-05 18:53:50 #3 type] 
Type domain.Booking is not enhanced.

[2025-10-05 18:53:50 #4 type] 
Type domain.Ride is not enhanced.

[2025-10-05 18:53:50 #5 type] 
Type domain.Stop is not enhanced.

[2025-10-05 18:53:50 #6 type] 
Type domain.User is not enhanced.

------------------------------------------------------------------------------------------------------------------------

[2025-10-05 19:06:35 #1 store] 
Database 'C:\Users\mikel\OneDrive\Escritorio\UNI\Asignaturas Tercero\Primer Cuatri\IS2\Proyecto Rides24\Rides24_IT3.zip_expanded\Rides24\src\main\resources\rides.temp' has been recovered (tr. 183-193)

[2025-10-05 19:06:35 #2 store] 
Database 'C:\Users\mikel\OneDrive\Escritorio\UNI\Asignaturas Tercero\Primer Cuatri\IS2\Proyecto Rides24\Rides24_IT3.zip_expanded\Rides24\src\main\resources\rides.temp' is opened by 22172@MSI-M1K3L

[2025-10-05 19:06:35 #3 type] 
Type domain.Driver is not enhanced.

[2025-10-05 19:06:35 #4 type] 
Type domain.Booking is not enhanced.

[2025-10-05 19:06:35 #5 type] 
Type domain.Ride is not enhanced.

[2025-10-05 19:06:35 #6 type] 
Type domain.Stop is not enhanced.

[2025-10-05 19:06:35 #7 type] 
Type domain.User is not enhanced.

------------------------------------------------------------------------------------------------------------------------

[2025-10-05 19:19:21 #1 store] 
Database 'C:\Users\mikel\OneDrive\Escritorio\UNI\Asignaturas Tercero\Primer Cuatri\IS2\Proyecto Rides24\Rides24_IT3.zip_expanded\Rides24\src\main\resources\rides.temp' has been recovered (tr. 194-204)

[2025-10-05 19:19:21 #2 store] 
Database 'C:\Users\mikel\OneDrive\Escritorio\UNI\Asignaturas Tercero\Primer Cuatri\IS2\Proyecto Rides24\Rides24_IT3.zip_expanded\Rides24\src\main\resources\rides.temp' is opened by 628@MSI-M1K3L

[2025-10-05 19:19:21 #3 type] 
Type domain.Driver is not enhanced.

[2025-10-05 19:19:21 #4 type] 
Type domain.Booking is not enhanced.

[2025-10-05 19:19:21 #5 type] 
Type domain.Ride is not enhanced.

[2025-10-05 19:19:21 #6 type] 
Type domain.Stop is not enhanced.

[2025-10-05 19:19:21 #7 type] 
Type domain.User is not enhanced.

------------------------------------------------------------------------------------------------------------------------

[2025-10-05 19:19:54 #1 store] 
Database 'C:\Users\mikel\OneDrive\Escritorio\UNI\Asignaturas Tercero\Primer Cuatri\IS2\Proyecto Rides24\Rides24_IT3.zip_expanded\Rides24\src\main\resources\rides.temp' has been recovered (tr. 205-215)

[2025-10-05 19:19:54 #2 store] 
Database 'C:\Users\mikel\OneDrive\Escritorio\UNI\Asignaturas Tercero\Primer Cuatri\IS2\Proyecto Rides24\Rides24_IT3.zip_expanded\Rides24\src\main\resources\rides.temp' is opened by 3860@MSI-M1K3L

[2025-10-05 19:19:54 #3 type] 
Type domain.Driver is not enhanced.

[2025-10-05 19:19:54 #4 type] 
Type domain.Booking is not enhanced.

[2025-10-05 19:19:54 #5 type] 
Type domain.Ride is not enhanced.

[2025-10-05 19:19:54 #6 type] 
Type domain.Stop is not enhanced.

[2025-10-05 19:19:54 #7 type] 
Type domain.User is not enhanced.

------------------------------------------------------------------------------------------------------------------------

[2025-10-05 19:22:17 #1 store] 
Database 'C:\Users\mikel\OneDrive\Escritorio\UNI\Asignaturas Tercero\Primer Cuatri\IS2\Proyecto Rides24\Rides24_IT3.zip_expanded\Rides24\src\main\resources\rides.temp' has been recovered (tr. 216-226)

[2025-10-05 19:22:17 #2 store] 
Database 'C:\Users\mikel\OneDrive\Escritorio\UNI\Asignaturas Tercero\Primer Cuatri\IS2\Proyecto Rides24\Rides24_IT3.zip_expanded\Rides24\src\main\resources\rides.temp' is opened by 7760@MSI-M1K3L

[2025-10-05 19:22:17 #3 type] 
Type domain.Driver is not enhanced.

[2025-10-05 19:22:17 #4 type] 
Type domain.Booking is not enhanced.

[2025-10-05 19:22:17 #5 type] 
Type domain.Ride is not enhanced.

[2025-10-05 19:22:17 #6 type] 
Type domain.Stop is not enhanced.

[2025-10-05 19:22:17 #7 type] 
Type domain.User is not enhanced.

