------------------------------------------------------------------------------------------------------------------------

[2024-04-06 17:04:04 #1 store] 
Database 'C:\Users\mikel\git\repository\Rides24\src\main\resources\rides.temp' is opened by 21348@MSI-M1K3L

[2024-04-06 17:04:04 #2 type] 
Type domain.Driver is not enhanced.

[2024-04-06 17:04:04 #3 type] 
Type domain.Booking is not enhanced.

[2024-04-06 17:04:04 #4 type] 
Type domain.Ride is not enhanced.

[2024-04-06 17:04:04 #5 type] 
Type domain.User is not enhanced.

[2024-04-06 17:04:04 #6 type] 
Type domain.Stop is not enhanced.

------------------------------------------------------------------------------------------------------------------------

[2024-04-06 17:04:26 #1 store] 
Database 'C:\Users\mikel\git\repository\Rides24\src\main\resources\rides.temp' is opened by 22192@MSI-M1K3L

[2024-04-06 17:04:26 #2 type] 
Type domain.Driver is not enhanced.

[2024-04-06 17:04:26 #3 type] 
Type domain.Booking is not enhanced.

[2024-04-06 17:04:26 #4 type] 
Type domain.Ride is not enhanced.

[2024-04-06 17:04:26 #5 type] 
Type domain.User is not enhanced.

[2024-04-06 17:04:26 #6 type] 
Type domain.Stop is not enhanced.

------------------------------------------------------------------------------------------------------------------------

[2024-04-06 17:04:59 #1 store] 
Database 'C:\Users\mikel\git\repository\Rides24\src\main\resources\rides.temp' is opened by 19552@MSI-M1K3L

[2024-04-06 17:04:59 #2 type] 
Type domain.Driver is not enhanced.

[2024-04-06 17:04:59 #3 type] 
Type domain.Booking is not enhanced.

[2024-04-06 17:04:59 #4 type] 
Type domain.Ride is not enhanced.

[2024-04-06 17:04:59 #5 type] 
Type domain.User is not enhanced.

[2024-04-06 17:04:59 #6 type] 
Type domain.Stop is not enhanced.

------------------------------------------------------------------------------------------------------------------------

[2024-04-06 17:07:02 #1 store] 
Database 'C:\Users\mikel\git\repository\Rides24\src\main\resources\rides.temp' is opened by 18940@MSI-M1K3L

[2024-04-06 17:07:02 #2 type] 
Type domain.Driver is not enhanced.

[2024-04-06 17:07:02 #3 type] 
Type domain.Booking is not enhanced.

[2024-04-06 17:07:02 #4 type] 
Type domain.Ride is not enhanced.

[2024-04-06 17:07:02 #5 type] 
Type domain.User is not enhanced.

[2024-04-06 17:07:02 #6 type] 
Type domain.Stop is not enhanced.

------------------------------------------------------------------------------------------------------------------------

[2024-04-06 17:09:25 #1 store] 
Database 'C:\Users\mikel\git\repository\Rides24\src\main\resources\rides.temp' is opened by 21580@MSI-M1K3L

[2024-04-06 17:09:25 #2 type] 
Type domain.Driver is not enhanced.

[2024-04-06 17:09:25 #3 type] 
Type domain.Booking is not enhanced.

[2024-04-06 17:09:25 #4 type] 
Type domain.Ride is not enhanced.

[2024-04-06 17:09:25 #5 type] 
Type domain.User is not enhanced.

[2024-04-06 17:09:25 #6 type] 
Type domain.Stop is not enhanced.

------------------------------------------------------------------------------------------------------------------------

[2024-04-06 17:11:46 #1 store] 
Database 'C:\Users\mikel\git\repository\Rides24\src\main\resources\rides.temp' is opened by 6308@MSI-M1K3L

[2024-04-06 17:11:47 #2 type] 
Type domain.Driver is not enhanced.

[2024-04-06 17:11:47 #3 type] 
Type domain.Booking is not enhanced.

[2024-04-06 17:11:47 #4 type] 
Type domain.Ride is not enhanced.

[2024-04-06 17:11:47 #5 type] 
Type domain.User is not enhanced.

[2024-04-06 17:11:47 #6 type] 
Type domain.Stop is not enhanced.

------------------------------------------------------------------------------------------------------------------------

[2024-04-06 17:13:07 #1 store] 
Database 'C:\Users\mikel\git\repository\Rides24\src\main\resources\rides.temp' is opened by 3620@MSI-M1K3L

[2024-04-06 17:13:08 #2 type] 
Type domain.Driver is not enhanced.

[2024-04-06 17:13:08 #3 type] 
Type domain.Booking is not enhanced.

[2024-04-06 17:13:08 #4 type] 
Type domain.Ride is not enhanced.

[2024-04-06 17:13:08 #5 type] 
Type domain.User is not enhanced.

[2024-04-06 17:13:08 #6 type] 
Type domain.Stop is not enhanced.

------------------------------------------------------------------------------------------------------------------------

[2024-04-06 17:14:09 #1 store] 
Database 'C:\Users\mikel\git\repository\Rides24\src\main\resources\rides.temp' is opened by 20824@MSI-M1K3L

[2024-04-06 17:14:09 #2 type] 
Type domain.Driver is not enhanced.

[2024-04-06 17:14:09 #3 type] 
Type domain.Booking is not enhanced.

[2024-04-06 17:14:09 #4 type] 
Type domain.Ride is not enhanced.

[2024-04-06 17:14:09 #5 type] 
Type domain.User is not enhanced.

[2024-04-06 17:14:09 #6 type] 
Type domain.Stop is not enhanced.

------------------------------------------------------------------------------------------------------------------------

[2024-04-06 17:28:05 #1 store] 
Database 'C:\Users\mikel\git\repository\Rides24\src\main\resources\rides.temp' is opened by 5076@MSI-M1K3L

[2024-04-06 17:28:05 #2 type] 
Type domain.Driver is not enhanced.

[2024-04-06 17:28:05 #3 type] 
Type domain.Booking is not enhanced.

[2024-04-06 17:28:05 #4 type] 
Type domain.Ride is not enhanced.

[2024-04-06 17:28:05 #5 type] 
Type domain.User is not enhanced.

[2024-04-06 17:28:05 #6 type] 
Type domain.Stop is not enhanced.

------------------------------------------------------------------------------------------------------------------------

[2024-04-06 17:29:43 #1 store] 
Database 'C:\Users\mikel\git\repository\Rides24\src\main\resources\rides.temp' is opened by 9668@MSI-M1K3L

[2024-04-06 17:29:43 #2 type] 
Type domain.Driver is not enhanced.

[2024-04-06 17:29:43 #3 type] 
Type domain.Booking is not enhanced.

[2024-04-06 17:29:43 #4 type] 
Type domain.Ride is not enhanced.

[2024-04-06 17:29:43 #5 type] 
Type domain.User is not enhanced.

[2024-04-06 17:29:43 #6 type] 
Type domain.Stop is not enhanced.

------------------------------------------------------------------------------------------------------------------------

[2024-04-06 17:30:39 #1 store] 
Database 'C:\Users\mikel\git\repository\Rides24\src\main\resources\rides.temp' has been recovered (tr. 13-13)

[2024-04-06 17:30:39 #2 store] 
Database 'C:\Users\mikel\git\repository\Rides24\src\main\resources\rides.temp' is opened by 20180@MSI-M1K3L

[2024-04-06 17:30:39 #3 type] 
Type domain.Driver is not enhanced.

[2024-04-06 17:30:39 #4 type] 
Type domain.Booking is not enhanced.

[2024-04-06 17:30:39 #5 type] 
Type domain.Ride is not enhanced.

[2024-04-06 17:30:39 #6 type] 
Type domain.User is not enhanced.

[2024-04-06 17:30:39 #7 type] 
Type domain.Stop is not enhanced.

------------------------------------------------------------------------------------------------------------------------

[2024-04-06 17:31:44 #1 store] 
Database 'C:\Users\mikel\git\repository\Rides24\src\main\resources\rides.temp' is opened by 20100@MSI-M1K3L

[2024-04-06 17:31:44 #2 type] 
Type domain.Driver is not enhanced.

[2024-04-06 17:31:44 #3 type] 
Type domain.Booking is not enhanced.

[2024-04-06 17:31:44 #4 type] 
Type domain.Ride is not enhanced.

[2024-04-06 17:31:44 #5 type] 
Type domain.User is not enhanced.

[2024-04-06 17:31:44 #6 type] 
Type domain.Stop is not enhanced.

------------------------------------------------------------------------------------------------------------------------

[2024-04-06 17:35:26 #1 store] 
Database 'C:\Users\mikel\git\repository\Rides24\src\main\resources\rides.temp' is opened by 5512@MSI-M1K3L

[2024-04-06 17:35:26 #2 type] 
Type domain.Driver is not enhanced.

[2024-04-06 17:35:26 #3 type] 
Type domain.Booking is not enhanced.

[2024-04-06 17:35:26 #4 type] 
Type domain.Ride is not enhanced.

[2024-04-06 17:35:26 #5 type] 
Type domain.User is not enhanced.

[2024-04-06 17:35:26 #6 type] 
Type domain.Stop is not enhanced.

