------------------------------------------------------------------------------------------------------------------------

[2024-03-21 10:41:52 #1 store] 
Database 'C:\Users\mikel\git\repository\Rides24\src\main\resources\rides.temp' is opened by 1556@MSI-M1K3L

[2024-03-21 10:41:52 #2 type] 
Type domain.Driver is not enhanced.

[2024-03-21 10:41:52 #3 type] 
Type domain.Booking is not enhanced.

[2024-03-21 10:41:52 #4 type] 
Type domain.Ride is not enhanced.

[2024-03-21 10:41:52 #5 type] 
Type domain.User is not enhanced.

------------------------------------------------------------------------------------------------------------------------

[2024-03-21 10:44:54 #1 store] 
Database 'C:\Users\mikel\git\repository\Rides24\src\main\resources\rides.temp' is opened by 19212@MSI-M1K3L

[2024-03-21 10:44:54 #2 type] 
Type domain.Driver is not enhanced.

[2024-03-21 10:44:54 #3 type] 
Type domain.Booking is not enhanced.

[2024-03-21 10:44:54 #4 type] 
Type domain.Ride is not enhanced.

[2024-03-21 10:44:54 #5 type] 
Type domain.User is not enhanced.

------------------------------------------------------------------------------------------------------------------------

[2024-03-21 10:46:12 #1 store] 
Database 'C:\Users\mikel\git\repository\Rides24\src\main\resources\rides.temp' is opened by 10312@MSI-M1K3L

[2024-03-21 10:46:12 #2 type] 
Type domain.Driver is not enhanced.

[2024-03-21 10:46:12 #3 type] 
Type domain.Booking is not enhanced.

[2024-03-21 10:46:12 #4 type] 
Type domain.Ride is not enhanced.

[2024-03-21 10:46:12 #5 type] 
Type domain.User is not enhanced.

------------------------------------------------------------------------------------------------------------------------

[2024-03-21 10:54:25 #1 store] 
Database 'C:\Users\mikel\git\repository\Rides24\src\main\resources\rides.temp' is opened by 14664@MSI-M1K3L

[2024-03-21 10:54:25 #2 type] 
Type domain.Driver is not enhanced.

[2024-03-21 10:54:25 #3 type] 
Type domain.Booking is not enhanced.

[2024-03-21 10:54:25 #4 type] 
Type domain.Ride is not enhanced.

[2024-03-21 10:54:25 #5 type] 
Type domain.User is not enhanced.

------------------------------------------------------------------------------------------------------------------------

[2024-03-21 10:58:08 #1 store] 
Database 'C:\Users\mikel\git\repository\Rides24\src\main\resources\rides.temp' is opened by 10512@MSI-M1K3L

[2024-03-21 10:58:08 #2 type] 
Type domain.Driver is not enhanced.

[2024-03-21 10:58:08 #3 type] 
Type domain.Booking is not enhanced.

[2024-03-21 10:58:08 #4 type] 
Type domain.Ride is not enhanced.

[2024-03-21 10:58:08 #5 type] 
Type domain.User is not enhanced.

------------------------------------------------------------------------------------------------------------------------

[2024-03-21 10:59:00 #1 store] 
Database 'C:\Users\mikel\git\repository\Rides24\src\main\resources\rides.temp' is opened by 17156@MSI-M1K3L

[2024-03-21 10:59:00 #2 type] 
Type domain.Driver is not enhanced.

[2024-03-21 10:59:00 #3 type] 
Type domain.Booking is not enhanced.

[2024-03-21 10:59:00 #4 type] 
Type domain.Ride is not enhanced.

[2024-03-21 10:59:00 #5 type] 
Type domain.User is not enhanced.

------------------------------------------------------------------------------------------------------------------------

[2024-03-21 11:00:35 #1 store] 
Database 'C:\Users\mikel\git\repository\Rides24\src\main\resources\rides.temp' is opened by 15136@MSI-M1K3L

[2024-03-21 11:00:35 #2 type] 
Type domain.Driver is not enhanced.

[2024-03-21 11:00:35 #3 type] 
Type domain.Booking is not enhanced.

[2024-03-21 11:00:35 #4 type] 
Type domain.Ride is not enhanced.

[2024-03-21 11:00:35 #5 type] 
Type domain.User is not enhanced.

------------------------------------------------------------------------------------------------------------------------

[2024-03-21 11:01:24 #1 store] 
Database 'C:\Users\mikel\git\repository\Rides24\src\main\resources\rides.temp' is opened by 14924@MSI-M1K3L

[2024-03-21 11:01:24 #2 type] 
Type domain.Driver is not enhanced.

[2024-03-21 11:01:24 #3 type] 
Type domain.Booking is not enhanced.

[2024-03-21 11:01:24 #4 type] 
Type domain.Ride is not enhanced.

[2024-03-21 11:01:24 #5 type] 
Type domain.User is not enhanced.

------------------------------------------------------------------------------------------------------------------------

[2024-03-21 11:02:42 #1 store] 
Database 'C:\Users\mikel\git\repository\Rides24\src\main\resources\rides.temp' is opened by 21484@MSI-M1K3L

[2024-03-21 11:02:42 #2 type] 
Type domain.Driver is not enhanced.

[2024-03-21 11:02:42 #3 type] 
Type domain.Booking is not enhanced.

[2024-03-21 11:02:42 #4 type] 
Type domain.Ride is not enhanced.

[2024-03-21 11:02:42 #5 type] 
Type domain.User is not enhanced.

------------------------------------------------------------------------------------------------------------------------

[2024-03-21 11:04:06 #1 store] 
Database 'C:\Users\mikel\git\repository\Rides24\src\main\resources\rides.temp' is opened by 2408@MSI-M1K3L

[2024-03-21 11:04:06 #2 type] 
Type domain.Driver is not enhanced.

[2024-03-21 11:04:06 #3 type] 
Type domain.Booking is not enhanced.

[2024-03-21 11:04:06 #4 type] 
Type domain.Ride is not enhanced.

[2024-03-21 11:04:06 #5 type] 
Type domain.User is not enhanced.

------------------------------------------------------------------------------------------------------------------------

[2024-03-21 11:04:56 #1 store] 
Database 'C:\Users\mikel\git\repository\Rides24\src\main\resources\rides.temp' is opened by 9656@MSI-M1K3L

[2024-03-21 11:04:56 #2 type] 
Type domain.Driver is not enhanced.

[2024-03-21 11:04:56 #3 type] 
Type domain.Booking is not enhanced.

[2024-03-21 11:04:56 #4 type] 
Type domain.Ride is not enhanced.

[2024-03-21 11:04:56 #5 type] 
Type domain.User is not enhanced.

------------------------------------------------------------------------------------------------------------------------

[2024-03-21 11:06:01 #1 store] 
Database 'C:\Users\mikel\git\repository\Rides24\src\main\resources\rides.temp' is opened by 9184@MSI-M1K3L

[2024-03-21 11:06:01 #2 type] 
Type domain.Driver is not enhanced.

[2024-03-21 11:06:01 #3 type] 
Type domain.Booking is not enhanced.

[2024-03-21 11:06:01 #4 type] 
Type domain.Ride is not enhanced.

[2024-03-21 11:06:01 #5 type] 
Type domain.User is not enhanced.

------------------------------------------------------------------------------------------------------------------------

[2024-03-21 11:06:19 #1 store] 
Database 'C:\Users\mikel\git\repository\Rides24\src\main\resources\rides.temp' is opened by 5864@MSI-M1K3L

[2024-03-21 11:06:19 #2 type] 
Type domain.Driver is not enhanced.

[2024-03-21 11:06:19 #3 type] 
Type domain.Booking is not enhanced.

[2024-03-21 11:06:19 #4 type] 
Type domain.Ride is not enhanced.

[2024-03-21 11:06:19 #5 type] 
Type domain.User is not enhanced.

------------------------------------------------------------------------------------------------------------------------

[2024-03-21 11:06:37 #1 store] 
Database 'C:\Users\mikel\git\repository\Rides24\src\main\resources\rides.temp' is opened by 18100@MSI-M1K3L

[2024-03-21 11:06:37 #2 type] 
Type domain.Driver is not enhanced.

[2024-03-21 11:06:37 #3 type] 
Type domain.Booking is not enhanced.

[2024-03-21 11:06:37 #4 type] 
Type domain.Ride is not enhanced.

[2024-03-21 11:06:37 #5 type] 
Type domain.User is not enhanced.

------------------------------------------------------------------------------------------------------------------------

[2024-03-21 11:07:21 #1 store] 
Database 'C:\Users\mikel\git\repository\Rides24\src\main\resources\rides.temp' is opened by 13200@MSI-M1K3L

[2024-03-21 11:07:22 #2 type] 
Type domain.Driver is not enhanced.

[2024-03-21 11:07:22 #3 type] 
Type domain.Booking is not enhanced.

[2024-03-21 11:07:22 #4 type] 
Type domain.Ride is not enhanced.

[2024-03-21 11:07:22 #5 type] 
Type domain.User is not enhanced.

------------------------------------------------------------------------------------------------------------------------

[2024-03-21 11:08:13 #1 store] 
Database 'C:\Users\mikel\git\repository\Rides24\src\main\resources\rides.temp' is opened by 12096@MSI-M1K3L

[2024-03-21 11:08:13 #2 type] 
Type domain.Driver is not enhanced.

[2024-03-21 11:08:13 #3 type] 
Type domain.Booking is not enhanced.

[2024-03-21 11:08:13 #4 type] 
Type domain.Ride is not enhanced.

[2024-03-21 11:08:13 #5 type] 
Type domain.User is not enhanced.

------------------------------------------------------------------------------------------------------------------------

[2024-03-21 11:09:21 #1 store] 
Database 'C:\Users\mikel\git\repository\Rides24\src\main\resources\rides.temp' is opened by 10292@MSI-M1K3L

[2024-03-21 11:09:21 #2 type] 
Type domain.Driver is not enhanced.

[2024-03-21 11:09:21 #3 type] 
Type domain.Booking is not enhanced.

[2024-03-21 11:09:21 #4 type] 
Type domain.Ride is not enhanced.

[2024-03-21 11:09:21 #5 type] 
Type domain.User is not enhanced.

------------------------------------------------------------------------------------------------------------------------

[2024-03-21 11:10:22 #1 store] 
Database 'C:\Users\mikel\git\repository\Rides24\src\main\resources\rides.temp' is opened by 20184@MSI-M1K3L

[2024-03-21 11:10:22 #2 type] 
Type domain.Driver is not enhanced.

[2024-03-21 11:10:22 #3 type] 
Type domain.Booking is not enhanced.

[2024-03-21 11:10:22 #4 type] 
Type domain.Ride is not enhanced.

[2024-03-21 11:10:22 #5 type] 
Type domain.User is not enhanced.

------------------------------------------------------------------------------------------------------------------------

[2024-03-21 11:33:39 #1 store] 
Database 'C:\Users\mikel\git\repository\Rides24\src\main\resources\rides.temp' is opened by 14420@MSI-M1K3L

[2024-03-21 11:33:40 #2 type] 
Type domain.Driver is not enhanced.

[2024-03-21 11:33:40 #3 type] 
Type domain.Booking is not enhanced.

[2024-03-21 11:33:40 #4 type] 
Type domain.Ride is not enhanced.

[2024-03-21 11:33:40 #5 type] 
Type domain.User is not enhanced.

------------------------------------------------------------------------------------------------------------------------

[2024-03-21 11:34:08 #1 store] 
Database 'C:\Users\mikel\git\repository\Rides24\src\main\resources\rides.temp' is opened by 16116@MSI-M1K3L

[2024-03-21 11:34:08 #2 type] 
Type domain.Driver is not enhanced.

[2024-03-21 11:34:09 #3 type] 
Type domain.Booking is not enhanced.

[2024-03-21 11:34:09 #4 type] 
Type domain.Ride is not enhanced.

[2024-03-21 11:34:09 #5 type] 
Type domain.User is not enhanced.

------------------------------------------------------------------------------------------------------------------------

[2024-03-21 11:40:49 #1 store] 
Database 'C:\Users\mikel\git\repository\Rides24\src\main\resources\rides.temp' is opened by 13276@MSI-M1K3L

[2024-03-21 11:40:49 #2 type] 
Type domain.Driver is not enhanced.

[2024-03-21 11:40:49 #3 type] 
Type domain.Booking is not enhanced.

[2024-03-21 11:40:49 #4 type] 
Type domain.Ride is not enhanced.

[2024-03-21 11:40:49 #5 type] 
Type domain.User is not enhanced.

------------------------------------------------------------------------------------------------------------------------

[2024-03-21 11:42:02 #1 store] 
Database 'C:\Users\mikel\git\repository\Rides24\src\main\resources\rides.temp' is opened by 20288@MSI-M1K3L

[2024-03-21 11:42:03 #2 type] 
Type domain.Driver is not enhanced.

[2024-03-21 11:42:03 #3 type] 
Type domain.Booking is not enhanced.

[2024-03-21 11:42:03 #4 type] 
Type domain.Ride is not enhanced.

[2024-03-21 11:42:03 #5 type] 
Type domain.User is not enhanced.

------------------------------------------------------------------------------------------------------------------------

[2024-03-21 11:42:21 #1 store] 
Database 'C:\Users\mikel\git\repository\Rides24\src\main\resources\rides.temp' has been recovered (tr. 14-14)

[2024-03-21 11:42:21 #2 store] 
Database 'C:\Users\mikel\git\repository\Rides24\src\main\resources\rides.temp' is opened by 9680@MSI-M1K3L

[2024-03-21 11:42:21 #3 type] 
Type domain.Driver is not enhanced.

[2024-03-21 11:42:21 #4 type] 
Type domain.Booking is not enhanced.

[2024-03-21 11:42:21 #5 type] 
Type domain.Ride is not enhanced.

[2024-03-21 11:42:21 #6 type] 
Type domain.User is not enhanced.

