------------------------------------------------------------------------------------------------------------------------

[2024-05-03 12:13:05 #1 store] 
Database 'C:\Users\mikel\git\repository\Rides24\src\main\resources\rides.temp' has been recovered (tr. 17-17)

[2024-05-03 12:13:05 #2 store] 
Database 'C:\Users\mikel\git\repository\Rides24\src\main\resources\rides.temp' is opened by 23252@MSI-M1K3L

[2024-05-03 12:13:05 #3 type] 
Type domain.Driver is not enhanced.

[2024-05-03 12:13:05 #4 type] 
Type domain.Booking is not enhanced.

[2024-05-03 12:13:05 #5 type] 
Type domain.Ride is not enhanced.

[2024-05-03 12:13:05 #6 type] 
Type domain.Stop is not enhanced.

[2024-05-03 12:13:05 #7 type] 
Type domain.User is not enhanced.

------------------------------------------------------------------------------------------------------------------------

[2024-05-03 12:34:32 #1 store] 
Database 'C:\Users\mikel\git\repository\Rides24\src\main\resources\rides.temp' is opened by 18136@MSI-M1K3L

[2024-05-03 12:34:33 #2 type] 
Type domain.Driver is not enhanced.

[2024-05-03 12:34:33 #3 type] 
Type domain.Booking is not enhanced.

[2024-05-03 12:34:33 #4 type] 
Type domain.Ride is not enhanced.

[2024-05-03 12:34:33 #5 type] 
Type domain.Stop is not enhanced.

[2024-05-03 12:34:33 #6 type] 
Type domain.User is not enhanced.

