------------------------------------------------------------------------------------------------------------------------

[2024-02-25 12:38:18 #1 store] 
Database 'C:\Users\mikel\OneDrive\Escritorio\UNI\Asignaturas Segundo\Segundo Cuatri\IS\Iteraciones\Iteracion 1\Rides24-master(2).zip_expanded\Rides24-master\src\main\resources\rides.temp' is opened by 18660@MSI-M1K3L

------------------------------------------------------------------------------------------------------------------------

[2024-02-25 12:48:31 #1 store] 
Database 'C:\Users\mikel\OneDrive\Escritorio\UNI\Asignaturas Segundo\Segundo Cuatri\IS\Iteraciones\Iteracion 1\Rides24-master(2).zip_expanded\Rides24-master\src\main\resources\rides.temp' is opened by 8956@MSI-M1K3L

------------------------------------------------------------------------------------------------------------------------

[2024-02-25 12:50:18 #1 store] 
Database 'C:\Users\mikel\OneDrive\Escritorio\UNI\Asignaturas Segundo\Segundo Cuatri\IS\Iteraciones\Iteracion 1\Rides24-master(2).zip_expanded\Rides24-master\src\main\resources\rides.temp' is opened by 17776@MSI-M1K3L

[2024-02-25 12:50:19 #2 type.registry] 
New type domain.Driver

[2024-02-25 12:50:19 #3 type] 
Type domain.Driver is not enhanced.

[2024-02-25 12:50:19 #4 type.registry] 
New type domain.Ride

[2024-02-25 12:50:19 #5 type] 
Type domain.Ride is not enhanced.

[2024-02-25 12:50:19 #6 type.registry] 
New type java.util.Vector<java.lang.Object>

[2024-02-25 12:50:19 #7 type.registry] 
New type java.util.Vector<domain.Ride>

------------------------------------------------------------------------------------------------------------------------

[2024-02-25 12:51:40 #1 store] 
Database 'C:\Users\mikel\OneDrive\Escritorio\UNI\Asignaturas Segundo\Segundo Cuatri\IS\Iteraciones\Iteracion 1\Rides24-master(2).zip_expanded\Rides24-master\src\main\resources\rides.temp' is opened by 9996@MSI-M1K3L

[2024-02-25 12:51:40 #2 type.registry] 
New type domain.Driver

[2024-02-25 12:51:40 #3 type] 
Type domain.Driver is not enhanced.

[2024-02-25 12:51:40 #4 type.registry] 
New type domain.Ride

[2024-02-25 12:51:40 #5 type] 
Type domain.Ride is not enhanced.

[2024-02-25 12:51:40 #6 type.registry] 
New type java.util.Vector<java.lang.Object>

[2024-02-25 12:51:40 #7 type.registry] 
New type java.util.Vector<domain.Ride>

------------------------------------------------------------------------------------------------------------------------

[2024-02-25 16:01:02 #1 store] 
Database 'C:\Users\mikel\OneDrive\Escritorio\UNI\Asignaturas Segundo\Segundo Cuatri\IS\Iteraciones\Iteracion 1\Rides24-master(2).zip_expanded\Rides24-master\src\main\resources\rides.temp' is opened by 10784@MSI-M1K3L

[2024-02-25 16:01:02 #2 type.registry] 
New type domain.Driver

[2024-02-25 16:01:02 #3 type] 
Type domain.Driver is not enhanced.

[2024-02-25 16:01:02 #4 type.registry] 
New type domain.Ride

[2024-02-25 16:01:02 #5 type] 
Type domain.Ride is not enhanced.

[2024-02-25 16:01:02 #6 type.registry] 
New type java.util.Vector<java.lang.Object>

[2024-02-25 16:01:02 #7 type.registry] 
New type java.util.Vector<domain.Ride>

------------------------------------------------------------------------------------------------------------------------

[2024-02-25 16:02:02 #1 store] 
Database 'C:\Users\mikel\OneDrive\Escritorio\UNI\Asignaturas Segundo\Segundo Cuatri\IS\Iteraciones\Iteracion 1\Rides24-master(2).zip_expanded\Rides24-master\src\main\resources\rides.temp' is opened by 15808@MSI-M1K3L

[2024-02-25 16:02:02 #2 type.registry] 
New type domain.Driver

[2024-02-25 16:02:02 #3 type] 
Type domain.Driver is not enhanced.

[2024-02-25 16:02:02 #4 type.registry] 
New type domain.Ride

[2024-02-25 16:02:02 #5 type] 
Type domain.Ride is not enhanced.

[2024-02-25 16:02:02 #6 type.registry] 
New type java.util.Vector<java.lang.Object>

[2024-02-25 16:02:02 #7 type.registry] 
New type java.util.Vector<domain.Ride>

------------------------------------------------------------------------------------------------------------------------

[2024-02-25 16:10:45 #1 store] 
Database 'C:\Users\mikel\OneDrive\Escritorio\UNI\Asignaturas Segundo\Segundo Cuatri\IS\Iteraciones\Iteracion 1\Rides24-master(2).zip_expanded\Rides24-master\src\main\resources\rides.temp' is opened by 9780@MSI-M1K3L

[2024-02-25 16:10:45 #2 type.registry] 
New type domain.Driver

[2024-02-25 16:10:45 #3 type] 
Type domain.Driver is not enhanced.

[2024-02-25 16:10:45 #4 type.registry] 
New type domain.Ride

[2024-02-25 16:10:45 #5 type] 
Type domain.Ride is not enhanced.

[2024-02-25 16:10:45 #6 type.registry] 
New type java.util.Vector<java.lang.Object>

[2024-02-25 16:10:45 #7 type.registry] 
New type java.util.Vector<domain.Ride>

------------------------------------------------------------------------------------------------------------------------

[2024-02-25 16:11:25 #1 store] 
Database 'C:\Users\mikel\OneDrive\Escritorio\UNI\Asignaturas Segundo\Segundo Cuatri\IS\Iteraciones\Iteracion 1\Rides24-master(2).zip_expanded\Rides24-master\src\main\resources\rides.temp' is opened by 23176@MSI-M1K3L

[2024-02-25 16:11:25 #2 type.registry] 
New type domain.Driver

[2024-02-25 16:11:25 #3 type] 
Type domain.Driver is not enhanced.

[2024-02-25 16:11:25 #4 type.registry] 
New type domain.Ride

[2024-02-25 16:11:25 #5 type] 
Type domain.Ride is not enhanced.

[2024-02-25 16:11:25 #6 type.registry] 
New type java.util.Vector<java.lang.Object>

[2024-02-25 16:11:25 #7 type.registry] 
New type java.util.Vector<domain.Ride>

------------------------------------------------------------------------------------------------------------------------

[2024-02-25 16:13:34 #1 store] 
Database 'C:\Users\mikel\OneDrive\Escritorio\UNI\Asignaturas Segundo\Segundo Cuatri\IS\Iteraciones\Iteracion 1\Rides24-master(2).zip_expanded\Rides24-master\src\main\resources\rides.temp' is opened by 21696@MSI-M1K3L

[2024-02-25 16:13:34 #2 type.registry] 
New type domain.Driver

[2024-02-25 16:13:34 #3 type] 
Type domain.Driver is not enhanced.

[2024-02-25 16:13:34 #4 type.registry] 
New type domain.Ride

[2024-02-25 16:13:34 #5 type] 
Type domain.Ride is not enhanced.

[2024-02-25 16:13:34 #6 type.registry] 
New type java.util.Vector<java.lang.Object>

[2024-02-25 16:13:34 #7 type.registry] 
New type java.util.Vector<domain.Ride>

------------------------------------------------------------------------------------------------------------------------

[2024-02-25 16:16:54 #1 store] 
Database 'C:\Users\mikel\OneDrive\Escritorio\UNI\Asignaturas Segundo\Segundo Cuatri\IS\Iteraciones\Iteracion 1\Rides24-master(2).zip_expanded\Rides24-master\src\main\resources\rides.temp' is opened by 21612@MSI-M1K3L

[2024-02-25 16:16:54 #2 type.registry] 
New type domain.Driver

[2024-02-25 16:16:54 #3 type] 
Type domain.Driver is not enhanced.

[2024-02-25 16:16:54 #4 type.registry] 
New type domain.Ride

[2024-02-25 16:16:54 #5 type] 
Type domain.Ride is not enhanced.

[2024-02-25 16:16:54 #6 type.registry] 
New type java.util.Vector<java.lang.Object>

[2024-02-25 16:16:54 #7 type.registry] 
New type java.util.Vector<domain.Ride>

------------------------------------------------------------------------------------------------------------------------

[2024-02-25 16:17:49 #1 store] 
Database 'C:\Users\mikel\OneDrive\Escritorio\UNI\Asignaturas Segundo\Segundo Cuatri\IS\Iteraciones\Iteracion 1\Rides24-master(2).zip_expanded\Rides24-master\src\main\resources\rides.temp' is opened by 12852@MSI-M1K3L

[2024-02-25 16:17:49 #2 type.registry] 
New type domain.Driver

[2024-02-25 16:17:49 #3 type] 
Type domain.Driver is not enhanced.

[2024-02-25 16:17:49 #4 type.registry] 
New type domain.Ride

[2024-02-25 16:17:49 #5 type] 
Type domain.Ride is not enhanced.

[2024-02-25 16:17:49 #6 type.registry] 
New type java.util.Vector<java.lang.Object>

[2024-02-25 16:17:49 #7 type.registry] 
New type java.util.Vector<domain.Ride>

------------------------------------------------------------------------------------------------------------------------

[2024-02-25 16:18:33 #1 store] 
Database 'C:\Users\mikel\OneDrive\Escritorio\UNI\Asignaturas Segundo\Segundo Cuatri\IS\Iteraciones\Iteracion 1\Rides24-master(2).zip_expanded\Rides24-master\src\main\resources\rides.temp' is opened by 18880@MSI-M1K3L

[2024-02-25 16:18:33 #2 type.registry] 
New type domain.Driver

[2024-02-25 16:18:33 #3 type] 
Type domain.Driver is not enhanced.

[2024-02-25 16:18:33 #4 type.registry] 
New type domain.Ride

[2024-02-25 16:18:33 #5 type] 
Type domain.Ride is not enhanced.

[2024-02-25 16:18:33 #6 type.registry] 
New type java.util.Vector<java.lang.Object>

[2024-02-25 16:18:33 #7 type.registry] 
New type java.util.Vector<domain.Ride>

------------------------------------------------------------------------------------------------------------------------

[2024-02-25 16:25:03 #1 store] 
Database 'C:\Users\mikel\OneDrive\Escritorio\UNI\Asignaturas Segundo\Segundo Cuatri\IS\Iteraciones\Iteracion 1\Rides24-master(2).zip_expanded\Rides24-master\src\main\resources\rides.temp' is opened by 2976@MSI-M1K3L

[2024-02-25 16:25:03 #2 type.registry] 
New type domain.Driver

[2024-02-25 16:25:03 #3 type] 
Type domain.Driver is not enhanced.

[2024-02-25 16:25:03 #4 type.registry] 
New type domain.Ride

[2024-02-25 16:25:03 #5 type] 
Type domain.Ride is not enhanced.

[2024-02-25 16:25:03 #6 type.registry] 
New type java.util.Vector<java.lang.Object>

[2024-02-25 16:25:03 #7 type.registry] 
New type java.util.Vector<domain.Ride>

------------------------------------------------------------------------------------------------------------------------

[2024-02-25 16:27:17 #1 store] 
Database 'C:\Users\mikel\OneDrive\Escritorio\UNI\Asignaturas Segundo\Segundo Cuatri\IS\Iteraciones\Iteracion 1\Rides24-master(2).zip_expanded\Rides24-master\src\main\resources\rides.temp' is opened by 21528@MSI-M1K3L

[2024-02-25 16:27:17 #2 type.registry] 
New type domain.Driver

[2024-02-25 16:27:17 #3 type] 
Type domain.Driver is not enhanced.

[2024-02-25 16:27:17 #4 type.registry] 
New type domain.Ride

[2024-02-25 16:27:17 #5 type] 
Type domain.Ride is not enhanced.

[2024-02-25 16:27:17 #6 type.registry] 
New type java.util.Vector<java.lang.Object>

[2024-02-25 16:27:17 #7 type.registry] 
New type java.util.Vector<domain.Ride>

------------------------------------------------------------------------------------------------------------------------

[2024-02-25 16:30:09 #1 store] 
Database 'C:\Users\mikel\OneDrive\Escritorio\UNI\Asignaturas Segundo\Segundo Cuatri\IS\Iteraciones\Iteracion 1\Rides24-master(2).zip_expanded\Rides24-master\src\main\resources\rides.temp' is opened by 5740@MSI-M1K3L

[2024-02-25 16:30:10 #2 type.registry] 
New type domain.Driver

[2024-02-25 16:30:10 #3 type] 
Type domain.Driver is not enhanced.

[2024-02-25 16:30:10 #4 type.registry] 
New type domain.Ride

[2024-02-25 16:30:10 #5 type] 
Type domain.Ride is not enhanced.

[2024-02-25 16:30:10 #6 type.registry] 
New type java.util.Vector<java.lang.Object>

[2024-02-25 16:30:10 #7 type.registry] 
New type java.util.Vector<domain.Ride>

------------------------------------------------------------------------------------------------------------------------

[2024-02-25 16:31:21 #1 store] 
Database 'C:\Users\mikel\OneDrive\Escritorio\UNI\Asignaturas Segundo\Segundo Cuatri\IS\Iteraciones\Iteracion 1\Rides24-master(2).zip_expanded\Rides24-master\src\main\resources\rides.temp' is opened by 692@MSI-M1K3L

[2024-02-25 16:31:21 #2 type.registry] 
New type domain.Driver

[2024-02-25 16:31:21 #3 type] 
Type domain.Driver is not enhanced.

[2024-02-25 16:31:21 #4 type.registry] 
New type domain.Ride

[2024-02-25 16:31:21 #5 type] 
Type domain.Ride is not enhanced.

[2024-02-25 16:31:21 #6 type.registry] 
New type java.util.Vector<java.lang.Object>

[2024-02-25 16:31:21 #7 type.registry] 
New type java.util.Vector<domain.Ride>

------------------------------------------------------------------------------------------------------------------------

[2024-02-25 16:32:01 #1 store] 
Database 'C:\Users\mikel\OneDrive\Escritorio\UNI\Asignaturas Segundo\Segundo Cuatri\IS\Iteraciones\Iteracion 1\Rides24-master(2).zip_expanded\Rides24-master\src\main\resources\rides.temp' is opened by 17824@MSI-M1K3L

[2024-02-25 16:32:02 #2 type.registry] 
New type domain.Driver

[2024-02-25 16:32:02 #3 type] 
Type domain.Driver is not enhanced.

[2024-02-25 16:32:02 #4 type.registry] 
New type domain.Ride

[2024-02-25 16:32:02 #5 type] 
Type domain.Ride is not enhanced.

[2024-02-25 16:32:02 #6 type.registry] 
New type java.util.Vector<java.lang.Object>

[2024-02-25 16:32:02 #7 type.registry] 
New type java.util.Vector<domain.Ride>

------------------------------------------------------------------------------------------------------------------------

[2024-02-25 16:32:52 #1 store] 
Database 'C:\Users\mikel\OneDrive\Escritorio\UNI\Asignaturas Segundo\Segundo Cuatri\IS\Iteraciones\Iteracion 1\Rides24-master(2).zip_expanded\Rides24-master\src\main\resources\rides.temp' is opened by 8988@MSI-M1K3L

[2024-02-25 16:32:52 #2 type.registry] 
New type domain.Driver

[2024-02-25 16:32:52 #3 type] 
Type domain.Driver is not enhanced.

[2024-02-25 16:32:52 #4 type.registry] 
New type domain.Ride

[2024-02-25 16:32:52 #5 type] 
Type domain.Ride is not enhanced.

[2024-02-25 16:32:52 #6 type.registry] 
New type java.util.Vector<java.lang.Object>

[2024-02-25 16:32:52 #7 type.registry] 
New type java.util.Vector<domain.Ride>

------------------------------------------------------------------------------------------------------------------------

[2024-02-25 16:35:48 #1 store] 
Database 'C:\Users\mikel\OneDrive\Escritorio\UNI\Asignaturas Segundo\Segundo Cuatri\IS\Iteraciones\Iteracion 1\Rides24-master(2).zip_expanded\Rides24-master\src\main\resources\rides.temp' is opened by 3120@MSI-M1K3L

[2024-02-25 16:35:48 #2 type.registry] 
New type domain.Driver

[2024-02-25 16:35:48 #3 type] 
Type domain.Driver is not enhanced.

[2024-02-25 16:35:48 #4 type.registry] 
New type domain.Ride

[2024-02-25 16:35:48 #5 type] 
Type domain.Ride is not enhanced.

[2024-02-25 16:35:48 #6 type.registry] 
New type java.util.Vector<java.lang.Object>

[2024-02-25 16:35:48 #7 type.registry] 
New type java.util.Vector<domain.Ride>

------------------------------------------------------------------------------------------------------------------------

[2024-02-25 16:36:55 #1 store] 
Database 'C:\Users\mikel\OneDrive\Escritorio\UNI\Asignaturas Segundo\Segundo Cuatri\IS\Iteraciones\Iteracion 1\Rides24-master(2).zip_expanded\Rides24-master\src\main\resources\rides.temp' is opened by 15984@MSI-M1K3L

[2024-02-25 16:36:55 #2 type.registry] 
New type domain.Driver

[2024-02-25 16:36:55 #3 type] 
Type domain.Driver is not enhanced.

[2024-02-25 16:36:55 #4 type.registry] 
New type domain.Ride

[2024-02-25 16:36:55 #5 type] 
Type domain.Ride is not enhanced.

[2024-02-25 16:36:55 #6 type.registry] 
New type java.util.Vector<java.lang.Object>

[2024-02-25 16:36:55 #7 type.registry] 
New type java.util.Vector<domain.Ride>

------------------------------------------------------------------------------------------------------------------------

[2024-02-25 16:42:15 #1 store] 
Database 'C:\Users\mikel\OneDrive\Escritorio\UNI\Asignaturas Segundo\Segundo Cuatri\IS\Iteraciones\Iteracion 1\Rides24-master(2).zip_expanded\Rides24-master\src\main\resources\rides.temp' is opened by 9836@MSI-M1K3L

[2024-02-25 16:42:15 #2 type.registry] 
New type domain.Driver

[2024-02-25 16:42:15 #3 type] 
Type domain.Driver is not enhanced.

[2024-02-25 16:42:15 #4 type.registry] 
New type domain.Ride

[2024-02-25 16:42:15 #5 type] 
Type domain.Ride is not enhanced.

[2024-02-25 16:42:15 #6 type.registry] 
New type java.util.Vector<java.lang.Object>

[2024-02-25 16:42:15 #7 type.registry] 
New type java.util.Vector<domain.Ride>

------------------------------------------------------------------------------------------------------------------------

[2024-02-25 16:42:43 #1 store] 
Database 'C:\Users\mikel\OneDrive\Escritorio\UNI\Asignaturas Segundo\Segundo Cuatri\IS\Iteraciones\Iteracion 1\Rides24-master(2).zip_expanded\Rides24-master\src\main\resources\rides.temp' is opened by 1480@MSI-M1K3L

[2024-02-25 16:42:43 #2 type.registry] 
New type domain.Driver

[2024-02-25 16:42:43 #3 type] 
Type domain.Driver is not enhanced.

[2024-02-25 16:42:43 #4 type.registry] 
New type domain.Ride

[2024-02-25 16:42:43 #5 type] 
Type domain.Ride is not enhanced.

[2024-02-25 16:42:43 #6 type.registry] 
New type java.util.Vector<java.lang.Object>

[2024-02-25 16:42:43 #7 type.registry] 
New type java.util.Vector<domain.Ride>

------------------------------------------------------------------------------------------------------------------------

[2024-02-25 16:43:03 #1 store] 
Database 'C:\Users\mikel\OneDrive\Escritorio\UNI\Asignaturas Segundo\Segundo Cuatri\IS\Iteraciones\Iteracion 1\Rides24-master(2).zip_expanded\Rides24-master\src\main\resources\rides.temp' is opened by 16452@MSI-M1K3L

[2024-02-25 16:43:03 #2 type.registry] 
New type domain.Driver

[2024-02-25 16:43:03 #3 type] 
Type domain.Driver is not enhanced.

[2024-02-25 16:43:03 #4 type.registry] 
New type domain.Ride

[2024-02-25 16:43:03 #5 type] 
Type domain.Ride is not enhanced.

[2024-02-25 16:43:03 #6 type.registry] 
New type java.util.Vector<java.lang.Object>

[2024-02-25 16:43:03 #7 type.registry] 
New type java.util.Vector<domain.Ride>

------------------------------------------------------------------------------------------------------------------------

[2024-02-25 16:45:43 #1 store] 
Database 'C:\Users\mikel\OneDrive\Escritorio\UNI\Asignaturas Segundo\Segundo Cuatri\IS\Iteraciones\Iteracion 1\Rides24-master(2).zip_expanded\Rides24-master\src\main\resources\rides.temp' is opened by 22352@MSI-M1K3L

[2024-02-25 16:45:43 #2 type.registry] 
New type domain.Driver

[2024-02-25 16:45:43 #3 type] 
Type domain.Driver is not enhanced.

[2024-02-25 16:45:43 #4 type.registry] 
New type domain.Ride

[2024-02-25 16:45:43 #5 type] 
Type domain.Ride is not enhanced.

[2024-02-25 16:45:43 #6 type.registry] 
New type java.util.Vector<java.lang.Object>

[2024-02-25 16:45:43 #7 type.registry] 
New type java.util.Vector<domain.Ride>

------------------------------------------------------------------------------------------------------------------------

[2024-02-25 16:47:41 #1 store] 
Database 'C:\Users\mikel\OneDrive\Escritorio\UNI\Asignaturas Segundo\Segundo Cuatri\IS\Iteraciones\Iteracion 1\Rides24-master(2).zip_expanded\Rides24-master\src\main\resources\rides.temp' is opened by 15948@MSI-M1K3L

[2024-02-25 16:47:42 #2 type.registry] 
New type domain.Driver

[2024-02-25 16:47:42 #3 type] 
Type domain.Driver is not enhanced.

[2024-02-25 16:47:42 #4 type.registry] 
New type domain.Ride

[2024-02-25 16:47:42 #5 type] 
Type domain.Ride is not enhanced.

[2024-02-25 16:47:42 #6 type.registry] 
New type java.util.Vector<java.lang.Object>

[2024-02-25 16:47:42 #7 type.registry] 
New type java.util.Vector<domain.Ride>

------------------------------------------------------------------------------------------------------------------------

[2024-02-25 17:02:33 #1 store] 
Database 'C:\Users\mikel\OneDrive\Escritorio\UNI\Asignaturas Segundo\Segundo Cuatri\IS\Iteraciones\Iteracion 1\Rides24-master(2).zip_expanded\Rides24-master\src\main\resources\rides.temp' is opened by 11864@MSI-M1K3L

[2024-02-25 17:02:33 #2 type.registry] 
New type domain.Driver

[2024-02-25 17:02:33 #3 type] 
Type domain.Driver is not enhanced.

[2024-02-25 17:02:33 #4 type.registry] 
New type domain.Ride

[2024-02-25 17:02:33 #5 type] 
Type domain.Ride is not enhanced.

[2024-02-25 17:02:33 #6 type.registry] 
New type java.util.Vector<java.lang.Object>

[2024-02-25 17:02:33 #7 type.registry] 
New type java.util.Vector<domain.Ride>

------------------------------------------------------------------------------------------------------------------------

[2024-02-25 17:03:18 #1 store] 
Database 'C:\Users\mikel\OneDrive\Escritorio\UNI\Asignaturas Segundo\Segundo Cuatri\IS\Iteraciones\Iteracion 1\Rides24-master(2).zip_expanded\Rides24-master\src\main\resources\rides.temp' is opened by 16596@MSI-M1K3L

------------------------------------------------------------------------------------------------------------------------

[2024-02-25 17:03:26 #1 store] 
Database 'C:\Users\mikel\OneDrive\Escritorio\UNI\Asignaturas Segundo\Segundo Cuatri\IS\Iteraciones\Iteracion 1\Rides24-master(2).zip_expanded\Rides24-master\src\main\resources\rides.temp' is opened by 9768@MSI-M1K3L

[2024-02-25 17:03:26 #2 type.registry] 
New type domain.Driver

[2024-02-25 17:03:26 #3 type] 
Type domain.Driver is not enhanced.

[2024-02-25 17:03:26 #4 type.registry] 
New type domain.Ride

[2024-02-25 17:03:26 #5 type] 
Type domain.Ride is not enhanced.

[2024-02-25 17:03:26 #6 type.registry] 
New type java.util.Vector<java.lang.Object>

[2024-02-25 17:03:26 #7 type.registry] 
New type java.util.Vector<domain.Ride>

------------------------------------------------------------------------------------------------------------------------

[2024-02-25 17:03:44 #1 store] 
Database 'C:\Users\mikel\OneDrive\Escritorio\UNI\Asignaturas Segundo\Segundo Cuatri\IS\Iteraciones\Iteracion 1\Rides24-master(2).zip_expanded\Rides24-master\src\main\resources\rides.temp' is opened by 22604@MSI-M1K3L

[2024-02-25 17:03:44 #2 type.registry] 
New type domain.Driver

[2024-02-25 17:03:44 #3 type] 
Type domain.Driver is not enhanced.

[2024-02-25 17:03:44 #4 type.registry] 
New type domain.Ride

[2024-02-25 17:03:44 #5 type] 
Type domain.Ride is not enhanced.

[2024-02-25 17:03:44 #6 type.registry] 
New type java.util.Vector<java.lang.Object>

[2024-02-25 17:03:44 #7 type.registry] 
New type java.util.Vector<domain.Ride>

------------------------------------------------------------------------------------------------------------------------

[2024-02-25 17:04:05 #1 store] 
Database 'C:\Users\mikel\OneDrive\Escritorio\UNI\Asignaturas Segundo\Segundo Cuatri\IS\Iteraciones\Iteracion 1\Rides24-master(2).zip_expanded\Rides24-master\src\main\resources\rides.temp' is opened by 9448@MSI-M1K3L

[2024-02-25 17:04:05 #2 type.registry] 
New type domain.Driver

[2024-02-25 17:04:05 #3 type] 
Type domain.Driver is not enhanced.

[2024-02-25 17:04:05 #4 type.registry] 
New type domain.Ride

[2024-02-25 17:04:05 #5 type] 
Type domain.Ride is not enhanced.

[2024-02-25 17:04:05 #6 type.registry] 
New type java.util.Vector<java.lang.Object>

[2024-02-25 17:04:05 #7 type.registry] 
New type java.util.Vector<domain.Ride>

------------------------------------------------------------------------------------------------------------------------

[2024-02-25 17:08:06 #1 store] 
Database 'C:\Users\mikel\OneDrive\Escritorio\UNI\Asignaturas Segundo\Segundo Cuatri\IS\Iteraciones\Iteracion 1\Rides24-master(2).zip_expanded\Rides24-master\src\main\resources\rides.temp' is opened by 3876@MSI-M1K3L

[2024-02-25 17:08:15 #2 type.registry] 
New type domain.Driver

[2024-02-25 17:08:15 #3 type] 
Type domain.Driver is not enhanced.

[2024-02-25 17:08:15 #4 type.registry] 
New type domain.Ride

[2024-02-25 17:08:15 #5 type] 
Type domain.Ride is not enhanced.

------------------------------------------------------------------------------------------------------------------------

[2024-02-25 17:10:22 #1 store] 
Database 'C:\Users\mikel\OneDrive\Escritorio\UNI\Asignaturas Segundo\Segundo Cuatri\IS\Iteraciones\Iteracion 1\Rides24-master(2).zip_expanded\Rides24-master\src\main\resources\rides.temp' is opened by 18988@MSI-M1K3L

[2024-02-25 17:10:22 #2 type.registry] 
New type domain.Driver

[2024-02-25 17:10:22 #3 type] 
Type domain.Driver is not enhanced.

[2024-02-25 17:10:22 #4 type.registry] 
New type domain.Ride

[2024-02-25 17:10:22 #5 type] 
Type domain.Ride is not enhanced.

[2024-02-25 17:10:22 #6 type.registry] 
New type java.util.Vector<java.lang.Object>

[2024-02-25 17:10:22 #7 type.registry] 
New type java.util.Vector<domain.Ride>

------------------------------------------------------------------------------------------------------------------------

[2024-02-25 17:13:56 #1 store] 
Database 'C:\Users\mikel\OneDrive\Escritorio\UNI\Asignaturas Segundo\Segundo Cuatri\IS\Iteraciones\Iteracion 1\Rides24-master(2).zip_expanded\Rides24-master\src\main\resources\rides.temp' is opened by 19560@MSI-M1K3L

[2024-02-25 17:13:57 #2 type.registry] 
New type domain.Driver

[2024-02-25 17:13:57 #3 type] 
Type domain.Driver is not enhanced.

[2024-02-25 17:13:57 #4 type.registry] 
New type domain.Ride

[2024-02-25 17:13:57 #5 type] 
Type domain.Ride is not enhanced.

------------------------------------------------------------------------------------------------------------------------

[2024-02-25 17:14:51 #1 store] 
Database 'C:\Users\mikel\OneDrive\Escritorio\UNI\Asignaturas Segundo\Segundo Cuatri\IS\Iteraciones\Iteracion 1\Rides24-master(2).zip_expanded\Rides24-master\src\main\resources\rides.temp' is opened by 18208@MSI-M1K3L

[2024-02-25 17:14:51 #2 type.registry] 
New type domain.Driver

[2024-02-25 17:14:51 #3 type] 
Type domain.Driver is not enhanced.

[2024-02-25 17:14:51 #4 type.registry] 
New type domain.Ride

[2024-02-25 17:14:51 #5 type] 
Type domain.Ride is not enhanced.

[2024-02-25 17:14:51 #6 type.registry] 
New type java.util.Vector<java.lang.Object>

[2024-02-25 17:14:51 #7 type.registry] 
New type java.util.Vector<domain.Ride>

------------------------------------------------------------------------------------------------------------------------

[2024-02-25 17:15:09 #1 store] 
Database 'C:\Users\mikel\OneDrive\Escritorio\UNI\Asignaturas Segundo\Segundo Cuatri\IS\Iteraciones\Iteracion 1\Rides24-master(2).zip_expanded\Rides24-master\src\main\resources\rides.temp' is opened by 14820@MSI-M1K3L

[2024-02-25 17:15:09 #2 type.registry] 
New type domain.Driver

[2024-02-25 17:15:09 #3 type] 
Type domain.Driver is not enhanced.

[2024-02-25 17:15:09 #4 type.registry] 
New type domain.Ride

[2024-02-25 17:15:09 #5 type] 
Type domain.Ride is not enhanced.

[2024-02-25 17:15:09 #6 type.registry] 
New type java.util.Vector<java.lang.Object>

[2024-02-25 17:15:09 #7 type.registry] 
New type java.util.Vector<domain.Ride>

------------------------------------------------------------------------------------------------------------------------

[2024-02-25 17:22:00 #1 store] 
Database 'C:\Users\mikel\OneDrive\Escritorio\UNI\Asignaturas Segundo\Segundo Cuatri\IS\Iteraciones\Iteracion 1\Rides24-master(2).zip_expanded\Rides24-master\src\main\resources\rides.temp' is opened by 17636@MSI-M1K3L

[2024-02-25 17:22:00 #2 type.registry] 
New type domain.Driver

[2024-02-25 17:22:00 #3 type] 
Type domain.Driver is not enhanced.

[2024-02-25 17:22:00 #4 type.registry] 
New type domain.Ride

[2024-02-25 17:22:00 #5 type] 
Type domain.Ride is not enhanced.

[2024-02-25 17:22:00 #6 type.registry] 
New type java.util.Vector<java.lang.Object>

[2024-02-25 17:22:00 #7 type.registry] 
New type java.util.Vector<domain.Ride>

------------------------------------------------------------------------------------------------------------------------

[2024-02-25 17:29:04 #1 store] 
Database 'C:\Users\mikel\OneDrive\Escritorio\UNI\Asignaturas Segundo\Segundo Cuatri\IS\Iteraciones\Iteracion 1\Rides24-master(2).zip_expanded\Rides24-master\src\main\resources\rides.temp' has been recovered (tr. 1-6)

[2024-02-25 17:29:04 #2 store] 
Database 'C:\Users\mikel\OneDrive\Escritorio\UNI\Asignaturas Segundo\Segundo Cuatri\IS\Iteraciones\Iteracion 1\Rides24-master(2).zip_expanded\Rides24-master\src\main\resources\rides.temp' is opened by 7492@MSI-M1K3L

[2024-02-25 17:29:04 #3 type] 
Type domain.Driver is not enhanced.

[2024-02-25 17:29:04 #4 type] 
Type domain.Ride is not enhanced.

------------------------------------------------------------------------------------------------------------------------

[2024-02-25 17:29:18 #1 store] 
Database 'C:\Users\mikel\OneDrive\Escritorio\UNI\Asignaturas Segundo\Segundo Cuatri\IS\Iteraciones\Iteracion 1\Rides24-master(2).zip_expanded\Rides24-master\src\main\resources\rides.temp' is opened by 15080@MSI-M1K3L

[2024-02-25 17:29:18 #2 type] 
Type domain.Driver is not enhanced.

[2024-02-25 17:29:18 #3 type] 
Type domain.Ride is not enhanced.

------------------------------------------------------------------------------------------------------------------------

[2024-02-25 17:33:25 #1 store] 
Database 'C:\Users\mikel\OneDrive\Escritorio\UNI\Asignaturas Segundo\Segundo Cuatri\IS\Iteraciones\Iteracion 1\Rides24-master(2).zip_expanded\Rides24-master\src\main\resources\rides.temp' is opened by 10720@MSI-M1K3L

[2024-02-25 17:33:25 #2 type] 
Type domain.Driver is not enhanced.

[2024-02-25 17:33:25 #3 type] 
Type domain.Ride is not enhanced.

------------------------------------------------------------------------------------------------------------------------

[2024-02-25 17:41:05 #1 store] 
Database 'C:\Users\mikel\OneDrive\Escritorio\UNI\Asignaturas Segundo\Segundo Cuatri\IS\Iteraciones\Iteracion 1\Rides24-master(2).zip_expanded\Rides24-master\src\main\resources\rides.temp' is opened by 16196@MSI-M1K3L

[2024-02-25 17:41:05 #2 type] 
Type domain.Driver is not enhanced.

[2024-02-25 17:41:05 #3 type] 
Type domain.Ride is not enhanced.

[2024-02-25 17:41:21 #4 type.registry] 
New type domain.User

[2024-02-25 17:41:21 #5 type] 
Type domain.User is not enhanced.

------------------------------------------------------------------------------------------------------------------------

[2024-02-25 17:42:48 #1 store] 
Database 'C:\Users\mikel\OneDrive\Escritorio\UNI\Asignaturas Segundo\Segundo Cuatri\IS\Iteraciones\Iteracion 1\Rides24-master(2).zip_expanded\Rides24-master\src\main\resources\rides.temp' is opened by 2672@MSI-M1K3L

[2024-02-25 17:42:48 #2 type] 
Type domain.Driver is not enhanced.

[2024-02-25 17:42:48 #3 type] 
Type domain.Ride is not enhanced.

[2024-02-25 17:42:48 #4 type] 
Type domain.User is not enhanced.

------------------------------------------------------------------------------------------------------------------------

[2024-02-25 17:45:21 #1 store] 
Database 'C:\Users\mikel\OneDrive\Escritorio\UNI\Asignaturas Segundo\Segundo Cuatri\IS\Iteraciones\Iteracion 1\Rides24-master(2).zip_expanded\Rides24-master\src\main\resources\rides.temp' is opened by 8536@MSI-M1K3L

[2024-02-25 17:45:21 #2 type.registry] 
New type domain.Driver

[2024-02-25 17:45:21 #3 type] 
Type domain.Driver is not enhanced.

[2024-02-25 17:45:21 #4 type.registry] 
New type domain.Ride

[2024-02-25 17:45:21 #5 type] 
Type domain.Ride is not enhanced.

[2024-02-25 17:45:21 #6 type.registry] 
New type java.util.Vector<java.lang.Object>

[2024-02-25 17:45:21 #7 type.registry] 
New type java.util.Vector<domain.Ride>

------------------------------------------------------------------------------------------------------------------------

[2024-02-25 17:45:29 #1 store] 
Database 'C:\Users\mikel\OneDrive\Escritorio\UNI\Asignaturas Segundo\Segundo Cuatri\IS\Iteraciones\Iteracion 1\Rides24-master(2).zip_expanded\Rides24-master\src\main\resources\rides.temp' has been recovered (tr. 1-6)

[2024-02-25 17:45:29 #2 store] 
Database 'C:\Users\mikel\OneDrive\Escritorio\UNI\Asignaturas Segundo\Segundo Cuatri\IS\Iteraciones\Iteracion 1\Rides24-master(2).zip_expanded\Rides24-master\src\main\resources\rides.temp' is opened by 19120@MSI-M1K3L

[2024-02-25 17:45:29 #3 type] 
Type domain.Driver is not enhanced.

[2024-02-25 17:45:29 #4 type] 
Type domain.Ride is not enhanced.

------------------------------------------------------------------------------------------------------------------------

[2024-02-25 17:53:42 #1 store] 
Database 'C:\Users\mikel\OneDrive\Escritorio\UNI\Asignaturas Segundo\Segundo Cuatri\IS\Iteraciones\Iteracion 1\Rides24-master(2).zip_expanded\Rides24-master\src\main\resources\rides.temp' is opened by 5832@MSI-M1K3L

[2024-02-25 17:53:42 #2 type] 
Type domain.Driver is not enhanced.

[2024-02-25 17:53:42 #3 type] 
Type domain.Ride is not enhanced.

[2024-02-25 17:53:58 #4 type.registry] 
New type domain.User

[2024-02-25 17:53:58 #5 type] 
Type domain.User is not enhanced.

------------------------------------------------------------------------------------------------------------------------

[2024-02-25 17:54:38 #1 store] 
Database 'C:\Users\mikel\OneDrive\Escritorio\UNI\Asignaturas Segundo\Segundo Cuatri\IS\Iteraciones\Iteracion 1\Rides24-master(2).zip_expanded\Rides24-master\src\main\resources\rides.temp' has been recovered (tr. 7-8)

[2024-02-25 17:54:38 #2 store] 
Database 'C:\Users\mikel\OneDrive\Escritorio\UNI\Asignaturas Segundo\Segundo Cuatri\IS\Iteraciones\Iteracion 1\Rides24-master(2).zip_expanded\Rides24-master\src\main\resources\rides.temp' is opened by 17916@MSI-M1K3L

[2024-02-25 17:54:38 #3 type] 
Type domain.Driver is not enhanced.

[2024-02-25 17:54:38 #4 type] 
Type domain.Ride is not enhanced.

[2024-02-25 17:54:38 #5 type] 
Type domain.User is not enhanced.

------------------------------------------------------------------------------------------------------------------------

[2024-02-25 18:50:42 #1 store] 
Database 'C:\Users\mikel\OneDrive\Escritorio\UNI\Asignaturas Segundo\Segundo Cuatri\IS\Iteraciones\Iteracion 1\Rides24-master(2).zip_expanded\Rides24-master\src\main\resources\rides.temp' is opened by 10932@MSI-M1K3L

[2024-02-25 18:50:42 #2 type] 
Type domain.Driver is not enhanced.

[2024-02-25 18:50:42 #3 type] 
Type domain.Ride is not enhanced.

[2024-02-25 18:50:42 #4 type] 
Type domain.User is not enhanced.

------------------------------------------------------------------------------------------------------------------------

[2024-02-25 18:54:00 #1 store] 
Database 'C:\Users\mikel\OneDrive\Escritorio\UNI\Asignaturas Segundo\Segundo Cuatri\IS\Iteraciones\Iteracion 1\Rides24-master(2).zip_expanded\Rides24-master\src\main\resources\rides.temp' is opened by 18208@MSI-M1K3L

[2024-02-25 18:54:01 #2 type] 
Type domain.Driver is not enhanced.

[2024-02-25 18:54:01 #3 type] 
Type domain.Ride is not enhanced.

[2024-02-25 18:54:01 #4 type] 
Type domain.User is not enhanced.

------------------------------------------------------------------------------------------------------------------------

[2024-02-25 18:54:27 #1 store] 
Database 'C:\Users\mikel\OneDrive\Escritorio\UNI\Asignaturas Segundo\Segundo Cuatri\IS\Iteraciones\Iteracion 1\Rides24-master(2).zip_expanded\Rides24-master\src\main\resources\rides.temp' is opened by 12924@MSI-M1K3L

[2024-02-25 18:54:27 #2 type] 
Type domain.Driver is not enhanced.

[2024-02-25 18:54:27 #3 type] 
Type domain.Ride is not enhanced.

[2024-02-25 18:54:27 #4 type] 
Type domain.User is not enhanced.

------------------------------------------------------------------------------------------------------------------------

[2024-02-25 18:55:50 #1 store] 
Database 'C:\Users\mikel\OneDrive\Escritorio\UNI\Asignaturas Segundo\Segundo Cuatri\IS\Iteraciones\Iteracion 1\Rides24-master(2).zip_expanded\Rides24-master\src\main\resources\rides.temp' is opened by 17492@MSI-M1K3L

[2024-02-25 18:55:50 #2 type] 
Type domain.Driver is not enhanced.

[2024-02-25 18:55:50 #3 type] 
Type domain.Ride is not enhanced.

[2024-02-25 18:55:50 #4 type] 
Type domain.User is not enhanced.

------------------------------------------------------------------------------------------------------------------------

[2024-02-25 18:56:03 #1 store] 
Database 'C:\Users\mikel\OneDrive\Escritorio\UNI\Asignaturas Segundo\Segundo Cuatri\IS\Iteraciones\Iteracion 1\Rides24-master(2).zip_expanded\Rides24-master\src\main\resources\rides.temp' is opened by 21340@MSI-M1K3L

[2024-02-25 18:56:03 #2 type] 
Type domain.Driver is not enhanced.

[2024-02-25 18:56:03 #3 type] 
Type domain.Ride is not enhanced.

[2024-02-25 18:56:03 #4 type] 
Type domain.User is not enhanced.

------------------------------------------------------------------------------------------------------------------------

[2024-02-25 18:57:10 #1 store] 
Database 'C:\Users\mikel\OneDrive\Escritorio\UNI\Asignaturas Segundo\Segundo Cuatri\IS\Iteraciones\Iteracion 1\Rides24-master(2).zip_expanded\Rides24-master\src\main\resources\rides.temp' is opened by 22560@MSI-M1K3L

[2024-02-25 18:57:11 #2 type] 
Type domain.Driver is not enhanced.

[2024-02-25 18:57:11 #3 type] 
Type domain.Ride is not enhanced.

[2024-02-25 18:57:11 #4 type] 
Type domain.User is not enhanced.

------------------------------------------------------------------------------------------------------------------------

[2024-02-25 18:59:04 #1 store] 
Database 'C:\Users\mikel\OneDrive\Escritorio\UNI\Asignaturas Segundo\Segundo Cuatri\IS\Iteraciones\Iteracion 1\Rides24-master(2).zip_expanded\Rides24-master\src\main\resources\rides.temp' is opened by 13972@MSI-M1K3L

[2024-02-25 18:59:04 #2 type] 
Type domain.Driver is not enhanced.

[2024-02-25 18:59:04 #3 type] 
Type domain.Ride is not enhanced.

[2024-02-25 18:59:04 #4 type] 
Type domain.User is not enhanced.

------------------------------------------------------------------------------------------------------------------------

[2024-02-25 19:01:25 #1 store] 
Database 'C:\Users\mikel\OneDrive\Escritorio\UNI\Asignaturas Segundo\Segundo Cuatri\IS\Iteraciones\Iteracion 1\Rides24-master(2).zip_expanded\Rides24-master\src\main\resources\rides.temp' is opened by 18524@MSI-M1K3L

[2024-02-25 19:01:25 #2 type] 
Type domain.Driver is not enhanced.

[2024-02-25 19:01:25 #3 type] 
Type domain.Ride is not enhanced.

[2024-02-25 19:01:25 #4 type] 
Type domain.User is not enhanced.

------------------------------------------------------------------------------------------------------------------------

[2024-02-25 19:02:39 #1 store] 
Database 'C:\Users\mikel\OneDrive\Escritorio\UNI\Asignaturas Segundo\Segundo Cuatri\IS\Iteraciones\Iteracion 1\Rides24-master(2).zip_expanded\Rides24-master\src\main\resources\rides.temp' is opened by 10076@MSI-M1K3L

[2024-02-25 19:02:39 #2 type] 
Type domain.Driver is not enhanced.

[2024-02-25 19:02:39 #3 type] 
Type domain.Ride is not enhanced.

[2024-02-25 19:02:39 #4 type] 
Type domain.User is not enhanced.

------------------------------------------------------------------------------------------------------------------------

[2024-02-25 19:02:51 #1 store] 
Database 'C:\Users\mikel\OneDrive\Escritorio\UNI\Asignaturas Segundo\Segundo Cuatri\IS\Iteraciones\Iteracion 1\Rides24-master(2).zip_expanded\Rides24-master\src\main\resources\rides.temp' is opened by 15744@MSI-M1K3L

[2024-02-25 19:02:51 #2 type] 
Type domain.Driver is not enhanced.

[2024-02-25 19:02:51 #3 type] 
Type domain.Ride is not enhanced.

[2024-02-25 19:02:51 #4 type] 
Type domain.User is not enhanced.

------------------------------------------------------------------------------------------------------------------------

[2024-02-25 19:03:14 #1 store] 
Database 'C:\Users\mikel\OneDrive\Escritorio\UNI\Asignaturas Segundo\Segundo Cuatri\IS\Iteraciones\Iteracion 1\Rides24-master(2).zip_expanded\Rides24-master\src\main\resources\rides.temp' is opened by 16064@MSI-M1K3L

[2024-02-25 19:03:15 #2 type] 
Type domain.Driver is not enhanced.

[2024-02-25 19:03:15 #3 type] 
Type domain.Ride is not enhanced.

[2024-02-25 19:03:15 #4 type] 
Type domain.User is not enhanced.

------------------------------------------------------------------------------------------------------------------------

[2024-02-25 19:06:18 #1 store] 
Database 'C:\Users\mikel\OneDrive\Escritorio\UNI\Asignaturas Segundo\Segundo Cuatri\IS\Iteraciones\Iteracion 1\Rides24-master(2).zip_expanded\Rides24-master\src\main\resources\rides.temp' is opened by 3200@MSI-M1K3L

[2024-02-25 19:06:19 #2 type] 
Type domain.Driver is not enhanced.

[2024-02-25 19:06:19 #3 type] 
Type domain.Ride is not enhanced.

[2024-02-25 19:06:19 #4 type] 
Type domain.User is not enhanced.

------------------------------------------------------------------------------------------------------------------------

[2024-02-25 19:07:26 #1 store] 
Database 'C:\Users\mikel\OneDrive\Escritorio\UNI\Asignaturas Segundo\Segundo Cuatri\IS\Iteraciones\Iteracion 1\Rides24-master(2).zip_expanded\Rides24-master\src\main\resources\rides.temp' is opened by 21812@MSI-M1K3L

[2024-02-25 19:07:26 #2 type] 
Type domain.Driver is not enhanced.

[2024-02-25 19:07:26 #3 type] 
Type domain.Ride is not enhanced.

[2024-02-25 19:07:26 #4 type] 
Type domain.User is not enhanced.

------------------------------------------------------------------------------------------------------------------------

[2024-02-25 19:09:24 #1 store] 
Database 'C:\Users\mikel\OneDrive\Escritorio\UNI\Asignaturas Segundo\Segundo Cuatri\IS\Iteraciones\Iteracion 1\Rides24-master(2).zip_expanded\Rides24-master\src\main\resources\rides.temp' is opened by 19060@MSI-M1K3L

[2024-02-25 19:09:24 #2 type] 
Type domain.Driver is not enhanced.

[2024-02-25 19:09:24 #3 type] 
Type domain.Ride is not enhanced.

[2024-02-25 19:09:24 #4 type] 
Type domain.User is not enhanced.

------------------------------------------------------------------------------------------------------------------------

[2024-02-25 19:11:31 #1 store] 
Database 'C:\Users\mikel\OneDrive\Escritorio\UNI\Asignaturas Segundo\Segundo Cuatri\IS\Iteraciones\Iteracion 1\Rides24-master(2).zip_expanded\Rides24-master\src\main\resources\rides.temp' is opened by 5412@MSI-M1K3L

[2024-02-25 19:11:31 #2 type] 
Type domain.Driver is not enhanced.

[2024-02-25 19:11:31 #3 type] 
Type domain.Ride is not enhanced.

[2024-02-25 19:11:31 #4 type] 
Type domain.User is not enhanced.

