------------------------------------------------------------------------------------------------------------------------

[2024-03-05 17:47:43 #1 store] 
Database 'C:\Users\mikel\OneDrive\Escritorio\UNI\Asignaturas Segundo\Segundo Cuatri\IS\Iteraciones\Iteracion 1\Rides24-master(2).zip_expanded\Rides24-master\src\main\resources\rides.temp' is opened by 2148@MSI-M1K3L

[2024-03-05 17:47:43 #2 type] 
Type domain.Driver is not enhanced.

[2024-03-05 17:47:43 #3 type] 
Type domain.Ride is not enhanced.

[2024-03-05 17:47:43 #4 type] 
Type domain.User is not enhanced.

------------------------------------------------------------------------------------------------------------------------

[2024-03-05 17:52:14 #1 store] 
Database 'C:\Users\mikel\OneDrive\Escritorio\UNI\Asignaturas Segundo\Segundo Cuatri\IS\Iteraciones\Iteracion 1\Rides24-master(2).zip_expanded\Rides24-master\src\main\resources\rides.temp' is opened by 15456@MSI-M1K3L

[2024-03-05 17:52:14 #2 type.registry] 
New type domain.Driver

[2024-03-05 17:52:14 #3 type] 
Type domain.Driver is not enhanced.

[2024-03-05 17:52:14 #4 type.registry] 
New type domain.Ride

[2024-03-05 17:52:14 #5 type] 
Type domain.Ride is not enhanced.

[2024-03-05 17:52:14 #6 type.registry] 
New type domain.User

[2024-03-05 17:52:14 #7 type] 
Type domain.User is not enhanced.

[2024-03-05 17:52:14 #8 type.registry] 
New type java.util.Vector<java.lang.Object>

[2024-03-05 17:52:14 #9 type.registry] 
New type java.util.Vector<domain.Ride>

------------------------------------------------------------------------------------------------------------------------

[2024-03-05 17:57:08 #1 store] 
Database 'C:\Users\mikel\OneDrive\Escritorio\UNI\Asignaturas Segundo\Segundo Cuatri\IS\Iteraciones\Iteracion 1\Rides24-master(2).zip_expanded\Rides24-master\src\main\resources\rides.temp' is opened by 7256@MSI-M1K3L

[2024-03-05 17:57:08 #2 type.registry] 
New type domain.Driver

[2024-03-05 17:57:08 #3 type] 
Type domain.Driver is not enhanced.

[2024-03-05 17:57:08 #4 type.registry] 
New type domain.Ride

[2024-03-05 17:57:08 #5 type] 
Type domain.Ride is not enhanced.

[2024-03-05 17:57:08 #6 type.registry] 
New type domain.User

[2024-03-05 17:57:08 #7 type] 
Type domain.User is not enhanced.

[2024-03-05 17:57:08 #8 type.registry] 
New type java.util.Vector<java.lang.Object>

[2024-03-05 17:57:08 #9 type.registry] 
New type java.util.Vector<domain.Ride>

------------------------------------------------------------------------------------------------------------------------

[2024-03-05 18:05:47 #1 store] 
Database 'C:\Users\mikel\OneDrive\Escritorio\UNI\Asignaturas Segundo\Segundo Cuatri\IS\Iteraciones\Iteracion 1\Rides24-master(2).zip_expanded\Rides24-master\src\main\resources\rides.temp' is opened by 15504@MSI-M1K3L

[2024-03-05 18:05:48 #2 type.registry] 
New type domain.Driver

[2024-03-05 18:05:48 #3 type] 
Type domain.Driver is not enhanced.

[2024-03-05 18:05:48 #4 type.registry] 
New type domain.Ride

[2024-03-05 18:05:48 #5 type] 
Type domain.Ride is not enhanced.

[2024-03-05 18:05:48 #6 type.registry] 
New type domain.User

[2024-03-05 18:05:48 #7 type] 
Type domain.User is not enhanced.

[2024-03-05 18:05:48 #8 type.registry] 
New type java.util.Vector<java.lang.Object>

[2024-03-05 18:05:48 #9 type.registry] 
New type java.util.Vector<domain.Ride>

------------------------------------------------------------------------------------------------------------------------

[2024-03-05 18:06:35 #1 store] 
Database 'C:\Users\mikel\OneDrive\Escritorio\UNI\Asignaturas Segundo\Segundo Cuatri\IS\Iteraciones\Iteracion 1\Rides24-master(2).zip_expanded\Rides24-master\src\main\resources\rides.temp' is opened by 15072@MSI-M1K3L

[2024-03-05 18:06:35 #2 type.registry] 
New type domain.Driver

[2024-03-05 18:06:35 #3 type] 
Type domain.Driver is not enhanced.

[2024-03-05 18:06:35 #4 type.registry] 
New type domain.Ride

[2024-03-05 18:06:35 #5 type] 
Type domain.Ride is not enhanced.

[2024-03-05 18:06:35 #6 type.registry] 
New type domain.User

[2024-03-05 18:06:35 #7 type] 
Type domain.User is not enhanced.

[2024-03-05 18:06:35 #8 type.registry] 
New type java.util.Vector<java.lang.Object>

[2024-03-05 18:06:35 #9 type.registry] 
New type java.util.Vector<domain.Ride>

------------------------------------------------------------------------------------------------------------------------

[2024-03-05 18:11:49 #1 store] 
Database 'C:\Users\mikel\OneDrive\Escritorio\UNI\Asignaturas Segundo\Segundo Cuatri\IS\Iteraciones\Iteracion 1\Rides24-master(2).zip_expanded\Rides24-master\src\main\resources\rides.temp' is opened by 8872@MSI-M1K3L

[2024-03-05 18:11:49 #2 type.registry] 
New type domain.Driver

[2024-03-05 18:11:49 #3 type] 
Type domain.Driver is not enhanced.

[2024-03-05 18:11:49 #4 type.registry] 
New type domain.Ride

[2024-03-05 18:11:49 #5 type] 
Type domain.Ride is not enhanced.

[2024-03-05 18:11:49 #6 type.registry] 
New type domain.User

[2024-03-05 18:11:49 #7 type] 
Type domain.User is not enhanced.

[2024-03-05 18:11:49 #8 type.registry] 
New type java.util.Vector<java.lang.Object>

[2024-03-05 18:11:49 #9 type.registry] 
New type java.util.Vector<domain.Ride>

------------------------------------------------------------------------------------------------------------------------

[2024-03-05 18:15:59 #1 store] 
Database 'C:\Users\mikel\OneDrive\Escritorio\UNI\Asignaturas Segundo\Segundo Cuatri\IS\Iteraciones\Iteracion 1\Rides24-master(2).zip_expanded\Rides24-master\src\main\resources\rides.temp' is opened by 8664@MSI-M1K3L

[2024-03-05 18:16:00 #2 type.registry] 
New type domain.Driver

[2024-03-05 18:16:00 #3 type] 
Type domain.Driver is not enhanced.

[2024-03-05 18:16:00 #4 type.registry] 
New type domain.Ride

[2024-03-05 18:16:00 #5 type] 
Type domain.Ride is not enhanced.

[2024-03-05 18:16:00 #6 type.registry] 
New type domain.User

[2024-03-05 18:16:00 #7 type] 
Type domain.User is not enhanced.

[2024-03-05 18:16:00 #8 type.registry] 
New type java.util.Vector<java.lang.Object>

[2024-03-05 18:16:00 #9 type.registry] 
New type java.util.Vector<domain.Ride>

------------------------------------------------------------------------------------------------------------------------

[2024-03-05 18:21:48 #1 store] 
Database 'C:\Users\mikel\OneDrive\Escritorio\UNI\Asignaturas Segundo\Segundo Cuatri\IS\Iteraciones\Iteracion 1\Rides24-master(2).zip_expanded\Rides24-master\src\main\resources\rides.temp' is opened by 10716@MSI-M1K3L

[2024-03-05 18:21:49 #2 type.registry] 
New type domain.Driver

[2024-03-05 18:21:49 #3 type] 
Type domain.Driver is not enhanced.

[2024-03-05 18:21:49 #4 type.registry] 
New type domain.Ride

[2024-03-05 18:21:49 #5 type] 
Type domain.Ride is not enhanced.

[2024-03-05 18:21:49 #6 type.registry] 
New type domain.User

[2024-03-05 18:21:49 #7 type] 
Type domain.User is not enhanced.

[2024-03-05 18:21:49 #8 type.registry] 
New type java.util.Vector<java.lang.Object>

[2024-03-05 18:21:49 #9 type.registry] 
New type java.util.Vector<domain.Ride>

------------------------------------------------------------------------------------------------------------------------

[2024-03-05 18:26:24 #1 store] 
Database 'C:\Users\mikel\OneDrive\Escritorio\UNI\Asignaturas Segundo\Segundo Cuatri\IS\Iteraciones\Iteracion 1\Rides24-master(2).zip_expanded\Rides24-master\src\main\resources\rides.temp' is opened by 17916@MSI-M1K3L

[2024-03-05 18:26:24 #2 type.registry] 
New type domain.Driver

[2024-03-05 18:26:24 #3 type] 
Type domain.Driver is not enhanced.

[2024-03-05 18:26:24 #4 type.registry] 
New type domain.Ride

[2024-03-05 18:26:24 #5 type] 
Type domain.Ride is not enhanced.

[2024-03-05 18:26:24 #6 type.registry] 
New type domain.User

[2024-03-05 18:26:24 #7 type] 
Type domain.User is not enhanced.

[2024-03-05 18:26:24 #8 type.registry] 
New type java.util.Vector<java.lang.Object>

[2024-03-05 18:26:24 #9 type.registry] 
New type java.util.Vector<domain.Ride>

