2025-09-12 17:07:54,268 [Worker-6: Loading available Gradle versions] INFO  o.e.b.c.i.u.g.PublishedGradleVersions - Gradle version information cache is up-to-date. Trying to read.
2025-09-12 17:09:44,745 [Worker-24: Updating Maven Dependencies] INFO  o.e.m.c.i.l.LifecycleMappingFactory - Using org.eclipse.m2e.jdt.JarLifecycleMapping lifecycle mapping for MavenProject: Rides24:Rides24:0.0.1-SNAPSHOT @ C:\Users\mikel\OneDrive\Escritorio\UNI\Asignaturas Tercero\Primer Cuatri\IS2\Proyecto Rides24\Rides24_IT3.zip_expanded\Rides24\pom.xml.
2025-09-12 17:09:44,745 [Worker-23: Building] INFO  o.e.m.c.i.l.LifecycleMappingFactory - Using org.eclipse.m2e.jdt.JarLifecycleMapping lifecycle mapping for MavenProject: Rides24:Rides24:0.0.1-SNAPSHOT @ C:\Users\mikel\OneDrive\Escritorio\UNI\Asignaturas Tercero\Primer Cuatri\IS2\Proyecto Rides24\Rides24_IT3.zip_expanded\Rides24\pom.xml.
2025-09-12 17:09:49,679 [Worker-23: Building] WARN  o.a.m.s.f.DefaultMavenResourcesFiltering - Using platform encoding (Cp1252 actually) to copy filtered resources, i.e. build is platform dependent!
2025-09-12 17:09:49,684 [Worker-23: Building] INFO  o.a.m.s.f.DefaultMavenResourcesFiltering - Copying 39 resources from src\main\resources to target\classes
2025-09-12 17:09:49,744 [Worker-23: Building] WARN  o.a.m.s.f.DefaultMavenResourcesFiltering - Using platform encoding (Cp1252 actually) to copy filtered resources, i.e. build is platform dependent!
2025-09-12 17:09:49,745 [Worker-23: Building] INFO  o.a.m.s.f.DefaultMavenResourcesFiltering - skip non existing resourceDirectory C:\Users\mikel\OneDrive\Escritorio\UNI\Asignaturas Tercero\Primer Cuatri\IS2\Proyecto Rides24\Rides24_IT3.zip_expanded\Rides24\src\test\resources
2025-09-12 17:09:51,143 [Worker-22: Updating Maven Dependencies] INFO  o.e.m.c.i.l.LifecycleMappingFactory - Using org.eclipse.m2e.jdt.JarLifecycleMapping lifecycle mapping for MavenProject: Rides24:Rides24:0.0.1-SNAPSHOT @ C:\Users\mikel\OneDrive\Escritorio\UNI\Asignaturas Tercero\Primer Cuatri\IS2\Proyecto Rides24\Rides24_IT3.zip_expanded\Rides24\pom.xml.
2025-09-12 17:09:51,444 [Worker-21: Building] WARN  o.a.m.s.f.DefaultMavenResourcesFiltering - Using platform encoding (Cp1252 actually) to copy filtered resources, i.e. build is platform dependent!
2025-09-12 17:09:51,446 [Worker-21: Building] INFO  o.a.m.s.f.DefaultMavenResourcesFiltering - Copying 39 resources from src\main\resources to target\classes
2025-09-12 17:09:51,501 [Worker-21: Building] WARN  o.a.m.s.f.DefaultMavenResourcesFiltering - Using platform encoding (Cp1252 actually) to copy filtered resources, i.e. build is platform dependent!
2025-09-12 17:09:51,502 [Worker-21: Building] INFO  o.a.m.s.f.DefaultMavenResourcesFiltering - skip non existing resourceDirectory C:\Users\mikel\OneDrive\Escritorio\UNI\Asignaturas Tercero\Primer Cuatri\IS2\Proyecto Rides24\Rides24_IT3.zip_expanded\Rides24\src\test\resources
2025-09-12 17:09:53,035 [Worker-27: Building] WARN  o.a.m.s.f.DefaultMavenResourcesFiltering - Using platform encoding (Cp1252 actually) to copy filtered resources, i.e. build is platform dependent!
2025-09-12 17:09:53,037 [Worker-27: Building] INFO  o.a.m.s.f.DefaultMavenResourcesFiltering - Copying 39 resources from src\main\resources to target\classes
2025-09-12 17:09:53,100 [Worker-27: Building] WARN  o.a.m.s.f.DefaultMavenResourcesFiltering - Using platform encoding (Cp1252 actually) to copy filtered resources, i.e. build is platform dependent!
2025-09-12 17:09:53,101 [Worker-27: Building] INFO  o.a.m.s.f.DefaultMavenResourcesFiltering - skip non existing resourceDirectory C:\Users\mikel\OneDrive\Escritorio\UNI\Asignaturas Tercero\Primer Cuatri\IS2\Proyecto Rides24\Rides24_IT3.zip_expanded\Rides24\src\test\resources
2025-09-12 17:15:58,791 [Worker-30: Building] WARN  o.a.m.s.f.DefaultMavenResourcesFiltering - Using platform encoding (Cp1252 actually) to copy filtered resources, i.e. build is platform dependent!
2025-09-12 17:15:58,793 [Worker-30: Building] INFO  o.a.m.s.f.DefaultMavenResourcesFiltering - Copying 39 resources from src\main\resources to target\classes
2025-09-12 17:15:58,847 [Worker-30: Building] WARN  o.a.m.s.f.DefaultMavenResourcesFiltering - Using platform encoding (Cp1252 actually) to copy filtered resources, i.e. build is platform dependent!
2025-09-12 17:15:58,848 [Worker-30: Building] INFO  o.a.m.s.f.DefaultMavenResourcesFiltering - skip non existing resourceDirectory C:\Users\mikel\OneDrive\Escritorio\UNI\Asignaturas Tercero\Primer Cuatri\IS2\Proyecto Rides24\Rides24_IT3.zip_expanded\Rides24\src\test\resources
2025-09-12 17:23:50,773 [Worker-28: Building] WARN  o.a.m.s.f.DefaultMavenResourcesFiltering - Using platform encoding (Cp1252 actually) to copy filtered resources, i.e. build is platform dependent!
2025-09-12 17:23:50,783 [Worker-28: Building] INFO  o.a.m.s.f.DefaultMavenResourcesFiltering - Copying 2 resources from src\main\resources to target\classes
2025-09-12 17:23:50,791 [Worker-28: Building] WARN  o.a.m.s.f.DefaultMavenResourcesFiltering - Using platform encoding (Cp1252 actually) to copy filtered resources, i.e. build is platform dependent!
2025-09-12 17:23:50,792 [Worker-28: Building] INFO  o.a.m.s.f.DefaultMavenResourcesFiltering - skip non existing resourceDirectory C:\Users\mikel\OneDrive\Escritorio\UNI\Asignaturas Tercero\Primer Cuatri\IS2\Proyecto Rides24\Rides24_IT3.zip_expanded\Rides24\src\test\resources
2025-09-12 17:28:23,661 [Worker-4: Loading available Gradle versions] INFO  o.e.b.c.i.u.g.PublishedGradleVersions - Gradle version information cache is up-to-date. Trying to read.
2025-09-12 17:33:53,603 [Worker-27: Launching Executing install in C__Users_mikel_OneDrive_Escritorio_UNI_Asignaturas Tercero_Primer Cuatri_IS2_Proyecto Rides24_Rides24_IT3.zip_expanded_Rides24] INFO  o.eclipse.m2e.core.internal.Bundles - getClasspathEntries(Bundle=org.eclipse.m2e.maven.runtime_3.9.600.20231203-1234 [863])
2025-09-12 17:33:53,605 [Worker-27: Launching Executing install in C__Users_mikel_OneDrive_Escritorio_UNI_Asignaturas Tercero_Primer Cuatri_IS2_Proyecto Rides24_Rides24_IT3.zip_expanded_Rides24] INFO  o.eclipse.m2e.core.internal.Bundles - 	Entry: C:\Users\mikel\.p2\pool\plugins\org.eclipse.m2e.maven.runtime_3.9.600.20231203-1234
2025-09-12 17:33:53,605 [Worker-27: Launching Executing install in C__Users_mikel_OneDrive_Escritorio_UNI_Asignaturas Tercero_Primer Cuatri_IS2_Proyecto Rides24_Rides24_IT3.zip_expanded_Rides24] INFO  o.eclipse.m2e.core.internal.Bundles - 	Entry: C:\Users\mikel\.p2\pool\plugins\org.eclipse.m2e.maven.runtime_3.9.600.20231203-1234\jars\aopalliance-1.0.jar
2025-09-12 17:33:53,606 [Worker-27: Launching Executing install in C__Users_mikel_OneDrive_Escritorio_UNI_Asignaturas Tercero_Primer Cuatri_IS2_Proyecto Rides24_Rides24_IT3.zip_expanded_Rides24] INFO  o.eclipse.m2e.core.internal.Bundles - 	Entry: C:\Users\mikel\.p2\pool\plugins\org.eclipse.m2e.maven.runtime_3.9.600.20231203-1234\jars\guice-5.1.0.jar
2025-09-12 17:33:53,606 [Worker-27: Launching Executing install in C__Users_mikel_OneDrive_Escritorio_UNI_Asignaturas Tercero_Primer Cuatri_IS2_Proyecto Rides24_Rides24_IT3.zip_expanded_Rides24] INFO  o.eclipse.m2e.core.internal.Bundles - 	Entry: C:\Users\mikel\.p2\pool\plugins\org.eclipse.m2e.maven.runtime_3.9.600.20231203-1234\jars\httpclient-4.5.14.jar
2025-09-12 17:33:53,606 [Worker-27: Launching Executing install in C__Users_mikel_OneDrive_Escritorio_UNI_Asignaturas Tercero_Primer Cuatri_IS2_Proyecto Rides24_Rides24_IT3.zip_expanded_Rides24] INFO  o.eclipse.m2e.core.internal.Bundles - 	Entry: C:\Users\mikel\.p2\pool\plugins\org.eclipse.m2e.maven.runtime_3.9.600.20231203-1234\jars\httpcore-4.4.16.jar
2025-09-12 17:33:53,606 [Worker-27: Launching Executing install in C__Users_mikel_OneDrive_Escritorio_UNI_Asignaturas Tercero_Primer Cuatri_IS2_Proyecto Rides24_Rides24_IT3.zip_expanded_Rides24] INFO  o.eclipse.m2e.core.internal.Bundles - 	Entry: C:\Users\mikel\.p2\pool\plugins\org.eclipse.m2e.maven.runtime_3.9.600.20231203-1234\jars\jansi-2.4.0.jar
2025-09-12 17:33:53,606 [Worker-27: Launching Executing install in C__Users_mikel_OneDrive_Escritorio_UNI_Asignaturas Tercero_Primer Cuatri_IS2_Proyecto Rides24_Rides24_IT3.zip_expanded_Rides24] INFO  o.eclipse.m2e.core.internal.Bundles - 	Entry: C:\Users\mikel\.p2\pool\plugins\org.eclipse.m2e.maven.runtime_3.9.600.20231203-1234\jars\jcl-over-slf4j-1.7.36.jar
2025-09-12 17:33:53,606 [Worker-27: Launching Executing install in C__Users_mikel_OneDrive_Escritorio_UNI_Asignaturas Tercero_Primer Cuatri_IS2_Proyecto Rides24_Rides24_IT3.zip_expanded_Rides24] INFO  o.eclipse.m2e.core.internal.Bundles - 	Entry: C:\Users\mikel\.p2\pool\plugins\org.eclipse.m2e.maven.runtime_3.9.600.20231203-1234\jars\maven-artifact-3.9.6.jar
2025-09-12 17:33:53,606 [Worker-27: Launching Executing install in C__Users_mikel_OneDrive_Escritorio_UNI_Asignaturas Tercero_Primer Cuatri_IS2_Proyecto Rides24_Rides24_IT3.zip_expanded_Rides24] INFO  o.eclipse.m2e.core.internal.Bundles - 	Entry: C:\Users\mikel\.p2\pool\plugins\org.eclipse.m2e.maven.runtime_3.9.600.20231203-1234\jars\maven-builder-support-3.9.6.jar
2025-09-12 17:33:53,607 [Worker-27: Launching Executing install in C__Users_mikel_OneDrive_Escritorio_UNI_Asignaturas Tercero_Primer Cuatri_IS2_Proyecto Rides24_Rides24_IT3.zip_expanded_Rides24] INFO  o.eclipse.m2e.core.internal.Bundles - 	Entry: C:\Users\mikel\.p2\pool\plugins\org.eclipse.m2e.maven.runtime_3.9.600.20231203-1234\jars\maven-compat-3.9.6.jar
2025-09-12 17:33:53,607 [Worker-27: Launching Executing install in C__Users_mikel_OneDrive_Escritorio_UNI_Asignaturas Tercero_Primer Cuatri_IS2_Proyecto Rides24_Rides24_IT3.zip_expanded_Rides24] INFO  o.eclipse.m2e.core.internal.Bundles - 	Entry: C:\Users\mikel\.p2\pool\plugins\org.eclipse.m2e.maven.runtime_3.9.600.20231203-1234\jars\maven-core-3.9.6.jar
2025-09-12 17:33:53,607 [Worker-27: Launching Executing install in C__Users_mikel_OneDrive_Escritorio_UNI_Asignaturas Tercero_Primer Cuatri_IS2_Proyecto Rides24_Rides24_IT3.zip_expanded_Rides24] INFO  o.eclipse.m2e.core.internal.Bundles - 	Entry: C:\Users\mikel\.p2\pool\plugins\org.eclipse.m2e.maven.runtime_3.9.600.20231203-1234\jars\maven-embedder-3.9.6.jar
2025-09-12 17:33:53,607 [Worker-27: Launching Executing install in C__Users_mikel_OneDrive_Escritorio_UNI_Asignaturas Tercero_Primer Cuatri_IS2_Proyecto Rides24_Rides24_IT3.zip_expanded_Rides24] INFO  o.eclipse.m2e.core.internal.Bundles - 	Entry: C:\Users\mikel\.p2\pool\plugins\org.eclipse.m2e.maven.runtime_3.9.600.20231203-1234\jars\maven-model-3.9.6.jar
2025-09-12 17:33:53,607 [Worker-27: Launching Executing install in C__Users_mikel_OneDrive_Escritorio_UNI_Asignaturas Tercero_Primer Cuatri_IS2_Proyecto Rides24_Rides24_IT3.zip_expanded_Rides24] INFO  o.eclipse.m2e.core.internal.Bundles - 	Entry: C:\Users\mikel\.p2\pool\plugins\org.eclipse.m2e.maven.runtime_3.9.600.20231203-1234\jars\maven-model-builder-3.9.6.jar
2025-09-12 17:33:53,607 [Worker-27: Launching Executing install in C__Users_mikel_OneDrive_Escritorio_UNI_Asignaturas Tercero_Primer Cuatri_IS2_Proyecto Rides24_Rides24_IT3.zip_expanded_Rides24] INFO  o.eclipse.m2e.core.internal.Bundles - 	Entry: C:\Users\mikel\.p2\pool\plugins\org.eclipse.m2e.maven.runtime_3.9.600.20231203-1234\jars\maven-plugin-api-3.9.6.jar
2025-09-12 17:33:53,607 [Worker-27: Launching Executing install in C__Users_mikel_OneDrive_Escritorio_UNI_Asignaturas Tercero_Primer Cuatri_IS2_Proyecto Rides24_Rides24_IT3.zip_expanded_Rides24] INFO  o.eclipse.m2e.core.internal.Bundles - 	Entry: C:\Users\mikel\.p2\pool\plugins\org.eclipse.m2e.maven.runtime_3.9.600.20231203-1234\jars\maven-repository-metadata-3.9.6.jar
2025-09-12 17:33:53,607 [Worker-27: Launching Executing install in C__Users_mikel_OneDrive_Escritorio_UNI_Asignaturas Tercero_Primer Cuatri_IS2_Proyecto Rides24_Rides24_IT3.zip_expanded_Rides24] INFO  o.eclipse.m2e.core.internal.Bundles - 	Entry: C:\Users\mikel\.p2\pool\plugins\org.eclipse.m2e.maven.runtime_3.9.600.20231203-1234\jars\maven-resolver-api-1.9.18.jar
2025-09-12 17:33:53,607 [Worker-27: Launching Executing install in C__Users_mikel_OneDrive_Escritorio_UNI_Asignaturas Tercero_Primer Cuatri_IS2_Proyecto Rides24_Rides24_IT3.zip_expanded_Rides24] INFO  o.eclipse.m2e.core.internal.Bundles - 	Entry: C:\Users\mikel\.p2\pool\plugins\org.eclipse.m2e.maven.runtime_3.9.600.20231203-1234\jars\maven-resolver-connector-basic-1.9.18.jar
2025-09-12 17:33:53,608 [Worker-27: Launching Executing install in C__Users_mikel_OneDrive_Escritorio_UNI_Asignaturas Tercero_Primer Cuatri_IS2_Proyecto Rides24_Rides24_IT3.zip_expanded_Rides24] INFO  o.eclipse.m2e.core.internal.Bundles - 	Entry: C:\Users\mikel\.p2\pool\plugins\org.eclipse.m2e.maven.runtime_3.9.600.20231203-1234\jars\maven-resolver-impl-1.9.18.jar
2025-09-12 17:33:53,608 [Worker-27: Launching Executing install in C__Users_mikel_OneDrive_Escritorio_UNI_Asignaturas Tercero_Primer Cuatri_IS2_Proyecto Rides24_Rides24_IT3.zip_expanded_Rides24] INFO  o.eclipse.m2e.core.internal.Bundles - 	Entry: C:\Users\mikel\.p2\pool\plugins\org.eclipse.m2e.maven.runtime_3.9.600.20231203-1234\jars\maven-resolver-named-locks-1.9.18.jar
2025-09-12 17:33:53,608 [Worker-27: Launching Executing install in C__Users_mikel_OneDrive_Escritorio_UNI_Asignaturas Tercero_Primer Cuatri_IS2_Proyecto Rides24_Rides24_IT3.zip_expanded_Rides24] INFO  o.eclipse.m2e.core.internal.Bundles - 	Entry: C:\Users\mikel\.p2\pool\plugins\org.eclipse.m2e.maven.runtime_3.9.600.20231203-1234\jars\maven-resolver-provider-3.9.6.jar
2025-09-12 17:33:53,608 [Worker-27: Launching Executing install in C__Users_mikel_OneDrive_Escritorio_UNI_Asignaturas Tercero_Primer Cuatri_IS2_Proyecto Rides24_Rides24_IT3.zip_expanded_Rides24] INFO  o.eclipse.m2e.core.internal.Bundles - 	Entry: C:\Users\mikel\.p2\pool\plugins\org.eclipse.m2e.maven.runtime_3.9.600.20231203-1234\jars\maven-resolver-spi-1.9.18.jar
2025-09-12 17:33:53,608 [Worker-27: Launching Executing install in C__Users_mikel_OneDrive_Escritorio_UNI_Asignaturas Tercero_Primer Cuatri_IS2_Proyecto Rides24_Rides24_IT3.zip_expanded_Rides24] INFO  o.eclipse.m2e.core.internal.Bundles - 	Entry: C:\Users\mikel\.p2\pool\plugins\org.eclipse.m2e.maven.runtime_3.9.600.20231203-1234\jars\maven-resolver-transport-file-1.9.18.jar
2025-09-12 17:33:53,609 [Worker-27: Launching Executing install in C__Users_mikel_OneDrive_Escritorio_UNI_Asignaturas Tercero_Primer Cuatri_IS2_Proyecto Rides24_Rides24_IT3.zip_expanded_Rides24] INFO  o.eclipse.m2e.core.internal.Bundles - 	Entry: C:\Users\mikel\.p2\pool\plugins\org.eclipse.m2e.maven.runtime_3.9.600.20231203-1234\jars\maven-resolver-transport-http-1.9.18.jar
2025-09-12 17:33:53,609 [Worker-27: Launching Executing install in C__Users_mikel_OneDrive_Escritorio_UNI_Asignaturas Tercero_Primer Cuatri_IS2_Proyecto Rides24_Rides24_IT3.zip_expanded_Rides24] INFO  o.eclipse.m2e.core.internal.Bundles - 	Entry: C:\Users\mikel\.p2\pool\plugins\org.eclipse.m2e.maven.runtime_3.9.600.20231203-1234\jars\maven-resolver-transport-wagon-1.9.18.jar
2025-09-12 17:33:53,609 [Worker-27: Launching Executing install in C__Users_mikel_OneDrive_Escritorio_UNI_Asignaturas Tercero_Primer Cuatri_IS2_Proyecto Rides24_Rides24_IT3.zip_expanded_Rides24] INFO  o.eclipse.m2e.core.internal.Bundles - 	Entry: C:\Users\mikel\.p2\pool\plugins\org.eclipse.m2e.maven.runtime_3.9.600.20231203-1234\jars\maven-resolver-util-1.9.18.jar
2025-09-12 17:33:53,609 [Worker-27: Launching Executing install in C__Users_mikel_OneDrive_Escritorio_UNI_Asignaturas Tercero_Primer Cuatri_IS2_Proyecto Rides24_Rides24_IT3.zip_expanded_Rides24] INFO  o.eclipse.m2e.core.internal.Bundles - 	Entry: C:\Users\mikel\.p2\pool\plugins\org.eclipse.m2e.maven.runtime_3.9.600.20231203-1234\jars\maven-settings-3.9.6.jar
2025-09-12 17:33:53,609 [Worker-27: Launching Executing install in C__Users_mikel_OneDrive_Escritorio_UNI_Asignaturas Tercero_Primer Cuatri_IS2_Proyecto Rides24_Rides24_IT3.zip_expanded_Rides24] INFO  o.eclipse.m2e.core.internal.Bundles - 	Entry: C:\Users\mikel\.p2\pool\plugins\org.eclipse.m2e.maven.runtime_3.9.600.20231203-1234\jars\maven-settings-builder-3.9.6.jar
2025-09-12 17:33:53,609 [Worker-27: Launching Executing install in C__Users_mikel_OneDrive_Escritorio_UNI_Asignaturas Tercero_Primer Cuatri_IS2_Proyecto Rides24_Rides24_IT3.zip_expanded_Rides24] INFO  o.eclipse.m2e.core.internal.Bundles - 	Entry: C:\Users\mikel\.p2\pool\plugins\org.eclipse.m2e.maven.runtime_3.9.600.20231203-1234\jars\maven-shared-utils-3.3.4.jar
2025-09-12 17:33:53,610 [Worker-27: Launching Executing install in C__Users_mikel_OneDrive_Escritorio_UNI_Asignaturas Tercero_Primer Cuatri_IS2_Proyecto Rides24_Rides24_IT3.zip_expanded_Rides24] INFO  o.eclipse.m2e.core.internal.Bundles - 	Entry: C:\Users\mikel\.p2\pool\plugins\org.eclipse.m2e.maven.runtime_3.9.600.20231203-1234\jars\org.eclipse.sisu.inject-0.9.0.M2.jar
2025-09-12 17:33:53,610 [Worker-27: Launching Executing install in C__Users_mikel_OneDrive_Escritorio_UNI_Asignaturas Tercero_Primer Cuatri_IS2_Proyecto Rides24_Rides24_IT3.zip_expanded_Rides24] INFO  o.eclipse.m2e.core.internal.Bundles - 	Entry: C:\Users\mikel\.p2\pool\plugins\org.eclipse.m2e.maven.runtime_3.9.600.20231203-1234\jars\org.eclipse.sisu.plexus-0.9.0.M2.jar
2025-09-12 17:33:53,610 [Worker-27: Launching Executing install in C__Users_mikel_OneDrive_Escritorio_UNI_Asignaturas Tercero_Primer Cuatri_IS2_Proyecto Rides24_Rides24_IT3.zip_expanded_Rides24] INFO  o.eclipse.m2e.core.internal.Bundles - 	Entry: C:\Users\mikel\.p2\pool\plugins\org.eclipse.m2e.maven.runtime_3.9.600.20231203-1234\jars\plexus-build-api-0.0.7.jar
2025-09-12 17:33:53,610 [Worker-27: Launching Executing install in C__Users_mikel_OneDrive_Escritorio_UNI_Asignaturas Tercero_Primer Cuatri_IS2_Proyecto Rides24_Rides24_IT3.zip_expanded_Rides24] INFO  o.eclipse.m2e.core.internal.Bundles - 	Entry: C:\Users\mikel\.p2\pool\plugins\org.eclipse.m2e.maven.runtime_3.9.600.20231203-1234\jars\plexus-cipher-2.0.jar
2025-09-12 17:33:53,610 [Worker-27: Launching Executing install in C__Users_mikel_OneDrive_Escritorio_UNI_Asignaturas Tercero_Primer Cuatri_IS2_Proyecto Rides24_Rides24_IT3.zip_expanded_Rides24] INFO  o.eclipse.m2e.core.internal.Bundles - 	Entry: C:\Users\mikel\.p2\pool\plugins\org.eclipse.m2e.maven.runtime_3.9.600.20231203-1234\jars\plexus-classworlds-2.7.0.jar
2025-09-12 17:33:53,611 [Worker-27: Launching Executing install in C__Users_mikel_OneDrive_Escritorio_UNI_Asignaturas Tercero_Primer Cuatri_IS2_Proyecto Rides24_Rides24_IT3.zip_expanded_Rides24] INFO  o.eclipse.m2e.core.internal.Bundles - 	Entry: C:\Users\mikel\.p2\pool\plugins\org.eclipse.m2e.maven.runtime_3.9.600.20231203-1234\jars\plexus-component-annotations-2.1.0.jar
2025-09-12 17:33:53,611 [Worker-27: Launching Executing install in C__Users_mikel_OneDrive_Escritorio_UNI_Asignaturas Tercero_Primer Cuatri_IS2_Proyecto Rides24_Rides24_IT3.zip_expanded_Rides24] INFO  o.eclipse.m2e.core.internal.Bundles - 	Entry: C:\Users\mikel\.p2\pool\plugins\org.eclipse.m2e.maven.runtime_3.9.600.20231203-1234\jars\plexus-interpolation-1.26.jar
2025-09-12 17:33:53,611 [Worker-27: Launching Executing install in C__Users_mikel_OneDrive_Escritorio_UNI_Asignaturas Tercero_Primer Cuatri_IS2_Proyecto Rides24_Rides24_IT3.zip_expanded_Rides24] INFO  o.eclipse.m2e.core.internal.Bundles - 	Entry: C:\Users\mikel\.p2\pool\plugins\org.eclipse.m2e.maven.runtime_3.9.600.20231203-1234\jars\plexus-sec-dispatcher-2.0.jar
2025-09-12 17:33:53,611 [Worker-27: Launching Executing install in C__Users_mikel_OneDrive_Escritorio_UNI_Asignaturas Tercero_Primer Cuatri_IS2_Proyecto Rides24_Rides24_IT3.zip_expanded_Rides24] INFO  o.eclipse.m2e.core.internal.Bundles - 	Entry: C:\Users\mikel\.p2\pool\plugins\org.eclipse.m2e.maven.runtime_3.9.600.20231203-1234\jars\plexus-utils-3.5.1.jar
2025-09-12 17:33:53,611 [Worker-27: Launching Executing install in C__Users_mikel_OneDrive_Escritorio_UNI_Asignaturas Tercero_Primer Cuatri_IS2_Proyecto Rides24_Rides24_IT3.zip_expanded_Rides24] INFO  o.eclipse.m2e.core.internal.Bundles - 	Entry: C:\Users\mikel\.p2\pool\plugins\org.eclipse.m2e.maven.runtime_3.9.600.20231203-1234\jars\wagon-file-3.5.3.jar
2025-09-12 17:33:53,611 [Worker-27: Launching Executing install in C__Users_mikel_OneDrive_Escritorio_UNI_Asignaturas Tercero_Primer Cuatri_IS2_Proyecto Rides24_Rides24_IT3.zip_expanded_Rides24] INFO  o.eclipse.m2e.core.internal.Bundles - 	Entry: C:\Users\mikel\.p2\pool\plugins\org.eclipse.m2e.maven.runtime_3.9.600.20231203-1234\jars\wagon-http-3.5.3.jar
2025-09-12 17:33:53,612 [Worker-27: Launching Executing install in C__Users_mikel_OneDrive_Escritorio_UNI_Asignaturas Tercero_Primer Cuatri_IS2_Proyecto Rides24_Rides24_IT3.zip_expanded_Rides24] INFO  o.eclipse.m2e.core.internal.Bundles - 	Entry: C:\Users\mikel\.p2\pool\plugins\org.eclipse.m2e.maven.runtime_3.9.600.20231203-1234\jars\wagon-http-shared-3.5.3.jar
2025-09-12 17:33:53,612 [Worker-27: Launching Executing install in C__Users_mikel_OneDrive_Escritorio_UNI_Asignaturas Tercero_Primer Cuatri_IS2_Proyecto Rides24_Rides24_IT3.zip_expanded_Rides24] INFO  o.eclipse.m2e.core.internal.Bundles - 	Entry: C:\Users\mikel\.p2\pool\plugins\org.eclipse.m2e.maven.runtime_3.9.600.20231203-1234\jars\wagon-provider-api-3.5.3.jar
2025-09-12 17:33:53,613 [Worker-27: Launching Executing install in C__Users_mikel_OneDrive_Escritorio_UNI_Asignaturas Tercero_Primer Cuatri_IS2_Proyecto Rides24_Rides24_IT3.zip_expanded_Rides24] INFO  o.eclipse.m2e.core.internal.Bundles - getClasspathEntries(Bundle=com.google.guava_33.0.0.jre [552])
2025-09-12 17:33:53,613 [Worker-27: Launching Executing install in C__Users_mikel_OneDrive_Escritorio_UNI_Asignaturas Tercero_Primer Cuatri_IS2_Proyecto Rides24_Rides24_IT3.zip_expanded_Rides24] INFO  o.eclipse.m2e.core.internal.Bundles - 	Entry: C:\Users\mikel\.p2\pool\plugins\com.google.guava_33.0.0.jre.jar
2025-09-12 17:33:53,613 [Worker-27: Launching Executing install in C__Users_mikel_OneDrive_Escritorio_UNI_Asignaturas Tercero_Primer Cuatri_IS2_Proyecto Rides24_Rides24_IT3.zip_expanded_Rides24] INFO  o.eclipse.m2e.core.internal.Bundles - getClasspathEntries(Bundle=slf4j.api_2.0.12 [1045])
2025-09-12 17:33:53,614 [Worker-27: Launching Executing install in C__Users_mikel_OneDrive_Escritorio_UNI_Asignaturas Tercero_Primer Cuatri_IS2_Proyecto Rides24_Rides24_IT3.zip_expanded_Rides24] INFO  o.eclipse.m2e.core.internal.Bundles - 	Entry: C:\Users\mikel\.p2\pool\plugins\slf4j.api_2.0.12.jar
2025-09-12 17:33:53,614 [Worker-27: Launching Executing install in C__Users_mikel_OneDrive_Escritorio_UNI_Asignaturas Tercero_Primer Cuatri_IS2_Proyecto Rides24_Rides24_IT3.zip_expanded_Rides24] INFO  o.eclipse.m2e.core.internal.Bundles - getClasspathEntries(Bundle=javax.inject_1.0.0.v20220405-0441 [17])
2025-09-12 17:33:53,614 [Worker-27: Launching Executing install in C__Users_mikel_OneDrive_Escritorio_UNI_Asignaturas Tercero_Primer Cuatri_IS2_Proyecto Rides24_Rides24_IT3.zip_expanded_Rides24] INFO  o.eclipse.m2e.core.internal.Bundles - 	Entry: C:\Users\mikel\.p2\pool\plugins\javax.inject_1.0.0.v20220405-0441.jar
2025-09-12 17:33:53,614 [Worker-27: Launching Executing install in C__Users_mikel_OneDrive_Escritorio_UNI_Asignaturas Tercero_Primer Cuatri_IS2_Proyecto Rides24_Rides24_IT3.zip_expanded_Rides24] INFO  o.eclipse.m2e.core.internal.Bundles - getClasspathEntries(Bundle=javax.annotation_1.3.5.v20200909-1856 [15])
2025-09-12 17:33:53,615 [Worker-27: Launching Executing install in C__Users_mikel_OneDrive_Escritorio_UNI_Asignaturas Tercero_Primer Cuatri_IS2_Proyecto Rides24_Rides24_IT3.zip_expanded_Rides24] INFO  o.eclipse.m2e.core.internal.Bundles - 	Entry: C:\Users\mikel\.p2\pool\plugins\javax.annotation_1.3.5.v20200909-1856.jar
2025-09-12 17:33:53,615 [Worker-27: Launching Executing install in C__Users_mikel_OneDrive_Escritorio_UNI_Asignaturas Tercero_Primer Cuatri_IS2_Proyecto Rides24_Rides24_IT3.zip_expanded_Rides24] INFO  o.eclipse.m2e.core.internal.Bundles - getClasspathEntries(Bundle=org.apache.commons.cli_1.6.0 [648])
2025-09-12 17:33:53,615 [Worker-27: Launching Executing install in C__Users_mikel_OneDrive_Escritorio_UNI_Asignaturas Tercero_Primer Cuatri_IS2_Proyecto Rides24_Rides24_IT3.zip_expanded_Rides24] INFO  o.eclipse.m2e.core.internal.Bundles - 	Entry: C:\Users\mikel\.p2\pool\plugins\org.apache.commons.cli_1.6.0.jar
2025-09-12 17:33:53,615 [Worker-27: Launching Executing install in C__Users_mikel_OneDrive_Escritorio_UNI_Asignaturas Tercero_Primer Cuatri_IS2_Proyecto Rides24_Rides24_IT3.zip_expanded_Rides24] INFO  o.eclipse.m2e.core.internal.Bundles - getClasspathEntries(Bundle=org.apache.commons.commons-codec_1.16.0 [559])
2025-09-12 17:33:53,615 [Worker-27: Launching Executing install in C__Users_mikel_OneDrive_Escritorio_UNI_Asignaturas Tercero_Primer Cuatri_IS2_Proyecto Rides24_Rides24_IT3.zip_expanded_Rides24] INFO  o.eclipse.m2e.core.internal.Bundles - 	Entry: C:\Users\mikel\.p2\pool\plugins\org.apache.commons.commons-codec_1.16.0.jar
2025-09-12 17:33:53,615 [Worker-27: Launching Executing install in C__Users_mikel_OneDrive_Escritorio_UNI_Asignaturas Tercero_Primer Cuatri_IS2_Proyecto Rides24_Rides24_IT3.zip_expanded_Rides24] INFO  o.eclipse.m2e.core.internal.Bundles - getClasspathEntries(Bundle=org.apache.commons.lang3_3.14.0 [598])
2025-09-12 17:33:53,615 [Worker-27: Launching Executing install in C__Users_mikel_OneDrive_Escritorio_UNI_Asignaturas Tercero_Primer Cuatri_IS2_Proyecto Rides24_Rides24_IT3.zip_expanded_Rides24] INFO  o.eclipse.m2e.core.internal.Bundles - 	Entry: C:\Users\mikel\.p2\pool\plugins\org.apache.commons.lang3_3.14.0.jar
2025-09-12 17:33:53,615 [Worker-27: Launching Executing install in C__Users_mikel_OneDrive_Escritorio_UNI_Asignaturas Tercero_Primer Cuatri_IS2_Proyecto Rides24_Rides24_IT3.zip_expanded_Rides24] INFO  o.eclipse.m2e.core.internal.Bundles - getClasspathEntries(Bundle=com.google.guava.failureaccess_1.0.2 [553])
2025-09-12 17:33:53,615 [Worker-27: Launching Executing install in C__Users_mikel_OneDrive_Escritorio_UNI_Asignaturas Tercero_Primer Cuatri_IS2_Proyecto Rides24_Rides24_IT3.zip_expanded_Rides24] INFO  o.eclipse.m2e.core.internal.Bundles - 	Entry: C:\Users\mikel\.p2\pool\plugins\com.google.guava.failureaccess_1.0.2.jar
2025-09-12 17:33:53,618 [Worker-27: Launching Executing install in C__Users_mikel_OneDrive_Escritorio_UNI_Asignaturas Tercero_Primer Cuatri_IS2_Proyecto Rides24_Rides24_IT3.zip_expanded_Rides24] INFO  o.e.m.i.launch.MavenLaunchDelegate - Run build in "C:\Users\mikel\OneDrive\Escritorio\UNI\Asignaturas Tercero\Primer Cuatri\IS2\Proyecto Rides24\Rides24_IT3.zip_expanded\Rides24":
2025-09-12 17:33:53,621 [Worker-27: Launching Executing install in C__Users_mikel_OneDrive_Escritorio_UNI_Asignaturas Tercero_Primer Cuatri_IS2_Proyecto Rides24_Rides24_IT3.zip_expanded_Rides24] INFO  o.e.m.i.launch.MavenLaunchDelegate -  mvn  -B -Dstyle.color=always install
2025-09-12 17:34:44,245 [Worker-9: Updating Maven Project] INFO  o.e.m.c.i.p.ProjectConfigurationManager - Update started
2025-09-12 17:34:44,736 [Worker-9: Updating Maven Project] INFO  o.e.m.c.i.l.LifecycleMappingFactory - Using org.eclipse.m2e.jdt.JarLifecycleMapping lifecycle mapping for MavenProject: Rides24:Rides24:0.0.1-SNAPSHOT @ C:\Users\mikel\OneDrive\Escritorio\UNI\Asignaturas Tercero\Primer Cuatri\IS2\Proyecto Rides24\Rides24_IT3.zip_expanded\Rides24\pom.xml.
2025-09-12 17:34:45,286 [Worker-9: Updating Maven Project] INFO  o.e.m.j.i.AbstractJavaProjectConfigurator - Adding source folder /Rides24/src/main/java
2025-09-12 17:34:45,289 [Worker-9: Updating Maven Project] INFO  o.e.m.j.i.AbstractJavaProjectConfigurator - Adding resource folder /Rides24/src/main/resources
2025-09-12 17:34:45,291 [Worker-9: Updating Maven Project] INFO  o.e.m.j.i.AbstractJavaProjectConfigurator - Adding source folder /Rides24/src/test/java
2025-09-12 17:34:45,293 [Worker-9: Updating Maven Project] INFO  o.e.m.j.i.AbstractJavaProjectConfigurator - Adding resource folder /Rides24/src/test/resources
2025-09-12 17:34:45,625 [Worker-9: Updating Maven Project] INFO  o.e.m.c.i.p.ProjectConfigurationManager - Update completed for 1 poms: local refresh takes 0,00 sec, refresh facades takes 0,00 sec, update config takes 0,00 sec 
2025-09-12 17:34:46,719 [Worker-28: Building] WARN  o.a.m.s.f.DefaultMavenResourcesFiltering - Using platform encoding (Cp1252 actually) to copy filtered resources, i.e. build is platform dependent!
2025-09-12 17:34:46,726 [Worker-28: Building] INFO  o.a.m.s.f.DefaultMavenResourcesFiltering - Copying 40 resources from src\main\resources to target\classes
2025-09-12 17:34:46,801 [Worker-28: Building] WARN  o.a.m.s.f.DefaultMavenResourcesFiltering - Using platform encoding (Cp1252 actually) to copy filtered resources, i.e. build is platform dependent!
2025-09-12 17:34:46,802 [Worker-28: Building] INFO  o.a.m.s.f.DefaultMavenResourcesFiltering - skip non existing resourceDirectory C:\Users\mikel\OneDrive\Escritorio\UNI\Asignaturas Tercero\Primer Cuatri\IS2\Proyecto Rides24\Rides24_IT3.zip_expanded\Rides24\src\test\resources
